<?xml version="1.0" encoding="UTF-8"?>
<robot generator="Robot 6.0.1 (Python 3.9.13 on win32)" generated="20221119 17:01:41.264" rpa="false" schemaversion="3">
<suite id="s1" name="Tests" source="C:\Appium\yodapp-robot\tests">
<suite id="s1-s1" name="Buttons" source="C:\Appium\yodapp-robot\tests\buttons.robot">
<test id="s1-s1-t1" name="Deve realizar clique simples" line="10">
<kw name="Open Page" library="base" type="SETUP">
<arg>Clique em Botões</arg>
<kw name="Open Session" library="base">
<kw name="Set Appium Timeout" library="AppiumLibrary">
<arg>30</arg>
<doc>Sets the timeout in seconds used by various keywords.</doc>
<status status="PASS" starttime="20221119 17:01:41.519" endtime="20221119 17:01:41.519"/>
</kw>
<kw name="Open Application" library="AppiumLibrary">
<arg>http://localhost:4723/wd/hub</arg>
<arg>alias=yodapp</arg>
<arg>automationName=UIAutomator2</arg>
<arg>platformName=Android</arg>
<arg>deviceName=Pixel 3</arg>
<arg>app=${EXECDIR}/app/yodapp.apk</arg>
<arg>udid=emulator-5554</arg>
<arg>appPackage=com.qaxperience.android.yodapp</arg>
<arg>autoGrantPermissions=true</arg>
<doc>Opens a new application to given Appium server.
Capabilities of appium server, Android and iOS,
Please check https://github.com/appium/appium/blob/master/docs/en/writing-running-appium/server-args.md
| *Option*            | *Man.* | *Description*     |
| remote_url          | Yes    | Appium server url |
| alias               | no     | alias             |
| strict_ssl          | No     | allows you to send commands to an invalid certificate host like a self-signed one. |</doc>
<status status="PASS" starttime="20221119 17:01:41.519" endtime="20221119 17:01:51.202"/>
</kw>
<status status="PASS" starttime="20221119 17:01:41.519" endtime="20221119 17:01:51.202"/>
</kw>
<kw name="Open Lateral Menu Item" library="steps">
<arg>${page}</arg>
<kw name="Get Started" library="steps">
<kw name="Set Variable" library="BuiltIn">
<var>${start_button}</var>
<arg>xpath=//android.widget.Button[contains(@text, "QAX")]</arg>
<doc>Returns the given values which can then be assigned to a variables.</doc>
<msg timestamp="20221119 17:01:51.204" level="INFO">${start_button} = xpath=//android.widget.Button[contains(@text, "QAX")]</msg>
<status status="PASS" starttime="20221119 17:01:51.204" endtime="20221119 17:01:51.204"/>
</kw>
<kw name="Wait Until Element Is Visible" library="AppiumLibrary">
<arg>${start_button}</arg>
<doc>Waits until element specified with `locator` is visible.</doc>
<msg timestamp="20221119 17:01:55.499" level="INFO">xpath criteria: //android.widget.Button[contains(@text, "QAX")]
xpath criteria: //android.widget.Button[contains(@text, "QAX")]
xpath criteria: //android.widget.Button[contains(@text, "QAX")]
xpath criteria: //android.widget.Button[contains(@text, "QAX")]
xpath criteria: //android.widget.Button[contains(@text, "QAX")]
xpath criteria: //android.widget.Button[contains(@text, "QAX")]
xpath criteria: //android.widget.Button[contains(@text, "QAX")]
xpath criteria: //android.widget.Button[contains(@text, "QAX")]
xpath criteria: //android.widget.Button[contains(@text, "QAX")]
xpath criteria: //android.widget.Button[contains(@text, "QAX")]
xpath criteria: //android.widget.Button[contains(@text, "QAX")]
xpath criteria: //android.widget.Button[contains(@text, "QAX")]
xpath criteria: //android.widget.Button[contains(@text, "QAX")]</msg>
<status status="PASS" starttime="20221119 17:01:51.205" endtime="20221119 17:01:55.499"/>
</kw>
<kw name="Click Element" library="AppiumLibrary">
<arg>${start_button}</arg>
<doc>Click element identified by `locator`.</doc>
<msg timestamp="20221119 17:01:55.505" level="INFO">Clicking element 'xpath=//android.widget.Button[contains(@text, "QAX")]'.</msg>
<msg timestamp="20221119 17:01:56.899" level="INFO">xpath criteria: //android.widget.Button[contains(@text, "QAX")]</msg>
<status status="PASS" starttime="20221119 17:01:55.500" endtime="20221119 17:01:56.899"/>
</kw>
<status status="PASS" starttime="20221119 17:01:51.203" endtime="20221119 17:01:56.899"/>
</kw>
<kw name="Open Navigation" library="steps">
<arg>${item}</arg>
<kw name="Set Variable" library="BuiltIn">
<var>${hamburguer}</var>
<arg>xpath=//android.widget.ImageButton[@content-desc="Open navigation drawer"]</arg>
<doc>Returns the given values which can then be assigned to a variables.</doc>
<msg timestamp="20221119 17:01:56.901" level="INFO">${hamburguer} = xpath=//android.widget.ImageButton[@content-desc="Open navigation drawer"]</msg>
<status status="PASS" starttime="20221119 17:01:56.901" endtime="20221119 17:01:56.901"/>
</kw>
<kw name="Wait Until Element Is Visible" library="AppiumLibrary">
<arg>${hamburguer}</arg>
<doc>Waits until element specified with `locator` is visible.</doc>
<msg timestamp="20221119 17:01:57.011" level="INFO">xpath criteria: //android.widget.ImageButton[@content-desc="Open navigation drawer"]</msg>
<status status="PASS" starttime="20221119 17:01:56.901" endtime="20221119 17:01:57.011"/>
</kw>
<kw name="Click Element" library="AppiumLibrary">
<arg>${hamburguer}</arg>
<doc>Click element identified by `locator`.</doc>
<msg timestamp="20221119 17:01:57.015" level="INFO">Clicking element 'xpath=//android.widget.ImageButton[@content-desc="Open navigation drawer"]'.</msg>
<msg timestamp="20221119 17:01:57.132" level="INFO">xpath criteria: //android.widget.ImageButton[@content-desc="Open navigation drawer"]</msg>
<status status="PASS" starttime="20221119 17:01:57.011" endtime="20221119 17:01:57.132"/>
</kw>
<kw name="Wait Until Page Contains" library="AppiumLibrary">
<arg>text=${item}</arg>
<doc>Waits until `text` appears on current page.</doc>
<status status="PASS" starttime="20221119 17:01:57.133" endtime="20221119 17:01:57.597"/>
</kw>
<status status="PASS" starttime="20221119 17:01:56.900" endtime="20221119 17:01:57.597"/>
</kw>
<kw name="Tap Item Navigation" library="steps">
<arg>${item}</arg>
<kw name="Click Element" library="AppiumLibrary">
<arg>xpath=//android.widget.TextView[contains(@text, "${item}")]</arg>
<doc>Click element identified by `locator`.</doc>
<msg timestamp="20221119 17:01:57.602" level="INFO">Clicking element 'xpath=//android.widget.TextView[contains(@text, "Clique em Botões")]'.</msg>
<msg timestamp="20221119 17:01:58.149" level="INFO">xpath criteria: //android.widget.TextView[contains(@text, "Clique em Botões")]</msg>
<status status="PASS" starttime="20221119 17:01:57.599" endtime="20221119 17:01:58.149"/>
</kw>
<kw name="Wait Until Element Is Visible" library="AppiumLibrary">
<arg>id=com.qaxperience.android.yodapp:id/toolbarTitle</arg>
<doc>Waits until element specified with `locator` is visible.</doc>
<msg timestamp="20221119 17:01:59.088" level="INFO">criteria is com.qaxperience.android.yodapp:id/toolbarTitle</msg>
<status status="PASS" starttime="20221119 17:01:58.149" endtime="20221119 17:01:59.088"/>
</kw>
<status status="PASS" starttime="20221119 17:01:57.598" endtime="20221119 17:01:59.089"/>
</kw>
<status status="PASS" starttime="20221119 17:01:51.203" endtime="20221119 17:01:59.089"/>
</kw>
<status status="PASS" starttime="20221119 17:01:41.518" endtime="20221119 17:01:59.089"/>
</kw>
<kw name="Select Screen Option" library="steps">
<arg>CLIQUE SIMPLES</arg>
<arg>Botão clique simples</arg>
<kw name="Click Text" library="AppiumLibrary">
<arg>${item}</arg>
<doc>Click text identified by ``text``.</doc>
<msg timestamp="20221119 17:01:59.185" level="INFO">xpath criteria: //*[contains(@text,"CLIQUE SIMPLES")]</msg>
<status status="PASS" starttime="20221119 17:01:59.091" endtime="20221119 17:01:59.185"/>
</kw>
<kw name="Wait Until Page Contains" library="AppiumLibrary">
<arg>text=${checkpoint}</arg>
<doc>Waits until `text` appears on current page.</doc>
<status status="PASS" starttime="20221119 17:01:59.185" endtime="20221119 17:02:00.318"/>
</kw>
<status status="PASS" starttime="20221119 17:01:59.090" endtime="20221119 17:02:00.318"/>
</kw>
<kw name="Click Element" library="AppiumLibrary">
<arg>id=com.qaxperience.android.yodapp:id/short_click</arg>
<doc>Click element identified by `locator`.</doc>
<msg timestamp="20221119 17:02:00.322" level="INFO">Clicking element 'id=com.qaxperience.android.yodapp:id/short_click'.</msg>
<msg timestamp="20221119 17:02:01.010" level="INFO">criteria is com.qaxperience.android.yodapp:id/short_click</msg>
<status status="PASS" starttime="20221119 17:02:00.319" endtime="20221119 17:02:01.010"/>
</kw>
<kw name="Wait Until Page Contains" library="AppiumLibrary">
<arg>Isso é um clique simples</arg>
<doc>Waits until `text` appears on current page.</doc>
<status status="PASS" starttime="20221119 17:02:01.011" endtime="20221119 17:02:01.042"/>
</kw>
<kw name="Finish Session" library="base" type="TEARDOWN">
<kw name="Capture Page Screenshot" library="AppiumLibrary">
<doc>Takes a screenshot of the current page and embeds it into the log.</doc>
<msg timestamp="20221119 17:02:01.287" level="INFO" html="true">&lt;/td&gt;&lt;/tr&gt;&lt;tr&gt;&lt;td colspan="3"&gt;&lt;img src="data:image/png;base64, iVBORw0KGgoAAAANSUhEUgAABDgAAAhwCAYAAADIu476AAAAAXNSR0IArs4c6QAAAARzQklUCAgI
CHwIZIgAACAASURBVHic7N13fFRloj7w50xLm5RJ771QQmhJAOkgiIKogAUbulzXerfqurbFtbC7
XlddXQX3Z1lXXeyggIUqvYYWICSQAum9l0lm5vz+CBlykpnJTDKZFJ7v/XB3zpn3vOc9nDHkPPMW
Yf6/54sgIiIiIiIiIhrCZAPdACIiIiIiIiKivmLAQURERERERERDHgMOIiIiIiIiIhryGHAQERER
ERER0ZDHgIOIiIiIiIiIhjwGHEREREREREQ05DHgICIiIiIiIqIhjwEHEREREREREQ15DDiIiIiI
iIiIaMhjwEFEREREREREQx4DDiIiIiIiIiIa8hhwEBEREREREdGQpxjoBhANVwIEBLkHYdnoZZgQ
PAGB6sDObwJi+0u9qMfFmovYkbMDWy9sRZ22DmLHm8OIAGFYXhcREREREQ0Owvx/z+cTB5GdCBCg
kqvw2OTHMCtqFpRyJQQIVh8viiIa2xrx8YmP8W3Gt0M+EBAgwFnhjHCvcAS5ByGrIgvlTeVo07cN
dNOIiIiIiGiYYcBBDueicIFCrjD54G8QDdDqtUPyAVgmyPDi3BcxMXgiIMCmYKMrESIgAjd8fAMM
osGOrXQcdyd3JPonYl7MPCQGJsJN6YbyxnLsz9+PPXl7cL7yPHQG3UA3k4iIiOiqpVapEamJhLeL
N7ycvaBWqdHQ2oCalhpUNVchrzoPDa0NA91MuwtQB6C0odQh55ofOx/+bv4Wy3xy8hOHtOVqwCEq
5FByQY6lo5ciMSARKrmq2/v12npsztqMI4VHIIpDJ3sbEzAGr1z3CmSCfaa1EdoTElwXex1+OP+D
Xep0BJkgQ4A6AOODxmNaxDSM8hsFF6WL8f0g9yAsGbUEMyJm4ETJCezO243M8kzUamsHsNX2k+Cb
gDcXvmnzcaIo4lDBIazevRpanbYfWkZEREQExPnEYXzQeIwNGosYTQw0Lpoej6lurkZ2dTZOFp/E
seJjuFB5wQEt7T+LRyxGsEcw1h5e65DzzYudh6SAJItlGHDYDwMOcqho72hMi5iGKE2U2TJljWXI
q85DWWOZA1vWOwIE/HrKr7EgfkGfemyYc//E+/Hj+R8hQkSwezCK6ovsfg57UavUWDp6KWZFzUKQ
OgiCYPrvQ4AAPzc/zIuZh9lRs5FZkYmN5zZi76W9Q7LnTodR/qPw+vWv9+pYQRAwOWwyvrvrOyz7
bBnqtfV2bh0RERFdrQLVgZgfOx/zYubBX225J4EpGhcNkl2SkRycjJVYibKGMmzN3ootF7agpKGk
H1rcfxaPWIxHJz2K9RnrB7op1E8YcJBDebt4QylXWizj7uQON5Ub0OigRvWSAAHv3PgOor2j++0c
7ip34+uFCQtR0VSB9WcHzw9kQRAw2m805kTPwcSQifB19YVCZv2PFYVMgdH+oxHtHY0lo5Zgf/5+
bM/ZjvKG8iE1/8iYgDF4dcGrdqnrs9s+w8KPF9qlLiIiIrp6xfvE486xd2JK2BS71uuv9sddY+/C
XWPvwoH8A/jvyf8iqzLLrufoDx3hBg1vDDgcRCFTIFAdCJ1BZ9ek00nhhAC3ALTqW1HRVDHo5zTw
dvGGStZ9aEpn7k7ucFW6OqhFvdMRbkR5m++JYpfzCAJG+I1ARnkGMisy8fTMp6E36PHdue/69bw9
tclF4YJY71jcMuoWjA8eD2eFc596sLgoXBDvG49Yn1jcPPJm/HD+B2zP3o6ShhLo9LpBHXbE+8Tb
LdwAYFNARERERNRVvE887ptwX/u8cP1sStgUTAmbgqNFR/HRsY8GbdDhiHAjxjsGD6U8hKRAy8NR
TPlpxU+S7VMlp7D2yFpkV2Xbq3lXjWH9m/Tj0x5HlJftD6BpRWn44NgHfT5/kHsQbh19K5ICkxDi
EWKcn0Fn0CG/Nh/Hio/hy9Nforq52qZ658fOx4zIGYj1joWXi5fxwVIv6lFcV4wzZWfw7blvB+V/
EMEewXBWOlss4+PiAy9nLwe1qHd+fc2v+7XnRgcBAiYGT0RGeQYqmyohQMAjqY/gfOV5ZJRn9Pv5
u/Jw8kBKaAruSLwDge6BJudR6QuZIIOXsxfuGHMHFicsxpmyM1iXvg45VTlo0bXY9Vz2EOcTh7cW
vSXZd91H1xlfd/xj1XnfQ6kP4ZaRt0j2jfQbiTdueKOfW0tERETD3Wj/0XhqxlPwc/Nz6HmTg5MR
4RmBv+z+C86UnXHouXviqJ4bD6U+1ONcG9ZKCkzCQykP4YmfnrBLfVeTYR1wjPQbiVCPUJuPs8c8
B0tGLcE94+4x2RNBIVMgShOFKE0U5sXMw7tH3sW27G091hnuGY4npj+BeJ94k+/LBTlCPUMR6hmK
uTFz8c3Zb/B+2vt9vhZbzI6aDTeVG44VHUNJQ4lkBZBY71jEesfCWdFDwOHqgwTfBJyvPC+Zh8NF
6YIYTQyC3IOQW5M7YBMcjQkYgwVxCxx2vmhNtHH5WaC9B8Xfr/87bvn0Fmj1jpuQ0kXhgj/N/hMS
/RPNzq9hLwIEuKnckBqairGBY7E1eyvWHF4zqHooxfrE4p+L/jnQzSAiIiICACwbvQwrJ66026T3
tvJz88OrC17Fe2nv4eszXw9IG7py5LAUe4Ubxvp60ROEhnnA4enkOSDnvXfcvbhz7J2SLvtavRaV
TZWQC3L4uPoYu6F7OHngd1N/ByeFEzZnbjZbZ7hXOP4676/wcfWR7G9obUCdtg5KmRI+rj7GH2gK
mQK3Jd4GN6Ub3jxo+6oOthIgIFITiccmPwalTAmdQYe0ojTsztuN02WnsXRU++STGhcN5DK5xbrc
ndxxy6hbMC5oHDZkbMCFqgtIDk7G1IipiNZEQybIcKzoGNYcXuPwiUjlghyvXPdKv0woao7GRdM+
yahHsKQdaxavwcr1Kx02fEMhVyDMM6zfw42unBROiPeNH7B/rE2J943HWwvf6rkgERERUT9TyVV4
fNrjmBk5c6CbApkgwy+Tf4kE3wS8uvdVtOpbB6wtnHPj6jRsAw4nhRPUKrVx+1TpKZQ3lFt17LmK
c70+78Tgibgj6Q7jA3CrvhXrz67H12e/Rm1L+1KY/m7+uDXxVixMWAi5IIdckOMXE36B9JJ0XKq9
ZLLeJ6Y9IQk3zpSdwbpT63Ck8IhxX6A6EHck3YEFcVdW9Lgh4QYcLz6OPRf39PqarCGXybFi/Aq4
Kd0gCAKc4IQpYVMwIXgCdAYdXBQuUMlVVj0cd/RWiPWJxWOTHoNO1EElU0EpVxqDoXjfeMyOno3P
0z/v1+vq2q4Xrn3B4Q/aHfNbjAkYI9kf7BGMIPegQb2yynDEcIOIiIgGCw8nD6yetxpxPnED3RSJ
mZEzoXHR4KWdL6FWW+vw8zPcuHoN24AjzEP6TfPGcxuxO293v5/31sRbIRfaeyiIEPHO4XfwQ9YP
kjJljWV4+9DbqGmpwb3j7gXQvsTmstHL8Nr+17rVuXjEYsmwlCOFR/D8jue7ddcvaSjBG/vfQF1L
HW4fczuA9ofyJaOW9GvAIRfkmBA8ARODJ0r+zpVyZY8rpvRUr5vKzeR73i7eSA5ORlpRmsOGqqjk
KkwM6v/JmrpqM7QvnRrrHSvZL0DAW4vewrJ1ywb1JJzDSbR3NMMNIiIiGjSem/3coAs3OiQFJOHZ
2c/iiR8dO48Ew42r27ANOLqu8VxcX9zv5/R19ZV8y55ekt4t3Ojs05OfYmbkTER4RQAAUkNToZAp
ugUX18Zca3zd1NaEN/a/YXEugg+OfYDpkdMR7N4+pCHOJw4eTh6o09b16rosESDAw9kD94671+4T
TloiE2SI9o7GdbHXIb82H1pd/89F8djkx2BqZIoIEaIoorKpEgV1BcitzkV1czV0Bh00LhrE+8TD
x9UHAeoAKGVKQIBNQ1w6ev4EqAO6veemdEOYVxgu1Zju+UP2E6WJwpob1wx0M4iIiIiM1h5ei9dv
eB1OcqeBbko3Wr0Waw+vdeg5lyctx33j73PoOWlwGbYBh6+rr/G1QTSYHfphT5PCJkmWeLSm18SB
/APGgEPjosGYgDE4Xnzc+L5apUa05spqHceKjqGiqaLHeo8VHUNwQnvAoZQrEeYZ1i8zGivlSsyN
nosoTf8ul2qKm9INif6JmBg8Efsv7e/XcwmCgNlRs43BREePiW3Z2/CfE/9BRWP7PRnpNxJ3jLkD
CxMWGpfD/fbct/jj1j8CIqBSqDA/Zj5+mfJLKOVKq4KOS7WX4OHkYbI3jCAI+PXkX+P3P/7eXpdq
F5VNlThUcAiiKGJC8AQEqAMG1RwavbF2sXX/QN819i6L+0b4jui2z8/VsTOdExER0fCQXZWNV/e+
imdmPjPQTenm1b2vOnRVx3vG3YO7x97tsPPR4DRsAw5vV2/j63ptvV2+4X9s8mO4Nvpa6Aw6fH32
a6w7tU7yfox3jGT7YP7BHus8Xnwcd4y5w7gd5xMnCTgivCIkD7Z5NXlWtbXjgbuDqdVc+kqAAA8n
DyxMWCgJdqxRWFeI48XHcan2Elr1rXBXuWOE3wgk+ifC09m6yWEFQUCwRzCmhU9DWlFav/biCFQH
QiFXQISIlrYW/N++/2sPVURA7aTGUzOewtSIqZAJMkloIYoi1p1aB1FsD0S0Oi02Zm7ExsyNCFQH
4pmZzyDON85s0CFCxPGi47h51M1my4zwGwGZIJOsWDOQdAYd3kt7DztydgAAPJ09cVfSXZgROQOe
zp5DPujoScews97sIyIiIrLV7rzdiPOJw22Jtw10U4y+OP2FQ6YH6MBwgzoM24BD46wxvq5pqelz
faP9R2NRwiLjQ+bdY+/G5szNkmEf/m5XhsXUa+utWuHjfOV5iKJonLsizDNM8n69th5fnP7CuN05
/LBE7aSWbJc3WjfBqk2E9slFbekSp9VrsSt3F7bnbEdBbQFadC0wiAbIZXLsubgHo/1HY/GIxUjw
TbCqPpkgg1KuhAz9+9B86+hbARF45/A72HhuI0SIECBg1ZxVmBw22Wz4YIDB7MRKJQ0l+NXmXyHQ
PRDv3fye6ZBIbL/nf5zxR7Ntkwty+Lr6OnxFGXMMogGFdYXG7dqWWqw5sgabszZjQdwCzIicAR8X
H4evxkJEREQ0XH2Q9gGiNFFICUkZ6KbgSOERfJD2gcPOx3CDOhu2AUfnXgDVzdXG104KJwSpgwAA
RfVFVi9dpFapJQ+xCpkCrkpXScDReVna+tZ6q+ptbG1EY1ujccUXN6V0Us1LtZfwftr7VtXVWaRX
pPF1dXO11T0/bCGKImqaa/D6/tdxZ9KdGOU/qsdjduXuwrcZ3yKvJq/bPCL12nrUttSiVd+KJaOW
YKTfSIt11WnrcODSAXyX+R20+v6dgyPBLwFLP1uKxtZGAO1DUV5d8CrkMrnFYSZFdUWwNP+nCBHF
9cVY9MkiPDPzGUyLmCapr1Xfinjf+G6BlYQAXBN+DTZkbLD5uvpL10lPRVHExZqLeO/oe9idtxvz
YuchNSQVvq6+DDqIiIiI+kiEiNW7VuOthW8h1DN0wNpRUFuA1btWO2wCfIYb1NWwDTi8nL2Mrxta
G3Df+PswKXQSwjzDjEM+RIgorC3E8ZLj+OzUZxbntkgrSkNGeYbxoXvvxb0oaSiRlHFWOBtf2zJc
onPI4qJ0sfo4cwLUAUgKTDJupxWl9blOc7R6LY4XH0d1SzWWjFyCOdFzzD6wFtYVYnvOdpPhRoem
tiYcLTyKUI9QBLkHSe5jZ6UNpfjpwk/YkbMDpQ2l/T4849GN7TMxCxCwYvwKyVLAlmSUZ1j1A14U
Rbz888uYGzMXj0973Fj3j+d/xPNznrd4LgECUkJSBlXAYY5e1COjPAPnK8/jB80PWJiwELOjZkv+
2yEiIiIi2zW1NWHVjlV4c+GbZlci7E+NrY1YtWMVmtqaHHI+hhtkyrANODr34JgaMdXkA6IAAaGe
oQj1DMWsyFl4+9Db2Jm702R9OoMOj//4OMYGjoVWr8Xp0tPdyshlcuNrvUFvdVvb9G3G1/Z40Lt/
wv3GFU3a9G1Yf3Z9n+u0RGfQIbsyG5+e+hTOCmdMDp9sXCq3s+PFx1FQW2BxBRig/YdzRnkGxgeP
NxlwlDeWY1v2NvyQ9QOqmqvsdh09ESDghbkvICU0xepVUDIrMq2uX4SIbdnbUNtSixfnvggAOFV6
CotHLu7x2K5Dm/pDxzwi9qAz6HC+8jzePfIuduTswIK4Bbgm/Bq4KMwHfFwKl4iIiMiygroCrN69
Gi/NfcmhvWRFUcTq3atRUFfgkPMx3CBzhu1sfx5OHsbX1jyMuju54/dTf49ZUbPMltEZdEgrSjMZ
bgCwy+SJff1BNDdmruQafrrwEy5UXehrs3okQkRhXSHyavLMPghfqr2EFl2LVfVVNFWgqsl0eNHQ
2oCLNRcdHm48P+d5m8INAFateNPVkcIjWL17NbIqs/DMzGesOp+5ni72pNVr7RpyAEBzWzNOlZzC
a/tew8fHPzZbTm/Q2xQaEhEREV2tjhYexbtH33XoOd89+i6OFh51yLkYbpAlw7IHh5PCSdItSxRF
HCw4iF15u3Cx5iIaWxsR4hGC1NBUzI+ZbyyrlCvxUMpDOF16ulcPpgMt1jsWj6Q+Ynwgzq/Nx7+O
/suhbdCL5h9CW/WtVg8l0Rl0Zh9oRVF0+Iohi0cuxqSwSTaFG4BtQ5U625O3B49Neszq0MwRK5Po
9Dqr56yxuW6DDqdKT0km3O0gQkRja+OgWSWGiIiIaLBbf3Y9wjzDsDB+Yb+fa3PW5n7vMd6B4Qb1
ZFgGHHqDHn/Z9RckBSYhxjsG3577FjtzpENPShtKcazoGLZc2IIX5rwAPzc/AIDGRYOlo5fi3SOO
TT37ytvFG0/NfMo4WWmrvhX/PPTPfl061RRLK6q4q9wlw3gscVY4w0lhui65TC5ZOtcRHk552OZw
A+jd8rwdQ2GsXS4XQL8FD13VttQiQB1g1zoVMgUC3QOxbPQykz2YDKLBYd0diYiIiIaLtw++jQiv
CCT6J/bbOU6XncbbB9/ut/o7Y7hB1hiWQ1R0Bh125e3CWwffwm++/023cKOznKoc/OPAPyTfDk+P
mO6IZtqNk8IJf5r9J4R6tM+YLELE+2nv40TxCYe1QRAETA6bjJSQFJPzbwDACL8RxgCmJyEeIQh0
DzT5no+rD1JDUhHvG9/r9jpKsEewTeUFCHhy+pNICbVtia/K5kqbyvdWeZP9lhsWIMDX1RdLRy/F
2hvXmh0eZjAYkF2VbbfzEhEREV0N9KIeL+x4AeWN9vv9rbPyxnK8sOMFiz247YXhBllrWAYctjpS
eEQyr4afm59kmVVr2WMSxN50w39m5jOSJVW/y/jOYStqCBDgqnTFwviFuCvpLkR5R5mdRyTRPxGj
/Uf32KshQB2AcUHjEOIeYvJ9tUqN5JBk3Dr6VqSGpjqkN4cBvRseMdp/tNVlBQh4/YbXMSt6ls29
RbIr+z8AECGioLagz59zAQJCPUJx+5jb8eLcF7Fi/AqL97BV34ozZWf6dE4iIiKiq1GtthardqyC
Vm/fXt1avRardqxCrbbWrvWawnCDbDEsh6j0xvHi45KlVeN84pBXk2dTHZ2Hg1g7FANo76LfwdaJ
FH8/9feYFDrJuL334l68c/gdm+roLQEC1E5q3JZ4G6ZHTEeQe5DF8p7Onlg8YjFa9a04WnjU5BJS
AeoAzI+dj9SQVItL5ro7uSM1NBXeLt7wdvHG9pztktVo7K2gtgARXhE2HxfjHQMBQo+hgJvKDZ/d
9plx9RtbiGifY8YRMsozoNPrehUqCRDg4+qD6RHTMT92PiI1kVbNHVLeVI7KJsf0UCEiIiIabrKr
svHq3lfxzMxn7Fbnq3tfdUgP2xXjV+DOpDv7/Tw0fDDguKywrlCy7eHsYaakeZ1XCLHlQbVz2WZd
s9XH/WLCLzA/dr5x+3jxcfxl91+sPr7PhPY5JubHzrd6FY8E3wQsGbUEoR6hOFt+FhVNFdAb9HBW
OCPEIwTjgsYhNSTVqnkenBXOSPBNQK22Frtyd6EN/Rdw/Jz7M1aMX2HzcX6ufpAJMrNd9xQyBR5J
fQQ3JNzQqzk+AAAicKzoWO+OtVF6aTrqtHXwcfWxWE7WpXOYUq7E4hGLcW30tQjzDLMpIMmuyrb7
tw5EREREV5PdebsR5xOH2xJv63NdX5z+ArvzdtuhVZY9OulRLB6xuN/PQ8MLA47Luk7S2LlXhbUa
WhuMrzsvU2uJk8IJrqorQzbqtfVWHbdk1BLcNubKD6jMiky8+POL0Bl0VrbWDsT2UCenKgcTgidY
fdhIv5EIVAdifNB4VDVXQW/Qw0nhhED3QIS4h1jsudFVU1sTCmoL0Gbov3ADAL7P+h73jrvX9mV8
BSBCE4GcqhzJboVMgfvG34dbRt0CuUze+3AD7ffA2s9NXzW0NmDLhS1YnrTcbBmFTIEZUTOME4NO
DpuMG0fciBhNTK96fmy9sNXuy9MSERERXW0+SPsAUZoopITYNtdbZ0cKj+CDtA/s2CrTGG5Qbw27
gEMlV2FB3ALjdnppOnKrc3s8ruuKFb15YCyuLza+dndyh6+rb4/LzcZ6x0om5SxtKO3xPHOi52Dl
xJXGh+KLNRfx/I7n0djaaHOb+6Jj+c5NWZuQ4JsgWZq3JxoXDTQumj6dX2fQ4WLNRey7tK/fg51a
bS2a2ppsukagfVjGwykP46mtT8FN6YbZ0bOxdPRS+Ln59SnU6CBCxPac7XaZ/8Va23K24aaRN5md
S0UmyLB01FIsHbW0z+fKKM/A8eLjfa6HiIiI6GonQsTqXavx1sK3EOoZavPxBbUFWL1rdb//3slw
g/pi2E0y2qpvxf0T7sejkx7Fo5MelQzhsCRaEy3ZvlRzyeZzdw1SJoVNMlPyis7zfgDAhaoLFssn
hyTjV1N+ZexhUtpQiud3PI+q5iobW2sfeoMeJ4tPYn/+foefu6qpCgfzDzpk/J8oivgs/bNe/UAf
EzgGn9/+OT6/43M8lPoQ/N387RJutDcMeD/tffvUZaXShlKkFaX1+3l0Bh2+OvNVv5+HiIiI6GrR
1NbUPjloi22Tg9a2tE9WamoOPXtiuEF9NewCDgDGrvEAMD5ovFXHTAyZaHxdp63D6bLTFkqbllaU
JulJMCVsSo/HdO4i1qxrtvjgGO8bjz9M/wNcFO1DOKqbq/HnnX9GUX2RzW21FxEiGtsasSFjAyqa
KhzWk0Cr0+JcxTnsvbTXYcNyvjz9JXpzeQIEbMveBlEU7RdsXJZXk4fmNuvnbbEHnV6HT09+2mPv
pL4QIeJc+TmcLDnZb+cgIiIiuhoV1BXgzzv/bPXv0DqDDn/e+WfJM1Z/YLhB9jAsA44jBUeMr6M0
Ubgx4UaL5ZcnLUeox5VuWocLDvfqvKUNpUgvTTduTwyeaDHkmBk5E6P8Rxm3TxSfkKzE0lmwezCe
m/kcPJ3ah9I0tDbg5V0vO6T3Qk9EUURuVW63uRLKGstwuOAwtlzYgryaPJuDiIbWBpwoPoFdebtw
ruIc6rR1xvdKG0qxP3+/VUN67EWEiH8d/Vevjl08YjGe3vq0XQMgURTx2KbHHDo8BWj/e7hYcxGb
Mjf12zmqmqrwXtp7aNA29FyYiIiIiGxypuyM1SsvvnP4HZwpO9Ov7WG4QfYy7ObgAIBNmZtwQ/wN
xjkeHkh+AEq5Et+c/aZb2eVJyyXrKmt1Wqw/u95kvY9NfgzXRl8LnUGHr89+jXWn1nUr89257zA2
cCxkggwyQYbfTv0tlAeV3WYanhU1C/87+X+N3+gbRAM2ZGwweV6Niwar5qyCv9ofQPukkq/seUUS
pgw0g2jA5qzNiPOJg5vKDeWN5cgoz8CJkhMoqS/B5LDJSA1NRVJAEjQuGovLg7bp21BQV4ATxSew
9+JelDSUINo7GqP8RyFGEwNXlSvSS9NxrNAxK4d0tj5jPe4Zd4/Z+SfMkQky3D32bqw9vBYPpTxk
+2SlXYgQseHcBsdOKtuJQTRg64WtSAxIxMSgiX2+ns50Bh02Zm5EVkWWw8MbIiIioqvF5szNiPGO
wcL4hebLZG3G5szN/doOhhtkT8L8f88flk8Qc2Pm4nfX/E6yGkp5Yzmyq7LR2NoIV5UrYr1j4efm
JznuPyf+g09PftqtvtH+o/H36/9uDCR0Bh2Wf7Fc0qugw2+m/AbXx19v3BbR3sOho1tXmGcYIjWR
kuEKGzI2YM3hNSav5dlZz2J6xHTjdpu+DU0628e//XT+p36fryHWOxaezp7Iqc5BTUuNpEdHoDoQ
KyeuREpoinGYjSkVTRXYkLEBW85vQa32yvhAlVyFAHUANM4alDWWoaShpF+vxRwvZy98dttnNj/U
i6KIl3a9BCeFE56Y9kSfhqtUNFXg7q/uHvDVRUI9Q7Fq9iqEe4bbpT6DaMDPuT/j7UNvS1YlGgx+
WvGTw8513UfXOexcREREdPWSC3K8suAVJPondnvvdNlp/OHHP0Av6vvt/AMVbqzPWI+1h9fatc7+
+F2RvxPablj24ACA7dnbIUDAgykPGpds9XPz6xZodBAh4svTX5oMNwBArVJLHkgVMgVcla4mA443
DrwBCMCCuAUQLv9ftHc0or2ju5UVIWJDxgaL/4F1XeFFKVfCU+5pprR5zgpnm4+xlaVJUksaSpBX
k4cxAWMsBhyVTZW4WHNREm4A7RPI5tfmI782327t7Y2alhq8+POLeG72czaFFIIg4JmZz+DOL+/E
iq9X4KMlH/Wq54POoMMvv/3lgIcbAFBYV4g1h9fgt9f8Fv5u/n2u71jxMbyf9v6gCzeIiIiIhiO9
qMcLO17A2ze+LXlOKm8sxws7XhiW4QYNb8NyDo4O27K34X83/S9+yPqh28NyhzZ9G9JL0/Hctucs
9m5IK0pDRnmGcbtj6IQ5b+x/Ay///DIyKzJN/mDQi3pklGdg1fZVdk8PB7OS+hJo9abnGelQmFFH
vwAAIABJREFU3Vxt88zOjrbv0j58cuITm4dQyAQZ1t26DhWNFbj+4+vbh2HYEFQYRANWfL3C4UsC
myOKIo4VHcNr+15DcX1xr4eUGEQDDuQfwOv7Xu/XyUuJiIiISKpW275CSsfv6Fq9tn2lFTPPT/bA
cIP6y7AdomJKUmASIr0i4aZ0Q5OuCdXN1ThRfMJkLwxTFDIFxgaOhVavxelS61dZCVAHIDEgERpn
DUSIqG6uxqmSU1flg9z4oPF4ZNIjFoc0bM3eis/TPx/wnhrWWJ60HCvGrbC5J4ZBNODur+5GZVMl
ojRReHbmswjxCLFYj86gw4qvV6CyqXLQzU0hQECIRwienP4k4n3jbTq2Td+G3Rd3Y83hNajX1vdT
C/vOUUNULlRdwKMbH3XIuYiIiIg6zIyciadnPo3Vu1ZjV96ufjvPYAg3+mOIyjfLv4Gbys1u9TW2
NmLJuiV2q+9qcVUFHDTwQjxC8OikRxHnE2dyolGdQYeN5zZiU+Ym1LTUDEALbTc2cCz+Ov+vFidO
NUVn0OFP2/9kXBo4yD0Iy8csx7Wx1xrr6hgCU9Vchf/Z8D9oamvCi3NfRHppOg7kH0CgOrDXq/70
h0B1IJaOXorpEdONk/yaYxANKKgrwMZzG7E5c3O/doG0B383f3y87ON+PUdFUwXu/vLuQRdgERER
0dVhpN9ISa91ewvzDMOsqFn9Vr+1MsozcLTwqF3rvGfcPZLFK/rqk5Of4OMT/fu753DEgIMcbk70
HERroqGUK7u919TWhAP5B5BVkTUALes9Z4Uz3rv5PbNzvJgjQsTRwqN4dtuzxn2CIMBV6YooTRTm
x8xHi64Fa46sMQ5lWTlxJVr1rahproG3qzc+Ov6RXa+lr+SCHBNDJuLGhBsxJnAMnBXOkrlKDKIB
NS012HdpHzZkbEBhbeGQeaCXCTJEaiJtXkWnRyJQ2VyJ4vpi+9ZLRERERA6TFJiEsYFj+1zPyZKT
OFVyyg4tuvow4CCyEwECYrxj8Or1r3Z7qO+JKIr4296/4eecn6162BcgDOpQQIAAdyd3xPvEIyU0
BROCJyBAHYDMikwcKTiCY8XHkF+bD63O8nwsRERERERE1mLAQdQPYn1i8dikxxDnEwe5TN5j2CFC
hCiKaG5rxtNbn8a5inMOamn/U8qV8HTyhKvSFbXaWtRp6wbFCjBERERERDS8MOAg6kdyQQ4/Nz9M
DZ+K5JBkhHuFw8PJAyq5Cs26ZlQ2ViK7OhsH8g8grTAN9dr6Qd0zg4iIiIiIaLBiwEFERERERERE
Q55tyz4QEREREREREQ1CDDiIiIiIiIiIaMhjwEFEREREREREQx4DDiIiIiIiIiIa8hhwEBERERER
EdGQx4CDiIiIiIiIiIY8BhxERERERERENOQx4CAiIiIiIiKiIY8BBxERERERERENeQw4iIiIiIiI
iGjIY8BBREREREREREOeYn54k8UCorU1mSho9bF9Oa+540Vh4M7dh0r75dxWFnTYuU0dy/tlc0He
L9sr5f1y7HnNHs/7ZflY3i+bC/J+2V4p75djz2v2eN4vy8fyftlckPfL9kp5vxx7XrPH2+l+sQcH
EREREREREQ15DDiIiIiIiIiIaMhjwEFEREREREREQx4DDiIiIiIiIiIa8hhwEBEREREREdGQx4CD
iIiIiIiIiIY8BhxERERERERENOQx4CAiIiIiIiKiIY8BBxERERERERENeQw4iIiIiIiIiGjIY8BB
REREREREREMeAw4iIiIiIiIiGvIYcBARERERERHRkMeAg4iIiIiIiIiGPAYcRERERERERDTkMeAg
IiIiIiIioiGPAQcRERERERERDXkMOIiIiIiIiIhoyGPAQURERERERERDHgMOIiIiIiIiIhryGHAQ
ERERERER0ZDHgIOIiIiIiIiIhjwGHEREREREREQ05DHgICIiIiIiIqIhjwEHEREREREREQ15ioFu
ABEREREREfWSONANuGywtKMD22PZQLZH6L+qGXAQERERERENJSIG3wMzkbU6f3btHHYw4CAiIiIi
IhoKxM4vuyccfc08+nL8QB3Lcw+tYzuOFzqSDTsHdQw4iIiIiIiIBjNTwUbXB8OB7tEx0Ofviu2x
bCDa06m3hiiIl3d1Cjrs0JuDAQcREREREdFg1TXcEKX7RdNF+3qqIXPsQJ+bbGDiL1sSdNgh5GDA
QURERERENBiZCjc6BxuiNOUY0KBgsCUFDmqP1acx9XDvqHObOrYPB/fq0M69N9Cp54Zxn2iXkIMB
BxERERER0SDWOdwwBht6wHBlB678/76cpw/Hir1/Ku2XdltZqcP+zgZdwOHY+yVAAAShY6M90BA6
BRpie2+OvoYcDDiIiIiIiIgGG2OvjC7hhkGEwSBC1AMwGNr3D/EeHEN5iMrQDTgce15BECHIBAiC
AFHWHnh0zCfTuTeHsSdHLzHgICIiIiIiGoRMhht6EaJexC2Jt2NazBxE+kRBIVMOcEuJTNPp25BT
mYudWTvxxcnPIAgCBLkMolwERAGCDBDFTqFGR7bRy14cDDiIiIiIiIgGE1NfkV8ON/zdgvCHOasQ
6xvv8GYR2UohVyLePx7x/vGYHT8bL/z4PIobSiDgcrhhaP9fAFd6LQm978Uh67kIEREREREROVLX
3huiob3nBsMNGqri/ePxpwXPw6A3tH+exSsfcNHUmJlejIVhwEFERERERDSYGUQYROCWMbcz3KAh
Ld4/HrePuwOiXgQMAAxd5gPp48QkDDiIiIiIiIgGC7H7pggR0IuYFjNnQJpEZE+z42cbe3CIMNGL
Q4RxAlJbMeAgIiIiIiIazC4vBRvpHTXQLSHqs2jf6PZwQ+w0DKuvS8pcxoCDiIiIiIhoMOry0MfV
Umg4UMqVxmADQJ+HpXTGgIOIiIiIiGgQs+PzH9GwxoCDiIiIiIiIiBxHhLQXh50w4CAiIiIiIiIi
xxLsXyUDDiIiIiIiIiIa8hhwEBEREREREdGQx4CDiIiIiIiIiIY8BhxERERERERENOQx4CAiIiIi
IiKiIY8BBxERERERERENeQw4iIiIiIiIiGjIY8BBREREREREREMeAw4iIiIiIiIiGvIYcBARERER
ERHRkMeAg4iIiIiIiIiGPAYcNpoWfT+uibp3oJtBRERERERERJ0oBroBQ8m06PsxLep+AECbrhlH
8r8c4BYREREREREREcAeHFbrHG4AwNz4/8X40JsHsEVERERERERE1IEBhxW6hhsdrkv4HZKCFw5A
i4iIiIiIiIioMwYcPTAXbrQTYRD1Dm0PEREREREREXXHgMOCnsKNTWf/gtPFPzq0TURERERERETU
HQMOMxhuEBEREREREQ0dDDhMYLhBRERERERENLRwmdgupkXfj6kWwo1vT7+AjNLtDm0TERERERER
EVnGHhydMNwgIiIiIiIiGprYg+MyhhtERGSLP8x6DyEeMcbttQefREbZYbPl/dxCoJCpUFyf64jm
UR/5u4VAIVehqO7qvV/PX/svhHle+Yy/vvePOF16ZABbRERXs7NlZ7EtZxvOlp1FSUMJWnWtcFG6
IMwzDEmBSZgfOx+hHqG9rr+htQHLv1iOVn0rAMBZ4YzPbv8MLgoXi8fpDDo8sOEBFNUXGffFeMfg
7UVvQxAEs8e16duwcsNKlDaUGvfF+8TjzUVvQoD548gyBhywHG6IogHfnXmR4QbRVejWpD9iYugC
s++LEKHTt6JF14DKpiJcrD6Nw/nfo6Ih34Gt7B/BHjGYGnkzPF38UddSiczyI0gv3gO9qAMAPDT5
7/B09kNhbRY+Of7SALd28LtnwlNICZ0PAMiqOIY1B5+E3qAb4FaROfdPfAqTw+cBAM6VH8Ob+//I
+0VENEAqmirw+v7XcbTwaLf3GlobkFGegYzyDHx5+kssiFuAB1MehLPC2ebz7MzdaQw3AKBF14I9
eXswP3a+xeMUMgUeTn0Yz21/zrgvuyobP174EdfHXW/2uK/OfCUJNwRBwCOTHmG40UdXfcDRU7ix
Pv1PyCrf7eBWEdFQIECAUu4EpdwJ7k4+iNSMwZSIW7A753NszfpwoJvXawl+Kbhn4io4K9yM+1LD
rkdTWz1K6y/CVeWOAHUEAKC0IW+gmjlk+LmFGMMNAIj3nYAxgVNxomjXALaKzPF3CzGGGwAwwm8C
xgZNxbFC3i8iIkfLq8nDkz89iZqWmh7LGkQDvs/6HhnlGfjbdX+Dp5OnTefant39C+2t2Vt7DDgA
IDU0FZPDJuNg/kHjvo+Of4RZkbPgouzeA6S6uRqfn/5csm9+7HyM9BtpU5upu6s64GC4QUT2ppI7
49q4FZALCvyY+f8GrB2v3LADgtA+zVKLrgnP/rjQ6mNvGPGAJNzo4Kp0R5R3onG7Ta/F7pyv+t7Y
Ya7N0AqDaIBMuDLtVau+ZQBbRJbwfhERDQ612lo8s/WZbuFGUkASxgaNhZvKDVVNVThSeAS51VeG
E+ZW5+L5Hc/j7wv+LvlZbklhXSEyyjO67U8vTUdZQxn81f491vFQykM4XnQcWr0WQHuI8d9T/8XK
iSu7lf3g2Adobms2bqtVaqyc0L0c2e6qDTgYbhCRrfKq03GscKtxWwDgrFQj2D0WIwOmQCW/ktBP
i1qGE0XbUDLE5luQCwp4uwZCZ2jDhcrj+Dr9dSjlThgbNBOjA6bCXx0OuUyB0vqL+CnrQ+RUnRro
Jg96Nc3l2HZhHaZH3gSZIMfxop9xtvTQQDeLzKhuLsdPWeswM/omyAU5jhb+jNMlvF9ERI625tAa
VDRVGLfdVG54eubTSA5OlpRbOXElNmduxtuH3oZe1ANon6/jqzNf4bbE26w615YLW0zuF0URW7O3
4q6xd/VYR5B7EJYlLsOnJz817tuQsQGLEhYhQB1g3JddlY2t2Vslx9477l54OtvW44RMuyoDDkvh
hkHUY0P6KoYbRNRNXUsFDl36zuR7MT7jcX/yX6GUOwEAlHInJAXPQUnm+45sYp/pRR2e+2mxcVu8
/L9b6v+DLVn/GZhGDQObMt7Dpoz3BroZZKUNZ9/HhrND679dIqLhJK8mDz/n/izZ9+zMZzEheILJ
8gsTFqJV34q1R9Ya932e/jluGnETnBROFs8lQsSO3B3G7XDPcDS1NRnDle05260KOADgjjF3YFv2
NuPcGq36VryX9h6emfmMsczaw2shiqJxO9o7GotHLO5WF/XOVbdMbE/hxjennma4QUQ2y648jvMV
0smv/N3CB6g1REREREPX5szNEHElBJgaMdVsuNHh5pE3I8wzzLjd0NqAXXk9z590svgkyhrKjNsz
ImdgWsQ047a54SumqOQqPJTykGTf7rzdOF12GgCw9+JenCq90vtVgIBHJz1qcbUVss1V1YPDmnAj
u+KAg1tFRMNFVVOxZFtlwwzefm5hmBq1BDHe46FxCYBCroJW14ya5lLkVp3C7twvUdlUZLGO5+Z+
BQ9n3277nRWueHXRTuP245tmW9WmayJuwsiAKQj2iIar0gMymRzNbQ0oa7iE9JK92Je73riqivXX
GYrpUUsR6zMOGpcAKC9fZ3VzGXIqT2JX7leobLR8nX2VEjof44NnI8QzFq5KdwiCDE1t9Siqy8HR
/C04WrC150ps9Nfrv4Or0t24/cT3C6HVNVk8RilT4dq4OzAmaCp8XYOhkjuhqa0B+TVZ2JX7Dc6W
HsZfFnwDtZMXACCr4jje3Pd7s/Ulh87FfROvfIN0vuIk/rHvtybL/mHmGkR4JRi3/3XoTzhZvLfH
6/Ry9sWc2GUY6Z8MX9cgKOUqtOiaUNlUgqzyE9h24QvUtlT2WE9vBbpHYHbMLYjzGQNv1wCo5M5o
02tR01KBvKpz2JO3CRcq03us5/VF30ru1683LkKLmfv1yg1fwMvZB0D78JYnf7gDsT6JmBu7BFHe
o+Cu8oQIETXNFThbdhSbMj5GnbYaAODrFojr4m7HKP+J8HT2hlymRGNrLfKqM7H1wlfILD/ZY1tf
nPchgtzbw9Talkr8fvNtGBM4CXNibkakJh6uSjVa9VqUNxbjWNFe/JC5rt9XhNG4+GJ+3DKM8p8I
f7f2z0FzWxMqm0qRUXYCP2Z9gRobPgfBHuG4NuYWxPuNgc/l+9qq16KmuQI5Vefwc+4mZFWc7scr
IiJHO1IoXZLa0mokHQRBwJzoOfjo+EfGfYcKDvU4Sei27G2S7dlRs1HfWo8NGRuM+7Ze2Gr1BKDX
hF+D5JBkyaov7x55F68teA3vpUl7c86JmYNE/8SuVVAfXDUBh+VwQ4dvTj3DcIOI+sRF5S7Zrm2p
MFNSakrETVg44iGouqyz7qJUw0WpRpBHDCaGLsCW8x9id84XdmuvORGaUVg25vcI8oju9p5a5QW1
txeivZOQHDIP/zn2Z1Q0FlpV7zURN+HGkQ/Cycx1BntEIyVsAX7M/BC7cr60y7V05uXsh3smPIsY
n6Ru73k4ecPDzxsj/JKREjYfnxz/K+r68UG8J75uwXgg9QUEd7kH7k5eGBWQipH+Kdh24TO4qjwG
qIXdJQVNxd3jH4daJR1D7Kp0h6unO8I84zApfD7+e/zvOGFFWGKrubFLcePI++GscJXsd1K4IEAd
hgB1GFLC5mB37kZ8dvJNu58faJ9k+IYRd+HGEfdCLpP+iuWvDoG/OgSj/JPx+t4/INwrFvdM+F23
vy9PZx+MDboGo/yT8d+Tb2Jv3g9Wn99Z4YZlY36J6+Juk3wb6CJTINwrFuFesZgYMh1v7X8WlU1l
FmrqvfHBU3H/hN9D3WX1AjeVO9xU7gj3isXUiHn497HXkFbY8+dgftxS3DL6vm731VnhgkD3MAS6
h2FS+BzszN6IT068ZddrIaKBUdNSg+L6K18ayQQZkgK6/9ttStdymRWZFstrdVrsvXTlZ1GMdwxC
PUMBAIHqQJQ0lAAAduXtwiOTHoFCZt3j8yOpj+DB7x5Em74NAJBVkYWntj4luS5XpSsemPiAVfWR
9a6KgMNSuAEALW31mBS+HJPClwNAp85QjvVp2q8G6MxE1Fc+riEY4TdZsu9s6b4ej5sXdx+ujV/R
45rnTgoXLBr5MJzkrth6/t8myzTrGqBsax9n6tLp22cRIlraGnpsCwCEeMbhvuSX4O6ksa7sxBfw
+p4He+zJcV38Csy38joXj34YzgpX/Jj1kcWytnBTeeDhKa8iQN3zsKEEv2SsTPkz3tz3m37/ptsU
pUyFX6a+iCCPKLNlBEHAvLjlDmyVZZPDr8Pycb+DQqa0WE6t8sT9yc/g7QNPIavihN3OPz3qRixL
fKRbF1+9QScJGmSCHLOib4Yoivj8lP0fhl1Vatw06n6Ln3N/dQhWpjyFEI8ouCi7r1bUQSlX4dYx
D+JsWRqqrAwjnBTOWBB/u8UyYZ4xeGTy83hxxyNW1WmLqRHzsWKCFZ8DJ0/8MvVpvLH3aWSUm/8c
zIpehDuSHu7xvsoFOa6NvRmAiE9O/LNP10BEA6+gtkCyHaAO6HEejQ4RXhGS7YrGCrTqW6GSq0yW
33txr2Q1kxmRMySvvzjd/sVSQ2sD9l/aL3nfkhCPECwZtQSfp19ZCja9VNqD8O5xd0Pj0vPvW2Sb
YR9w9BRuAICrSgNXFT9cRGQbpdwZQe5RiPVNxpTwm+DW6ZvYzPJDyCjdb/H4aO+xmB17l+RhKK/6
NI4VbEFVczF8XEOQHLoAYV4jALSP05wbdzcu1ZxFZvnhbvW9uus+4+vOy8Rqdc2SiUMtuT5hpSTc
KGvIx9bz/8H5ijS4qjwwNmgWZscsh+ryZKpBHtGYHrUEP1voWRLjnYS5Xa4zt+o0jhZsQXVTCXzc
gpEStgDhna7z2ri7kVeTgXNl3a+zN5Ym/loSbmh1TTh46XucrzwOlcwZ8X4TkRI63/jQFKkZjWtj
78RPAzCx6g0j7usWbpwrO4ojBdvQoK1BgHs4JoUvQIiJHjYDwcc1CLckPiR5qD1TehhHC3agobUG
ge4RmBqxEIGXh1Eo5U64LekxvLTjf+zWhkUj7pU8BB/O34Yfs9ahqC4XYZ6xWDjiXowLvjKeekbU
jdid+x2K6y/arQ0AjJ/xrIqTOFG0D/XaGvirQzA14np4u15ZYjDWp707slbXjP2XtiCv+hycFa5I
8BuH8cHTjPW4Kt0xI3IRNpz9wKZ25Ndm40j+z6hoKoHGxReTwuYi3CvW+H6kJgE3JCzH95nr+nrJ
Rr5ugbh9jPRzkF5yGIfyd6JeW4Ngj3DMiFpoHE6jkjvhznGP4bmt5j8HN42U3tcDl7Zj87l1KKjL
RbhXLG4aeQ8mhly5r7Ojb8SOnI0oqrPvfSUix6rV1kq2PZys762odlJDgGCcv0OEiIbWBni7eJss
33k1EwECZkXNMm7PjpptDDg6ylobcADAXUl3YWfOTpQ1dg+pI7wicMvIW6yui6w3rAMOa8INIiJr
JQXNRlKQ5fkrRIjILDuE/x5/ocf6bhj5oORh4HTJHvwn7blOJY7gwMUN+J/U/0O8XwqA9mVc58be
YzLg6Cu5oECs73jjtl7U4YMjT6O8sf2blHptNbbUfwSl3AlzYq70HkjwS7EYcCzqcp3pJXvw4ZE/
XSlQDuzL+xYPTv4/JPi1L/0mlykwL+5uuwQcQR7RGBt05RcSnaENHx59HufKL4/vFYFjhTuQX5OF
W5N+YyyXHHqtwwMOuUyBlLB5kn2H8n/CJ8f+Ztw+W3YYe3O/wyPXvIJYE8NtHO3GkfdLhlkcKdiO
D4++bNw+U3oYe3K/wx9nvWsMOYI9ojEuaJpdhqrE+46D5+U5MAAgv/YCPji6WrK99tCf8MdZaxCp
aZ9XRC5TYFzwdBRn2v9BeP/Fn/DvtFck+w5e2oZn5qyBq1Jt3KcztOHdwy8ivdMStDuyN+B/Up7G
pLC5xn3R3taN+e6QXnIY/zzwnKT30bYL3+C30/6GEX7jjPumhM+za8CxZNQvJMNSDuZvx78OrzZ2
i00vOYyd2Rux6tq1xpAj1DMKE0OmmRyqMsJvLLxcrtzXSzUX2uvrtP3WgVVYNfcdRHW6rxNDpjHg
IBriWnWtkm1re28A7SGFSq6CVq817mtuawZcupetaKrAyZIrcx0l+CYgUB1o3I72jka4Zzgu1V4C
ABwrOoaalhp4OXtZ1RYnhRMeSH4AL+96udt7j6Q+Aplw1a334RD8WyUisqNL1WfwfcbaHieQDPVM
QJjXlQeXFl0jvj3zD5Nlvzn9GrS6K90nI70TEaCOtE+DO1HKnbDx7BqsP/0PrD/9D3x58v+M4UZn
GaUHJdteLgHdynQI80xAuEZ6nd+km57/4MtT0uuM8k5EoHuEybK2SA29TtKdPb1k75Vwo5N9ed+i
qC7HuO2nDoWniUlb+9Mo/0mSh/WmtnqsP72mW7k2QysO529xZNNMUspVGBWQatxubmvEl+lvdyvX
qtdiV+4Gyb7RAZPs0gZnpXRuhlZdi8lyu3O/w6FLW41/KptK7HL+rjZmdA/FyhuLcL5C2jU5veSQ
JNzokFYonfG/8+fBGt9nftptaJXeoMO6E/+ErtP+YI8ISa+OvlDKVUgMTDFuN7c1Yt3Jd7qVa9Vr
sf2C9HMwJjC1WzkA3YbvaPWm7+uO7I3Yf3Gr8U9FY//cVyIafrZmb4VBNBi3Z0R1750xPXK68bXO
oMP2nO02ncNU7w0AqGwauHm+hrth3YNjb86HAMBeHETkMBGaRPxq+v/D5ox3sD9vvdlyI/wnS4Zs
5FSeNDspaVVTMXKrTmKEf/scHwIEjAyYgtKGPLu2vUXXiH15G3os19gq7TraMVzFlJEBkyTXmd3D
deZUncJI//YHXwECRgVMQUkfhxGEdVoNBAAyyro/VHY4dOl7RGhGGudi6johan+L0Ei/rc+uTEdj
a51D22CLMYFT4NZpotO86gw0aGtMlj1fIV0RpKM3R1/l15yHzqAzTvwW7TMatyU9hq3nP0d1c7mx
3P6LP2D/Resn7Owtg6g3ub+mU1sAmH0QL2uQriLkbONnsPMv650V1uUir/qccXgMAMT4jMalmgs2
1W/KuKApUHf6HORUZaDezOcgs/yUZDvYTIiZVy29r7E+o3HnuEfxQ+YXqOr0d7kn7wfssWEiViIa
/FQK6XwZWp3WTMnuRIho1VvXA2RHzg7ja0EQMCtyVrcyc6Ln4NOTnxq3t2dvx9JRS61qS1VzFT45
+YnJ9/5f2v/DlPApcO0S0lPfDeuAA7Au5GhqrUFl45UHhYGaZJSIBrdTxTvx6fE/S/a5qjwQ4TUa
E0LmY0zQLAgQoJApceOox9DYWouTRTtM1uXnFirZLushrCiuzzEGHADg7RLUy6uwjp9bKFLDb0Ck
Zgx83ILgolBDIVf1OElo93rCJNulDZbDiuK6HGPAAbTP79BXXl16YRTWZpstuyvnawAD9++Al7Of
ZLu0/tIAtcQ6fm4hku2R/sl452bTn/muXLusOtRb1c3lOFqwA5PD25cBFCBgTswSzIhajMLabFyq
yUJmxQmcKt6PVr31vyTbm8HKT1W3gESw7b85S4rrLkkCDm8XPwulreff5XMwOiAZHyy17ltOV5Xa
5P7q5nIcyt+BqRFX7uu82CWYHb0Y+bXZyKs+j3Plx3G86MCA3lcisj93J+m/D/XaequPbdA2GOff
MNZn4t+brIosXKq58m/saP/R8HHt3mMu1CMUsd6xuFDVHgZnV2UjtzoXURrzE4F3+NeRf0kmMO2s
urkaHx3/CA+nPtxjPWSbYR9wAD2HHM5Kdxy6tM64TGxff7E1eTxTE6Jhqam1DhllB5BRdgDL9M1I
Cb0BQPtqDbNj7jIbcDgppN2vG7r0iuiqa68JtZN14z9747r4+zEj+la79F7ourSjuW/3O3S9TjdV
36/TqUsb6lur+1xnf+n6bX1Tm/W/1A0Ea1bbMcdSzx9bfXriNTgpXDCu0wSdCpkCEZrfz9OhAAAg
AElEQVQERGgSMD3qRjS3NeJU8X78kPXfPvcKGqoau3yeuv732Vsezn35HDibfe+jY6/DWeGCCSHS
+xqlSUCUJgGzoxehua0Rx4v2Y1Pmf1FUN7gDQSKyTpiH9MuRkoYSiyuhdHaxVvrzXeOiMdmDY8sF
6TDP06Wncd1H11nVvi0XtuDBlActljlVcgo7c3dK9s2Ono2dOVf2bTy3EQviFlgVlpD1rpo5OPbm
fIh9uR+afE8myLEkaTVifKc4uFVENJzsuPCxZDvQIxo+rsEmy4pdupGb69beQSbIJdv9tXzpgoSV
mBd/ryTcKGvIx8nin3Hg4kbsy9uAw/nWdwfv2l3e1us02OE6u/5dD2Zdv+XX9/D3NdCUXUIKra4Z
ddpqq/40aO039KZN34p3D63C+0deRlbFSZOfMxelGyaFz8MfZr6F5NA5djt3b9mxY4bVuv731XX5
1d7q+tAh+Ry0WP5jKdxt07finweex7uHXkZmufn7ek3EPDw7+y1MCrM8CTQRDQ0aFw381VdWnjKI
Bpwotm5p8a5LsSb4JnQroxf12J23u9ft25m70+xwwI76/3lIumR1ckgynpz+JGK9Y6XlDnJpa3u7
KnpwdLDUk6Mj5Pjm1NO4cLknBxGRLaqaitHcVg8XZXtXSAEC/N0jUdlU1K1si65Bsu2qtNxdv/MS
tADQ0A+9ELxc/DEz+lbjtkHUY8OZf3ablyNAHYHUsOutqrNF1yjZdlVaXurNVSV9v77Vco8Pa2j1
0u6h7iov1LUMzsm9Wtq6/n2Z7r4/WDS3ST/HJ4r34KO0vw5Qa4CjBTtwtGAHvFx8MSZwCmK8RyPK
eyQC1Fe+DXRVqnH3+N/hYnUmyhsLB6ytA8Gty+epRWe667Stmrp8btMK9+C9o5dX/jHRg9XWTq2H
8nfiUP5OaFx8MTZoMmJ9RiPGeyQC3aX39b4Jv0NedRZKG66u+0o0HE0KmYSNmRuN2z9d+AmpoaYn
Je4gQpTMqwEAKSEp3codzD/YbSlaW1Q3V+No4VGz7fnmzDe4WHOlJ4lCpsCDKQ9CgIAHUx/EEz8+
YXzvdNlpbM/ejrkxc01VRb1wVQUcgHUhx9ennjYOVyEisoUodvkG3tBmslxFlwerAHfL3RMD3KWr
ptQ0m56Vuy/GBM6QfCOfUXrQqklHLem6Ckugu+XVX7q+b4/rrG2pkMx5EuwRg8I60/NwqFVecFa6
Gh/Aapsr0GZoNVm2P1R1WdkjQG2fiTiB7r1p7LE8XVVTqWQ71NM+q3L0VU1zBfbkbsSe3PZfjhMD
UnHPhCeMK5I4K1wxPWohvjn9r4FspsMFuEvn/ul6/3qrsks9YXZanaWr6uYK/JyzCTtzNgEAkgJT
8Yvkx+F1+b66KF0xM2ohvki/uu4r0XC0MGEhNmVuMs6nse/iPhwvPo7xQePNHrM5c7NkXg21So1Z
Ud0nDt16Yatk+86kOzHSz/KS3MeKj2H92SuTx2/N3moy4KhqrsKnpz6V7FuUsAjhnu3/nicFJGF6
xHTsubjH+D4nHLWvq2aISmc9DVdZmrQa8X7dlwkiIrIkUpMo6YEgQjTZewMAsiqOSCbBivEZZ3a+
CU9nX0Rpxhi39aIO6SW971ppjpeLv2S7Vmt6tROFTGl1nVnlRyXXGes7HmoL1xnt3ek6DTqcKu77
dV6qyZRsj/Dv/m1Oh/uSV+HZuZ/iuct/NK7+Zsv2h7zqs5LtWN+x3ZbL7K2uvUMszeNibfhxpvSQ
JDgJ9ojCmEDLwz3tsfRvZw9Pfgl/nvcf45/OvTU6nC49jO0Xvpbs87XDBLZ90z9jVAQzv9r5uQUj
UiPtqn2+4rRdznmqWPo5CPWMwtigyRaOAII9LId3v7rmRfzluo+Mfzr31jCet+QwtpyX3lc/t4G+
r0RkD1GaKMyMmmncFiHipZ9fMjtUZWfOTqw5LF1W/e6xd0PdZSLjOm0djhReWSpeJVfh1sRbkRqa
avHP7Ym3S/5tPJR/CI2t0n9XAeDdI+9KJhb1cPLAPePukZR5IPkBOHX6QqljwlGyj6sy4AB6Djlu
GfMCQw4ispraSYOFIx+R7KtqLEKlmS7w+TXn/j97dx5lZ13nefx7K5WEQAIxCwGCBMkm+6ZjYwMy
LMKADIPaino8jqPn6NhHj2emz1F73HtO6yjdbu3SZ1qd0yOOG47T0CxhFYgssoWwZYWEJASSAIEQ
CEnqzh+VVFKVSqUqVUnVx7xe54Tk3vs8z30uv5tK3Xf9nuepp154vOP2/sMPrEuO/VS3y15y7Kc6
nShzyfOP1HPrn+5xfzY3t527YsSw/ToOm+nJxs2vdro9ZewxOywzsnX/uviY3p/xe+kLj9fSTq9z
TF163Ce7XfbS4zq/zieff7TW7OJ19sYfl83qdM6SEw45o6aOP2GH5Y6Z9JY6ctyxHbdfeGVVPbtu
2Q7L7UmPr7q30yyO0SMOqv9w7Md3WG7EsJF12hEX9mnbK15c3GmG0cEHHF7TJ5y0w3KnH3lxr2di
rFm/suavfqDjdqMa9Z4TPrnTiHH+jPfX5876UZ111KV92veeNKtZk0Yf3vHrrVMu6Ha54V3PE9Hl
/f6n4vwZ7+n2/vee+J87xcnlLz5RT/VwRaG+WL1+ZT2+atuHjkY16gMnfbIO3cmlgC964/vrS+f8
qM6d1tP7oFmHjDm849cZR+7b4wr7ok+85RM1Yf9tV0Jb99q6+uysz9bnbvhc/XLuL+va+dfWFXOu
qE9f8+n6+u1fr03b/Vs/Y8KMuuToS3bY5s2Lb+603CmHndKrmROvG/W6Ovbgbd8jbNi8oW594tZO
y8xZOWeH+z540gd3iCyTRk+qS4/p/PXvqsevqieef2KX+8Gu7XOHqGyvp8NVGo2WuvT4r9b/nfvF
mr9q4H9SCuQZPXJcnTq58xm29xs+uiYccHidcMhZNbrLFSXuX955CmRXtyy6oj54ylc6Tvx30mFn
15iR4+r+5bPqufVP17j9D61TDz+/jhp3Ysc6m9o21vXzfrLLfV234fkaO2pSVbX/NP79J/+3enjl
7TVi2Kias+KWenHDjuegWLTmwTp3+rafMkw+aHp97C3frHuXzar1G1+syQdNrzcffn5N6HKJ264n
muzq5oU/rw+d+uWO13ny5LNrzH7j6r5ls2rN+pU1fv9D6k2HX9ApOmxq21jXzvvxLl9nbzz94uJ6
aOUddfJhZ3Xs70fe/N/rziX/WgvXPFCtjRE1bcKJ9WdHXNjpA+BdS3t/MtWBdPdT19e/m/mhjttv
nXJRHThyXN27/KZat+GFOnTMG+qtUy6sQw/s21nXX3h1da1ct6QO3XIYUKPRqA+/6fP1+8W/q1Uv
L6vRI8bWGw8+tY6f9NY+XQ74unlX1NRxx3W8D8bvf0j9l9O/VX9Yem0tWD2nms1mHXrgkXXyYWfW
UVsC0ruP/8vauPm1mr3kX/v0Groz+8lr6oRDt+3zudP+ooYPG1G3P3F1Pf3Skhozcmy9+fBz6txp
f9FpvXmrHuhuc/FOPuzP63Nnfbf+sHRWPfPS8hq3/8T68ykX1MyJJ3ZabvaT1w/o8179+M9q2vhj
O66OM2H/Q+qzb/tW3f7kdTVvVfv7YPJBU+rUyWfWtPHt74P3nfiJem3zhrrtiWt22N7vn7imTjps
27ieP/3dNbxlRN36xNW1/MX2cT3tiLPrgumdx/WxZ/80xxX2RQeNPKj+9ry/rc/M+kw9/0r7ucea
1az7V9xf96+4f6frzRg/o7523te6nY140+LOl7A+Y8oZvd6fM488s9NJTG9cfGNdNPOiqur+xKJH
jj2y3jHzHd1u67ITLqsbFt1Qa9av6bT+313wd73eH7q3TweOKpED6L2jxp3YKTb05MnnH65bF/28
x2UeWXlH3bb4V3XW1Pd13Dd1/Ek1dfyOP1Wvav9H/ZZFV9Ti5+bs8vmXPP9IR+Coqjr64LfU0Qe/
pX3fnpvbbeBYsPr+mr/q3pox8U0d982Y+KZOt7vT9TKsXc1deUfduvjXdfbUyzrumzb+pJrWw+u8
aeHPa9Gah3rcbl9cOfc7NfnAqXXwlsMX9h8+ps6ZdlmdM+2ybpdfuPrBunHBFd0+tqddP/+KOm7S
afX6sTM67jvukNPquF0c+tEbdy65tt553LYZOAeOHFcXH/2f+rXNBasfrH959Md16XEf7/hmcvTI
sfX26e+rt09/X7frPLf+mXp81X39et6t5q68s+5ccl29dUr7iW+HtbTW2VPfVWdPfVdtattUrS07
fquzYPVDddfSWTvcvzf1JSL11dTxx9bU8cfu9PFFax6p6xf8ekCf8/FVc+q3j/yk3nP8xzreB2NG
jq0LZ15WF87s/u/ZmvXP1KPPdv8hZc7Td9UdT15XZxy5bVzPm/7OOm/6O3c6rvNWP1SzlwzuuAID
a8rYKfWDi39Q3/7Dt+vuZXf3ap3jJx1fB4zY8fDOp9Y+VfNXz++4PXzY8Drt9b3/t/XMI8+sH97z
w45D8h579rFa8dKKOmzMYXXlI1d2Ov9HVdXH/83Hd3rI56jWUfXhUz5cl99xecd9Dz/zcN20+KY6
5ygnHO2PffYQle31dLjK1sjhcBWgN5rVrLkrb6t/vvfztakXJ6e85vF/rOvn/bhe28W06tc2v1q/
e/g7NWv+/+rVfty86Ip6ZeNLvVp2e7948OudDp3pzn3LZtVLG7ZdxaW1ZXgdNW7HQz62d/Vj/1jX
9PJ1/nbud+r6eb17nb217rUX6od3/VUtfm5uj8s1q1lznr6tfnLvl/bqyUW3t7ltU/3Pe75Yy9Yu
2Okybc223QoENy/6dT2w4vc9LrNs7cJ65Jl7+rjd39TPHvhmj5f83Gr+6gfrB3f9da3pckLV/vjn
+79ZNy/6bW3qclLf7j4EP/zMPfWju784YM891Ny3/LZO573p6snn59UP7vrKHnnuWQt+Uz+975u1
rhdXJ3hs1YP17dl/Xatf3vn74Cf3Xl43LOzduD608p763h++1PedBoa8caPG1VfP+Wp996Lv1sUz
L643vO4NNWr4qGptaa1xo8bVxAMmdlr+ykevrM/f+Pl6aUPn74NmLewcQE8+9ORuQ8jOjN1vbB0/
adu5wprVrFkLZ9Wa9Wvq53M6/1DrtNef1uMJUauqzp16bs2YMKPTff907z/V+o3re71P7Gifn8Gx
lZkcwO7Y3NxUr216pda+uqqWv7ig7lt2XS1a3bcp0jct/N81d+VtdfqR76o3jDuhDho1sUYMG1Wb
Nm+o5195phY/N6duf+I3terlp3q9zRUvLqof3/OZOm/Gf6wjxh5dI1sPqI2bX63n1q+sV7pconZ7
L25YU/8w+5P1tqnvreMPPaMmHvD6GjFsZL26aX2tWLuw7lx6VT244pb62J9dXmNGntqx3jGTTqvF
z/U84+LGBT+ruU/fXme84Z111LgTaux+E2tE66jauPV1rplTtz1xZT27rvevsy+ef+XZ+u7sT9Wb
D397nTz57Jp84LTaf8SYqmaz1r22tpa+8Hjd+9Ssmrtydp8vY7kn9vXy2/6yzp12WZ102Bk14YDJ
NWLYyFr/2ku19IX59fvFv62DRk2oN048ddcb6+LHf/xKnXXUO+tNh59Tk0YfUSNbR9WGTa/UqpeX
1ZynZ9dNC39V7z3x033e7l1Lr6+5K++ss6e+u2ZOPKUOHj25RrUeUJvaNta619bWUy8sqPuW31r3
Lb+lz9vujV899A/1x6duqtOmXFDTJ5xQB+03rvZrPaA2t22stRueq2VrF9XdS2+oB1bcvuuNBZu1
4Nd155Ib6t9O/fd1xNjpdcCIMbVh04Za9fKKum/5bXXd/F92OifNQJu9ZFbNefquOm/6u+qYiafU
pNGTa9Tw9vfBSxvW1pIXFtQ9y26te566ddcbq6qfP/j9umvpzXX6kefXzC3junV7a199vp5au6hm
L7mh7lv+pz2uQNXMCTNr5oSZO9y/qW1T/fCeH9bV867uuO/e5ffWJ67+RH3hrC/UjPHtEeEjp36k
PnLqR/q1D984/xvd3v+7D/T9qnONatT3Lvpev/aHHTUuv/n0Hr+P6/U3eQNwnfOBWreqqtncvamf
px/14W4jR/s22+pfHvmbeuyZm7p9vGO5Xt+524v1f/0BHq/+rr+749Xf593p+sar53WNV58XNF59
36jx6tlpUy6s95/0Vx23569+oL47+7/245mN126tO8h/v/7mvJ92Opnn1279ZC1a8+jOVxrA597d
Bffl8drdjRqvvfu8O11/b41Xc+t2mlVt7dtr29xWzY1t9f8+2rs4uC+6YdEN9b07v1cbNm/ouG/r
IS7dzfxicJ31rbdVy4iWahnWUo2WRlWjUY2W9nOEVaOqGlsO5+zyZWBXf78cotLFHYt/Wnf0cLjK
Jcd9sY6e5LgoAACAoeK8qefV31/49zVpdPs5yKaNn1bfOP8b4sY+xmh3Y+vhKqd3O5OjUZcc137s
7q5mcgAAALB3TBs3rb7/ju/XLx/+ZX3ghA/UqOGjBnuX2MsEjp0QOQAAALKMGTmmPnrqRwd7Nxgk
DlHpQU+Hq2yNHA5XAQAAgMEncOxCz5GjamTr/ntxbwAAAIDuCBy9sLPIccO879SDy68ahD0CAAAA
tuccHL3U9Zwctyz4Qd237LeDuUsA7MPuXHJN3bnkmsHeDQbZF27ocq6w/l6fEgCCCRx9sDVytDU3
191LfzHIewMAAABsJXD00dbIAQAAAAwdzsEBAAAAxBM4AAAAgHgCBwAAABBP4AAAAADiCRwAAABA
PIEDAAAAiCdwAAAAAPEEDgAAACCewAEAAADEEzgAAACAeAIHAAAAEE/gAAAAAPau5sBvUuAAAAAA
9q7GwG9S4AAAABjCtn4O3NS2cVD3AwbCxs0bt72pBzhyCBwAAABDUZcPf0+ueWJw9gMG0OLVi9v/
sAcih8ABAAAwhDWqUdXSUrcvunmwdwX67ZZ5t1TLsJZqabS0x41GVWOAIofAAQAAMFQ0urnZUtVo
qfrdw7+ohavmD8ZewYCY/8y8+sUD/6e9RLRsiXfV2BI5trz5G1vv7zuBAwAAYChrNKql0ahGS0t9
4+Yv18JV8wZ7j6DP5j8zr7567VfaZ28M2zJ7o6XL7I1+zuQY9vYPHfHl/m1iqNoDp2RlDzJeWYxX
FuOVxXhlMV5ZjFeWfXu8Glt+qr3dHVWNRr284aW67tGr6tXXXq0x+42pA/c7qFpahg3WbkKPNm7e
WItWLazfPPCb+h83fr3WbVxXLa0tW8JG+7EpjZbOszc6ZnDsxpeAxuU3n97j1Wd7fWnabhbsz2Vt
+3tJ3GZz978g9vu5+7HRPfLcvVxwrz13d+sarz4vaLz6vlHjtXefd6frG6+e1zVefV7QePV9o8Zr
7z7vTtc3Xj2vu6+PV7Oq2f6f2vpbNZvVbKtqtrVV26aqamtWs7ltmbZ+PvtgjVd/Dernzn4suC/9
/Wo0GtVoaf/V7BI3qrYLGtsfntLNLu7quVt3Y98AAADYwxrVqGaj/SNdo1nVbDSq0dKsarTUsKpq
a7ZVY8sH1WazWcP6Oesl6QPzLtcXEHtedxACR8d5NhpVVdvFjUaj//8zthA4AAAAhppGVTV3Ejmq
WdVS1VItW6d2VFWj2vr5IbE/eUTg6PuC+1Lg2PbmarSfc2PrJI3uDk3ptHzfCBwAAABD3dbPfVsi
R7VUNZrtHzWbWx7s76U2+/WBux8fmPfIwS0DNCNgwAy5/RmEQ4q2PGWzuoSNjof7FzeqBA4AAICh
abtZHFW1bSZHtd/f3Drtv6qqOdQ+Qfde7p7TF42uBW77mRzN/seNKoEDAABg6NoSOdr/uO1wlU4X
mWj/kfje37dOBvv56ZtBGq9uLgk7EDM3thI4AAAAhrKtH/y6mc3R8bhpEAx1O0zgaOz0sd0lcAAA
ACToMptjh8eq/dKyOzy2V5jBkWXvjNcu34/bxbuBIHAAAACk2P6zYjcfCgcnbkD3dvp+3ENvU4ED
AAAgkZYBnbQM9g4AAAAA9JfAAQAAAMQTOAAAAIB4AgcAAAAQT+AAAAAA4gkcAAAAQDyBAwAAAIgn
cAAAAADxBA4AAAAgnsABAAAAxBM4AAAAgHgCBwAAABBP4AAAAADiCRwAAABAPIEDAAAAiCdwAAAA
APEEDgAAACCewAEAAADEEzgAAACAeAIHAAAAEE/gAAAAAOIJHAAAAEA8gQMAAACIJ3AAAAAA8QQO
AAAAIF7rVXOHVTW33Gr2uCwAkXxxz2K8AAB6rbHt99ZGo1HVqGpu/w2V760AAACAoaqx/R/bb7Q2
hjU63SFuAAAAAENeo/PN1kbLdvc0d1wAAAAAYEjarmG0B47mjg9UdT5spaF8AAAAAHtZr9pEo6q1
GrUtbDS7Pi5qAAAAAIOnxzbRaQZH5zNzVFWXE472dqMAAAAAA6gvfaK1u2YhZAAAAACDrS99otvA
AQAAAJCkZbB3AAAAAKC/WhsNUzgAAACAbGZwAAAAAPGcgwMAAACI17rbawojAAAAwEDr/sqwu2QG
BwAAADB07Gan6PMMjr5cgxYAAABgdzT7OJWjVbAAAAAAhpq+9gpXUQEAAADi9f0koyZ8AAAAAHta
H0826iSjAAAAwNDTx17hEBUAAAAgnsABAAAAxBM4AAAAgHgCBwAAABBP4AAAAADiCRwAAABAPIED
AAAAiCdwAAAAAPEEDgAAACCewAEAAADEEzgAAACAeAIHAAAAEE/gAAAAAOIJHAAAAEA8gQMAAACI
J3AAAAAA8QQOAAAAIJ7AAQAAAMQTOAAAAIB4AgcAAAAQT+AAAAAA4gkcAAAAQDyBAwAAAIgncAAA
AADxBA4AAAAgnsABAAAAxBM4AAAAgHgCBwAAABBP4AAAAADiCRwAAABAPIEDAAAAiCdwAAAAAPEE
DgAAACCewAEAAADEEzgAAACAeAIHAAAAEE/gAAAAAOIJHAAAAEA8gQMAAACIJ3AAAAAA8QQOAAAA
IJ7AAQAAAMQTOAAAAIB4AgcAAAAQT+AAAAAA4gkcAAAAQDyBAwAAAIgncAAAAADxBA4AAAAgnsAB
AAAAxBM4AAAAgHgCBwAAABBP4AAAAADiCRwAAABAPIEDAAAAiCdwAAAAAPEEDgAAACCewAEAAADE
EzgAAACAeAIHAAAAEE/gAAAAAOIJHAAAAEA8gQMAAACIJ3AAAAAA8QQOAAAAIJ7AAQAAAMQTOAAA
AIB4AgcAAAAQT+AAAAAA4gkcAAAAQDyBAwAAAIgncAAAAADxBA4AAAAgnsABAAAAxBM4AAAAgHgC
BwAAABBP4AAAAADiCRwAAABAPIEDAAAAiCdwAAAAAPEEDgAAACCewAEAAADEEzgAAACAeAIHAAAA
EE/gAAAAAOIJHAAAAEA8gQMAAACIJ3AAAAAA8QQOAAAAIJ7AAQAAAMQTOAAAAIB4AgcAAAAQT+AA
AAAA4gkcAAAAQDyBAwAAAIgncAAAAADxBA4AAAAgnsABAAAAxBM4AAAAgHgCBwAAABBP4AAAAADi
CRwAAABAPIEDAAAAiCdwAAAAAPEEDgAAACCewAEAAADEEzgAAACAeAIHAAAAEE/gAAAAAOIJHAAA
AEA8gQMAAACIJ3AAAAAA8QQOAAAAIJ7AAQAAAMQTOAAAAIB4AgcAAAAQT+AAAAAA4gkcAAAAQDyB
AwAAAIgncAAAAADxBA4AAAAgnsABAAAAxBM4AAAAgHgCBwAAABBP4AAAAADiCRwAAABAPIEDAAAA
iCdwAAAAAPEEDgAAACCewAEAAADEEzgAAACAeAIHAAAAEE/gAAAAAOIJHAAAAEA8gQMAAACIJ3AA
AAAA8QQOAAAAIJ7AAQAAAMQTOAAAAIB4AgcAAAAQT+AAAAAA4gkcAAAAQDyBAwAAAIgncAAAAADx
BA4AAAAgnsABAAAAxBM4AAAAgHgCBwAAABBP4AAAAADiCRwAAABAPIEDAAAAiCdwAAAAAPEEDgAA
ACCewAEAAADEEzgAAACAeAIHAAAAEE/gAAAAAOIJHAAAAEA8gQMAAACIJ3AAAAAA8QQOAAAAIJ7A
AQAAAMQTOAAAAIB4AgcAAAAQT+AAAAAA4gkcAAAAQDyBAwAAAIgncAAAAADxBA4AAAAgnsABAAAA
xBM4AAAAgHgCBwAAABBP4AAAAADiCRwAAABAPIEDAAAAiCdwAAAAAPEEDgAAACCewAEAAADEEzgA
AACAeAIHAAAAEE/gAAAAAOIJHAAAAEA8gQMAAACIJ3AAAAAA8QQOAAAAIJ7AAQAAAMQTOAAAAIB4
AgcAAAAQT+AAAAAA4gkcAAAAQDyBAwAAAIgncAAAAADxBA4AAAAgnsABAAAAxBM4AAAAgHgCBwAA
ABBP4AAAAADiCRwAAABAPIEDAAAAiCdwAAAAAPEEDgAAACCewAEAAADEEzgAAACAeAIHAAAAEE/g
AAAAAOIJHAAAAEA8gQMAAACIJ3AAAAAA8QQOAAAAIJ7AAQAAAMQTOAAAAIB4AgcAAAAQT+AAAAAA
4gkcAAAAQDyBAwAAAIgncAAAAADxBA4AAAAgnsABAAAAxBM4AAAAgHgCBwAAABBP4AAAAADiCRwA
AABAPIEDAAAAiCdwAAAAAPEEDgAAACCewAEAAADEEzgAAACAeAIHAAAAEE/gAAAAAOIJHAAAAEA8
gQMAAACIJ3AAAAAA8QQOAAAAIJ7AAQAAAMQTOAAAAIB4AgcAAAAQT+AAAAAA4gkcAAAAQDyBAwAA
AIgncAAAAADxBA4AAAAgnsABAAAAxBM4AAAAgHgCBwAAABBP4AAAAADiCRwAAABAPIEDAAAAiCdw
AAAAAPEEDgAAACCewAEAAADEEzgAAACAeAIHAAAAEE/gAAAAAOIJHAAAAEA8gQMAAACIJ3AAAAAA
8QQOAAAAIJ7AAQAAAMQTOAAAAIB4AgcAAAAQT+AAAAAA4gkcAAAAQDyBAwAAAFj46MwAACAASURB
VIgncAAAAADxBA4AAAAgnsABAAAAxBM4AAAAgHgCBwAAABBP4AAAAADiCRwAAABAPIEDAAAAiCdw
AAAAAPEEDgAAACCewAEAAADEEzgAAACAeAIHAAAAEE/gAAAAAOIJHAAAAEA8gQMAAACIJ3AAAAAA
8QQOAAAAIJ7AAQAAAMQTOAAAAIB4AgcAAAAQT+AAAAAA4gkcAAAAQDyBAwAAAIgncAAAAADxBA4A
AAAgnsABAAAAxBM4AAAAgHgCBwAAABBP4AAAAADiCRwAAABAPIEDAAAAiCdwAAAAAPEEDgAAACCe
wAEAAADEEzgAAACAeAIHAAAAEE/gAAAAAOIJHAAAAEA8gQMAAACIJ3AAAAAA8QQOAAAAIJ7AAQAA
AMQTOAAAAIB4AgcAAAAQT+AAAAAA4gkcAAAAQDyBAwAAAIgncAAAAADxBA4AAAAgnsABAAAAxBM4
AAAAgHgCBwAAABBP4AAAAADiCRwAAABAPIEDAAAAiCdwAAAAAPEEDgAAACCewAEAAADEEzgAAACA
eAIHAAAAEE/gAAAAAOIJHAAAAEA8gQMAAACIJ3AAAAAA8QQOAAAAIJ7AAQAAAMQTOAAAAIB4AgcA
AAAQT+AAAAAA4gkcAAAAQDyBAwAAAIgncAAAAADxBA4AAAAgnsABAAAAxBM4AAAAgHgCBwAAABBP
4AAAAADiCRwAAABAPIEDAAAAiCdwAAAAAPEEDgAAACCewAEAAADEEzgAAACAeAIHAAAAEE/gAAAA
AOIJHAAAAEA8gQMAAACIJ3AAAAAA8QQOAAAAIJ7AAQAAAMQTOAAAAIB4AgcAAAAQT+AAAAAA4gkc
AAAAQDyBAwAAAIgncAAAAADxBA4AAAAgnsABAAAAxBM4AAAAgHgCBwAAABBP4AAAAADiCRwAAABA
PIEDAAAAiCdwAAAAAPEEDgAAACCewAEAAADEEzgAAACAeAIHAAAAEE/gAAAAAOIJHAAAAEA8gQMA
AACIJ3AAAAAA8QQOAAAAIJ7AAQAAAMQTOAAAAIB4AgcAAAAQT+AAAAAA4gkcAAAAQDyBAwAAAIgn
cAAAAADxBA4AAAAgnsABAAAAxBM4AAAAgHgCBwAAABBP4AAAAADiCRwAAABAPIEDAAAAiCdwAAAA
APEEDgAAACCewAEAAADEEzgAAACAeAIHAAAAEE/gAAAAAOIJHAAAAEA8gQMAAACIJ3AAAAAA8QQO
AAAAIJ7AAQAAAMQTOAAAAIB4AgcAAAAQT+AAAAAA4gkcAAAAQDyBAwAAAIgncAAAAADxBA4AAAAg
nsABAAAAxBM4AAAAgHgCBwAAABBP4AAAAADiCRwAAABAPIEDAAAAiCdwAAAAAPEEDgAAACCewAEA
AADEEzgAAACAeAIHAAAAEE/gAAAAAOIJHAAAAEA8gQMAAACIJ3AAAAAA8QQOAAAAIJ7AAQAAAMQT
OAAAAIB4AgcAAAAQT+AAAAAA4gkcAAAAQDyBAwAAAIgncAAAAADxBA4AAAAgnsABAAAAxBM4AAAA
gHgCBwAAABBP4AAAAADiCRwAAABAPIEDAAAAiCdwAAAAAPEEDgAAACCewAEAAADEEzgAAACAeAIH
AAAAEE/gAAAAAOIJHAAAAEA8gQMAAACIJ3AAAAAA8QQOAAAAIJ7AAQAAAMQTOAAAAIB4AgcAAAAQ
T+AAAAAA4gkcAAAAQDyBAwAAAIgncAAAAADxBA4AAAAgnsABAAAAxBM4AAAAgHgCBwAAABBP4AAA
AADiCRwAAABAPIEDAAAAiCdwAAAAAPEEDgAAACCewAEAAADEEzgAAACAeAIHAAAAEE/gAAAAAOIJ
HAAAAEA8gQMAAACIJ3AAAAAA8QQOAAAAIJ7AAQAAAMQTOAAAAIB4AgcAAAAQT+AAAAAA4gkcAAAA
QDyBAwAAAIgncAAAAADxBA4AAAAgnsABAAAAxBM4AAAAgHgCBwAAABBP4AAAAADiCRwAAABAPIED
AAAAiCdwAAAAAPEEDgAAACCewAEAAADEEzgAAACAeAIHAAAAEE/gAAAAAOIJHAAAAEA8gQMAAACI
J3AAAAAA8QQOAAAAIJ7AAQAAAMQTOAAAAIB4AgcAAAAQT+AAAAAA4gkcAAAAQDyBAwAAAIgncAAA
AADxBA4AAAAgnsABAAAAxBM4AAAAgHgCBwAAABBP4AAAAADiCRwAAABAPIEDAAAAiCdwAAAAAPEE
DgAAACCewAEAAADEEzgAAACAeAIHAAAAEE/gAAAAAOIJHAAAAEA8gQMAAACIJ3AAAAAA8QQOAAAA
IJ7AAQAAAMQTOAAAAIB4AgcAAAAQT+AAAAAA4gkcAAAAQDyBAwAAAIgncAAAAADxBA4AAAAgnsAB
AAAAxBM4AAAAgHgCBwAAABBP4AAAAADiCRwAAABAPIEDAAAAiCdwAAAAAPEEDgAAACCewAEAAADE
EzgAAACAeAIHAAAAEE/gAAAAAOIJHAAAAEA8gQMAAACIJ3AAAAAA8QQOAAAAIJ7AAQAAAMQTOAAA
AIB4AgcAAAAQT+AAAAAA4gkcAAAAQDyBAwAAAIgncAAAAADxBA4AAAAgnsABAAAAxBM4AAAAgHgC
BwAAABBP4AAAAADiCRwAAABAPIEDAAAAiCdwAAAAAPEEDgAAACCewAEAAADEEzgAAACAeAIHAAAA
EE/gAAAAAOIJHAAAAEA8gQMAAACIJ3AAAAAA8QQOAAAAIJ7AAQAAAMQTOAAAAIB4AgcAAAAQT+AA
AAAA4gkcAAAAQDyBAwAAAIgncAAAAADxBA4AAAAgnsABAAAAxBM4AAAAgHgCBwAAABBP4AAAAADi
CRwAAABAPIEDAAAAiCdwAAAAAPEEDgAAACCewAEAAADEEzgAAACAeAIHAAAAEE/gAAAAAOIJHAAA
AEA8gQMAAACIJ3AAAAAA8QQOAAAAIJ7AAQAAAMQTOAAAAIB4AgcAAAAQT+AAAAAA4gkcAAAAQDyB
AwAAAIgncAAAAADxBA4AAAAgnsABAAAAxBM4AAAAgHgCBwAAABBP4AAAAADiCRwAAABAPIEDAAAA
iCdwAAAAAPEEDgAAACCewAEAAADEEzgAAACAeAIHAAAAEE/gAAAAAOIJHAAAAEA8gQMAAACIJ3AA
AAAA8QQOAAAAIJ7AAQAAAMQTOAAAAIB4AgcAAAAQT+AAAAAA4gkcAAAAQDyBAwAAAIgncAAAAADx
BA4AAAAgnsABAAAAxBM4AAAAgHgCBwAAABBP4AAAAADiCRwAAABAPIEDAAAAiCdwAAAAAPEEDgAA
ACCewAEAAADEEzgAAACAeAIHAAAAEE/gAAAAAOIJHAAAAEA8gQMAAACIJ3AAAAAA8QQOAAAAIJ7A
AQAAAMQTOAAAAIB4AgcAAAAQT+AAAAAA4gkcAAAAQDyBAwAAAIgncAAAAADxBA4AAAAgnsABAAAA
xBM4AAAAgHgCBwAAABBP4AAAAADiCRwAAABAPIEDAAAAiCdwAAAAAPEEDgAAACCewAEAAADEEzgA
AACAeAIHAAAAEE/gAAAAAOIJHAAAAEA8gQMAAACIJ3AAAAAA8QQOAAAAIJ7AAQAAAMQTOAAAAIB4
AgcAAAAQT+AAAAAA4gkcAAAAQDyBAwAAAIgncAAAAADxBA4AAAAgnsABAAAAxBM4AAAAgHgCBwAA
ABBP4AAAAADiCRwAAABAPIEDAAAAiCdwAAAAAPEEDgAAACCewAEAAADEEzgAAACAeAIHAAAAEE/g
AAAAAOIJHAAAAEA8gQMAAACIJ3AAAAAA8QQOAAAAIJ7AAQAAAMQTOAAAAIB4AgcAAAAQT+AAAAAA
4gkcAAAAQDyBAwAAAIgncAAAAADxBA4AAAAgnsABAAAAxBM4AAAAgHgCBwAA/H/27j3Iyvo+/Pjn
7C6LwAICAqIgcjVGAW/x8lMujYK22jFNMsZJOk2nSdppYxozSRPHmElrTZqmTezU3GY6bUzSTGra
TJoYNd4QJZKiRI0YCIjcInIVRVYuy+6e3x/LHvbsArvI3j6H18vZ2X2efc45X3nY0fPe7/d5AEhP
4AAAAADSEzgAAACA9AQOAAAAID2BAwAAAEhP4AAAAADSEzgAAACA9AQOAAAAID2BAwAAAEhP4AAA
AADSEzgAAACA9AQOAAAAID2BAwAAAEhP4AAAAADSEzgAAACA9AQOAAAAID2BAwAAAEhP4AAAAADS
EzgAAACA9AQOAAAAID2BAwAAAEhP4AAAAADSEzgAAACA9AQOAAAAID2BAwAAAEhP4AAAAADSEzgA
AACA9AQOAAAAID2BAwAAAEhP4AAAAADSEzgAAACA9AQOAAAAID2BAwAAAEhP4AAAAADSEzgAAACA
9AQOAAAAID2BAwAAAEhP4AAAAADSEzgAAACA9AQOAAAAID2BAwAAAEhP4AAAAADSEzgAAACA9AQO
AAAAID2BAwAAAEhP4AAAAADSEzgAAACA9AQOAAAAID2BAwAAAEhP4AAAAADSEzgAAACA9AQOAAAA
ID2BAwAAAEhP4AAAAADSEzgAAACA9AQOAAAAID2BAwAAAEhP4AAAAADSEzgAAACA9AQOAAAAID2B
AwAAAEhP4AAAAADSEzgAAACA9AQOAAAAID2BAwAAAEhP4AAAAADSEzgAAACA9AQOAAAAID2BAwAA
AEhP4AAAAADSEzgAAACA9AQOAAAAID2BAwAAAEhP4AAAAADSEzgAAACA9AQOAAAAID2BAwAAAEhP
4AAAAADSEzgAAACA9AQOAAAAID2BAwAAAEhP4AAAAADSEzgAAACA9AQOAAAAID2BAwAAAEhP4AAA
AADSEzgAAACA9AQOAAAAID2BAwAAAEhP4AAAAADSEzgAAACA9AQOAAAAID2BAwAAAEhP4AAAAADS
EzgAAACA9AQOAAAAID2BAwAAAEhP4AAAAADSEzgAAACA9AQOAAAAID2BAwAAAEhP4AAAAADSEzgA
AACA9AQOAAAAID2BAwAAAEhP4AAAAADSEzgAAACA9AQOAAAAID2BAwAAAEhP4AAAAADSEzgAAACA
9AQOAAAAID2BAwAAAEhP4AAAAADSEzgAAACA9AQOAAAAID2BAwAAAEhP4AAAAADSEzgAAACA9AQO
AAAAID2BAwAAAEhP4AAAAADSEzgAAACA9AQOAAAAID2BAwAAAEhP4AAAAADSEzgAAACA9AQOAAAA
ID2BAwAAAEhP4AAAAADSEzgAAACA9AQOAAAAID2BAwAAAEhP4AAAAADSEzgAAACA9AQOAAAAID2B
AwAAAEhP4AAAAADSEzgAAACA9AQOAAAAID2BAwAAAEhP4AAAAADSEzgAAACA9AQOAAAAID2BAwAA
AEhP4AAAAADSEzgAAACA9AQOAAAAID2BAwAAAEhP4AAAAADSEzgAAACA9AQOAAAAID2BAwAAAEhP
4AAAAADSEzgAAACA9AQOAAAAID2BAwAAAEhP4AAAAADSEzgAAACA9AQOAAAAID2BAwAAAEhP4AAA
AADSEzgAAACA9AQOAAAAID2BAwAAAEhP4AAAAADSEzgAAACA9AQOAAAAID2BAwAAAEhP4AAAAADS
EzgAAACA9AQOAAAAID2BAwAAAEhP4AAAAADSEzgAAACA9AQOAAAAID2BAwAAAEhP4AAAAADSEzgA
AACA9AQOAAAAID2BAwAAAEhP4AAAAADSq+nrAdDDin09AAAAgH6i0NcDoCcJHJWq2H6zWNpfVD0A
AIAKV4hCKWgUWr8olr5JBRI4KlGx7ZcHN5ojisViS+AoChwAAECFK7R8FAqFKFYVD+5qEzpEjooj
cFSa0kSNQzM2ohhRbC5GsViMG2bcEPOmzIvJoyZHTZXTDwAAVJbG5sZY++raWPTSovjh8h+2RI6D
szmKhTahQ+SoOIUFdy/w6/xK0TZuFA/tKzYVY1zduLjtqtti+ujpfTY8AACA3rR6++q445E7YnP9
5ihUH1qyUooeB7+mMriLSqVoHzcOfjQ3NUdzc7O4AQAAnHCmj54et111WzQ3N0dzU3PZe6WyWe9U
BIGjEhwubkTLspQoRrxv5vvEDQAA4IQ0ffT0eN/M95WW7keEyFGhBI4K0SFuFFuuuVFsKsa8KfP6
dGwAAAB9ad6UeVFsKpbeJ0VEx8hBegJHdof5WWz7A1ssFmPyqMm9OyYAAIB+ZPKoyaW7SkYc4c6S
Okd6AkcFaD97IyLKbgtbU+1uKQAAwImrprqm9AvgaG7zDbM4KorAkdmRZm8c/AEtm34FAABwAist
4z/4C2KzOCqPwFGJitFSJdteRAcAAOAE1noThtb3SlQegaNSFNt+WTz8shUAAIATVZvlKMXyN1BU
CIGjErS9UE7bn1NLVAAAACLiMO+P2i5T8bapIggclcjMDQAAgMPzfqliCRwAAABAegIHAAAAkJ7A
AQAAAKQncAAAAADpCRwAAABAegIHAAAAkJ7AAQAAAKQncAAAAADpCRwAAABAegIHAAAAkJ7AAQAA
AKQncAAAAADpCRwAAABAegIHAAAAkJ7AAQAAAKQncAAAAADpCRwAAABAegIHAAAAkJ7AAQAAAKQn
cAAAAADpCRwAAABAegIHAAAAkJ7AAQAAAKQncAAAAADpCRwAAABAegIHAAAAkJ7AAQAAAKQncAAA
AADpCRwAAABAegIHAAAAkJ7AAQAAAKQncAAAAADpCRwAAABAegIHAAAAkJ7AAQAAAKQncAAAAADp
CRwAAABAegIHAAAAkJ7AAQAAAKQncAAAAADpCRwAAABAegIHAAAAkJ7AAQAAAKRX09cDAIC1O9fG
Q2seiuXblsfm3Ztj34F9MWjAoBg1eFS8fczbY+6Zc+P8cecf9Tm+8uRX4qE1D5W2P3j+B+P9M99/
zGP5+Ys/jzuX3FnavmT8JXH7lbd3+rgV21bEI2sfiRXbVsSW+i3R0NgQgwYMignDJ8TMU2fGgqkL
Yvyw8Z0+z988+Dfx/JbnS9u3zr015p4596iPWfbKsvjsw58tbU8dOTW+/odfLzum/Z/PsVgwdUF8
8vJPvqXHNjQ1xKJ1i2Lpy0tjzatrYte+XdFYbIyTTzo5Rg8ZHe84/R0xb9K8OG3oaUd8jq6ck8P9
+5029LT49ru/fUzj3du4N26858bY17ivbP+fXfBn8b4Z7yvbd8eiO2LxhsVHfb7qQnXU1dbF2Lqx
cc6Yc+LqaVfHpBGTjnh8d/097qnz3R3nEwB6isABQJ/ZvX933PV/d8UT65+IYhTLvlffUB/1DfWx
4fUN8cDqB+Ls0WfHp2d/ut+9cdqxZ0fcueTOWLZpWYfv1TfUx8rtK2Pl9pXx3y/8d1wz7Zr4i3f8
RZxUc1IfjLT3Ldm4JO76v7ti596dHb63/c3tsf3N7bFi24r43nPfi+vfdn386QV/2q1/Nq/sfiVe
2PZCnDvm3C4/ZvH6xR3ixvFoKjbFrv27Ytf+XbH61dXx45U/jrlnzo2PX/bxGFI7pNtepzf09fkE
gM5YogJAn9havzVu+tlN8fj6xzvEjcNZuX1l3PSzm+KlnS/1wui6Zv3r6+Oj9370sHGjveZic9y/
+v64+f6bY9f+Xb0wur71k5U/idsfu/2wb4bbay42x49X/jhueeiWaGhq6NZxPPLSIz16/Fvx+PrH
4+YHbo76hvoef63u0l/OJwAcjRkcAPS6fY374rZHbost9VtK+wqFQlw24bI4f9z5MWLQiHiz4c1Y
uX1lLFq3qPQb9Tcb3ozPPfq5+Lfr/63Pf/u9a/+u+OzDn43X971etn/m2Jkxa9ysGFI7JHbu2RlP
b3o61r22rvT9da+ti79d+LfxlWu+ElWFvvs9w1VTrup06Uur0UNGH9Nzr96xOr719LfKwtXIQSPj
mmnXxBnDz4ihA4fGjj074qlNT8WSDUtKx63cvjK++uRX45Y5txzT6x3N4vWL46ZLboqaqs7/l2fH
nh3x/NbnOz3uSK6dfm1cOuHSsn1NxabYUr8lFq9fHL/Z9pvS/o2vb4wvL/5yl5Y/dYfjOd/96XwC
wNEIHAD0uu8++93YuGtjabuuti7+7sq/67CU4Jpp18SNM26MTz/06dhWvy0iIl7d82p8//nvx59f
9Oe9Oub2vrn0m7Fjz47S9pDaIXHr3FvjotMuKjvuQxd+KO5bdV98fenXo6nYFBEt1+v4n9/8T9xw
7g29Oua2Th92elw8/uIeee7/euG/ornYXNqedeqsuOOqO6K2urbsuGumXRNPbngy7nj8jtLxj617
LN5zznti2qhp3TKW+ob6WLJxScw5c06nxz685uEoFjufTXQkE4ZPOOKf6R+d/Ufx/V9/P7773HdL
+5a+vDSWb10eM8bOeMuv2VXHc7770/kEgKOxRAWAXrVr3664d9W9Zfs+M/szR7xOwrih4+Lmy24u
2/fImkdKsaAvrH99fSxat6hs321zb+sQN1pde9a18ZGLPlK2757l98T+xv09Nsa+1PYiqRERH77w
wx3eDLe6fOLlHWYWPLbuseMew8DqgaWvH37p4S49ZuHahYd9fHf5wKwPxKxTZ5Xte2L9E93+Ot2t
P5xPAOgKgQOAXvXI2kfK1uXPHDuz098sX3jahTGmbkxpe9f+XWXT/XvbfavuK5uuf/nEy+OC0y44
6mPedfa7YsLwCaXt+ob6eHz94z02xr5SLBajfn/5tSVOHXrqUR9z3rjzyrY3vr7xCEd23UWnH4pN
z7zyTIelRO2t3rG6bFbRReMPH6uO1zsnv7Ns+8VXX+yR1+ku/eV8AkBXWKICQK/61aZflW3PndS1
6wKcfcrZpWUqES23lp05dma3jq2rnt70dNn270/7/U4fUygU4p2T3xnfefY7pX1LX14aC6Yu6Pbx
9aVCoRAnDzo5Xtv7Wmnf81uejysmXnHEx8ydNDfOHXtoBk933Hlj9pmz48mNT0ZERGNzYzy69tF4
z9vfc8Tj295StaaqJi6fcHk8ueHJ4x5He+OGjivbfmP/G93+Gt2pv5xPAOgKgQOAXrXm1TVl228b
/bYuPe4Tl38iPnrJR0vbA2u6fwlBV7y+7/XYvHtzabuqUNXl0NL+uFU7VnXr2PqLC067IB596dHS
9r/+8l9jSO2QOH/c+Yc9flDNoBg/bHy3jmHyiMkxfvj4eHnXyxERsfClhUcMHE3FprKlIhePvzgG
VA/o1vG0ar8sqa/+Hh+L/nA+AaArLFEBoNfsbdzb4Rappw89vUuPHVQzKIafNLz00Ve/FW59w9xq
bN3YLr9JnXjyxLLtHW/uqMjbaN547o1l17DYtX9X3PLQLfHZRz4bS19e2ivXT9nfuD+umnxVaXvN
zjWx/vX1hz126e+Wlv29XDB1Qexv6pnro6zYtqJse8yQMUc4sv/oD+cTALrCDA4Aes2bDW+WbVcV
qmLQgEF9NJq3pn2gGTZwWJcfWzewLgpRKF2/oxjFqG+oj5GDRnbrGLviO89+p2y5zJH84IYfHPP4
zjj5jPjUFZ+Kf1z8j9HY3Fjav2zTsli2aVkMHTg0Lh5/ccyeODsuHn9xVBeqj3n8ndnXtC/mT50f
333uu6U7ejy05qHD3n3nkZceKX198kknx8XjL477V9/f7WPaWr81frb6Z2X72l+voqccz/nuD+cT
ALpC4ACg1xxoOlC2XV2V741QQ2P5jItjWWJQiELUVteWzQ7Ye2BvRK7G0yVzzpwTo4eMji898aXY
Ur+l7Hu79++OR196NB596dEYMWhEXP+26+Pdb393ty7X2N+4P04ZfErMOnVWPLv52YiIWLRuUXzk
wo9EoVAoHVffUB9PbXqqtD1v0ryoLlR3OM9vVXOxOXbs2RFPvfxU/Oev/zN2799d+t6wgcNiwZQc
12Dp6/MJAF0hcAAAPeLs0WfHv//Rv8d9q+6Ln/72p/HyGy93OOa1va/F3c/eHQ+8+EDcNu+2mD5q
ere8duu1LhZMXVAKHK/ueTV+9cqvyu6wsnDtwrLwdvXUqyMiYl/jvmN+zW89/a341tPf6tKxhUIh
Pnbpx2JI7ZBjfp2+0pfnEwC6QuAAoNe0v3Bj2+nuWdTW1JZtt79o5NEUo9jhmht99Vvua6dfG1dO
ubLT445lCc7h1FTVxPVnXx/Xn319/Gbbb+KJ9U/Eko1LYtub28qO21q/NT75wCfji/O/GDPGzjiu
14w4dF6umHhF3PV/d8WeA3siomU5SvvA0WrKyCkxeeTklsf30DU4IiIGDxgcf33ZX8ecM+f02Gu0
113nu6/OJwB0hcABQK8ZPGBw2XaxWIx9jftS3UZy6MChZdttlxx0pn5/fen6G6Xnqx16hKN71ilD
TolzxpzTq695zphz4pwx58RfXvyXsXzr8vjflf8bT254svRn0tDUEF94/Avx7Xd/OwbVHN+6ndYZ
GLXVtTHnzDnx8xd/HhERS363JPYe2BuDBgyKTW9sipXbV5Yec9WUQxclPZZw1VXjho6L2RNnx7vO
fleMGjyq25//aHrifPfm+QSArhA4AOg1gwcMjrrauqhvqC/t27x7c0waMakPR3VsJgybULa9pX5L
NDQ1RG117REecciGXRvKtkcMGtFhBkchCnHcuuEpetqMsTNixtgZseyVZXH7wttLMyZe2/taLHxp
YVx71rXH9fz7mg4tMZk/dX4pcOxv3B9PrH8irp52dTy85uHSMTVVNXHl5EMzHN7KDI7rzrouLjvj
srJ9NYWaGFI7JMbUjYnhA4cf83Nm0dPnEwC6QuAAoFdNHjk5nt/yfGl71Y5VXQocX13y1Vi0blFp
+0MXfCiuP/v6Hhnj0YwYNCLG1I2JbfUtU/Kbi83x3Obn4uLxF3f62OVbl5dtn3XKWR2OaT/LpSsz
CfYdKL9exOCawUc4suc99fJTsXPvztL2eePOi1PrTj3i8ReddlFcd9Z18aMVPyrtW75t+XG/IW5q
PnTr0nPHnBunDT0tXtn9SkS0LFO5etrVsXDdoeUp7zj9HTH8pOGHfXxXnOeP4gAAIABJREFUjR82
Pi467aLOD0ykv5xPAOiKqr4eAAAnlgvGXVC2/YsNv+jS457f8nzsb9xf+hg/fHxPDK9LLjn9krLt
B9c82OljilEsu95DRMub6vZGDBpRtv27Xb/r9Lk37tpYtt3byx/aunfVvXHnkjtLH0+9/FSnj5k2
alrZ9qt7Xj3ucRSL5UuB2i4/Wb51eTz60qOxtX5rad/8qfOP+zUrUX85nwDQFQIHAL1q/tT5UVU4
9J+fZZuWxYptK476mGc3Pxubd28ubQ8eMDhmjp3ZY2PszLVnXVu2lOTJDU+W7tRxJPetui82vn4o
RNTV1sW8SfM6HHfu2HPLthdvWBzNxeYjPm8xirF4w+KjPkdvmjJiStn2ko1LOn1M+wtUDhnQ/XcW
mT91fun2sMUoxl1L7yp9b/hJw+PSCZd2+2tWgv56PgHgcAQOAHrVKYNPiQVTF5S2i1GMLzz+hQ6z
EFptqd8Sdy65s2zfVVOu6nBHlt40acSkmDtpbmm7GMW4Y9Ed8dzm5w57/GNrH4tvPvXNsn1/POuP
o662rsOxl4y/pGyZyubdm+MbS7/R4eKkrb7zzHdi7c61pe2Tak6KKyZecUz/Pt3pqilXlQWsZzc/
G/csv+eIx297c1v85Lc/Kdv3ttFv6/ZxjRkypiyK7T2wt/T1vEnzorpQ3e2vWQn66/kEgMNxDQ4A
et2HLvxQ/OqVX8X2N7dHRMSOPTvipntvinmT58WMsTOirrYu3tj3RqzYviIWrVtUuiNGRMsSjg+e
/8FOX2NL/ZZOZ1W0OnfMucccTP7qkr+KF7a+EDv27IiIiPqG+rjloVvi/NPOj/NOPS+GDRwWO/fu
jKc3PV12p46IiOmnTD/i9UPqauvihhk3xN3P3F3ad++qe2Pl9pXxzsnvjPHDx0chCrFp96Z4Yv0T
HWa/3HDuDXHySSd3Ov5j+fMZNnBYTBk5pfMDI2L88PHx3nPeGz984Yelff/xzH/ELzb+IuaeOTcm
njwxTqo5Keob6mPFthXxwIsPlN2JZvCAwXH11Ku79FrHasHUBfHrLb8+7P7+qrv+Hr/V892fzycA
tCdwANDrhg0cFn9/5d/HZx78TOzavysiWu5a8eCLD8aDLx75ehZDaofEHVfecdiZD+119lxtfe+9
34sxQ8Z0bfAHDR84PL44/4vxmYc+E6/tfS0iWmZyPPPKM/HMK88c8XHTR02Pf5j/D2W/FW/vxhk3
xtqda+OJ9U+U9q3ZuSbW7Fxz1DHNOXNOvH/W+7s0/mP58zl/3PnxpQVf6tKxES0Bq76hPu5ffX9p
3+odq2P1jtVHfVx1oTo+8f8+0eE6JN1l9sTZ8bWlXyubvTFpxKSYOnJqj7xed+iuv8fHc7776/kE
gPYsUQGgT0waMSnuuu6uLl9L45wx58TXrvtaTB3Vf96MTjx5YnzjD78Rl4y/pPODD5oxdkYMqT36
NQkKUYhb594af3Len8TA6oFHPTYiYmD1wPjg+R+MW+fe2j23me0GH7/s43HLnFvilMGndOn4MXVj
4varbo85Z87psTENrBkYsyfOLts3f4qLi3ZFfzyfANCeGRwA9JmxdWPjn675p3hu83OxcN3CWLlt
ZWx7c1scaDoQg2sHx+gho+Pto98e8ya1LF3pj0YOGhm3X3l7rNqxKh5e83C8sO2F2FK/JQ40HYhh
A4dFdVV1aSlORMSPVvwoNuzaELfMviWGDhx6xOctRCE+MOsDce1Z18YDLz4Qv97869i4a2Np+n9d
bV1MPHlizBo3K/5g2h+U3eK0v/i9Sb8Xl59xeTy96en45cZfxouvvhiv7X0t6hvqY2DNwBg5aGRM
HTU1Lp1waVxxxhW9cl2V+VPnx0NrHoqIiJqqmrhyypU9/pqVoj+eTwBoq7Dg7gWHv2oZ/d/BM1cs
FiOKbT43F6PYXIzmpuZoPtAcj9/8eN+OE+AE1tjcGN986pvxs1U/K9s/pm5MfG7e52L6qOl9NDIA
OLHM/Ze5UTWgKqqqq6JQVYhCVSGiEC132Wr9HBH9ZDIkb4ElKgDQg2qqauJjl34sPnXFp8qWm2yr
3xb//It/jsbmxj4cHQBA5RA4AKAXzJ8yP776B1+NsXVjIyJi6qip8eWrvxw1VVaLAgB0B/9XBQC9
ZOrIqfH1674e97xwT3xg5gdi0IBBfT0kAICKIXAAQC8aOnBofPjCD/f1MAAAKo4lKgAAAEB6AgcA
AACQnsABAAAApCdwAAAAAOkJHAAAAEB6AgcAAACQnsABAAAApCdwAAAAAOkJHAAAAEB6AgcAAACQ
nsABAAAApCdwAAAAAOkJHAAAAEB6AgcAAACQnsABAAAApCdwAAAAAOkJHAAAAEB6AgcAAACQnsAB
AAAApCdwAAAAAOkJHAAAAEB6AgcAAACQnsABAAAApCdwAAAAAOkJHAAAAEB6AgcAAACQnsABAAAA
pCdwAAAAAOkJHAAAAEB6AgcAAACQnsABAAAApCdwAAAAAOkJHAAAAEB6AgcAAACQnsABAAAApCdw
AAAAAOkJHAAAAEB6AgcAAACQnsABAAAApCdwAAAAAOkJHAAAAEB6AgcAAACQnsBxAjjQdKCvhwAA
ANBnvCc6MQgcJ4C1O9b29RAAAAD6jPdEJwaBo4IVDv6z8LcL+3ooAAAAfWbhbxeW3h9RuQSOSlZo
+fjBsh/Eqi2r+no0AAAAvW7VllXxg2U/KL0/onIJHBWuUChEoVCIz//08yIHAABwQlm1ZVV8/qef
L70vorJVT3nXlL/t60HQQ4qHPr+x7434ybM/iX0N+2LYScNi+ODhUV1V3afDAwAA6G4Hmg7Emq1r
4odP/zC+cP8Xor6xPqqqq6JQ3RI5ClUHPwqFiEKUf44wyyOxwoK7FxQ7P4x+qdj6qRjRfPDrYjGK
zS0f0Rylr4tNxWhubD60XSweCiAAAACV4mCsaA0ZVTUH48bB7aiK8sgR0bIvBI7savp6AHSTQpSC
RSFaCmSxUDy0zqwqoqqmqhQ3is3qBgAAUJla40Vr0Ci9L2qNH20rhqBRMQSOSlQ49LlQ1e4HtxBR
KBaiWCVwAAAAlam07KTq0OfWr11stHIJHJm1mbVR2lUoRDGKUSgenMURxZYf7qpoWcbSellZfQMA
AKhQrUtPWt8Ltb3ORuuM98NedFT4SE3gqACFKLQsR4k4FC6qIgrNLT+dxaqW4FGMYssPc7FlFgcA
AEBFajNLozSLo/VOKlUdjysoGxVB4Miu7SyO0jVxCi0XEW3/g9r2B9kMDgAAoFK1Xanf7m4pbfeV
dQ2NIz2Bo0IUomWGRmn74FKVKLTM5CgWDi5baRdDAAAAKlbbGRoHf+HbfmmK2RuVQ+CoBAdncbRf
qlIoHJzJ0XrLo2KYuQEAAJw42s3SKMWN9ktTNI6KIHBUisNFjiivka0zOgAAAE4UZTM22t5xUtyo
OAJHJTlC5IiI0owOAACAE06h/LO4UZkEjkrTJnJERMfQAQAAcKJpHzba7KNyCByVqM2dVYQOAADg
RNfhQqLiRkUSOCpV6w9su9ABAABwwvK2qKIJHJXODzAAAAAngKq+HgAAAADA8RI4AAAAgPQEDgAA
ACA9gQMAAABIT+AAAAAA0hM4AAAAgPQEDgAAACA9gQMAAABIT+AAAAAA0hM4AAAAgPQEDgAAACA9
gQMAAABIT+AAAAAA0hM4AAAAgPQEDgAAACA9gQMAAABIT+AAAAAA0hM4AAAAgPQEDgAAACA9gQMA
AABIT+AAAAAA0hM4AAAAgPQEDgAAACA9gQMAAABIT+AAAAAA0hM4AAAAgPQEDgAAACA9gQMAAABI
T+AAAAAA0hM4AAAAgPQEDgAAACA9gQMAAABIT+AAAAAA0hM4AAAAgPQEDgAAACA9gQMAAABIT+AA
AAAA0hM4AAAAgPQEDgAAACA9gQMAAABIT+AAAAAA0hM4AAAAgPQEDgAAACA9gQMAAABIT+AAAAAA
0hM4AAAAgPQEDgAAACA9gQMAAABIT+AAAAAA0hM4AAAAgPQEDgAAACA9gQMAAABIT+AAAAAA0hM4
AAAAgPQEDgAAACA9gQMAAABIT+AAAAAA0hM4AAAAgPQEDgAAACA9gQMAAABIT+AAAAAA0hM4AAAA
gPQEDgAAACA9gQMAAABIT+AAAAAA0hM4AAAAgPQEDgAAACA9gQMAAABIT+AAAAAA0hM4AAAAgPQE
DgAAACA9gQMAAABIT+AAAAAA0hM4AAAAgPQEDgAAACA9gQMAAABIT+AAAAAA0hM4AAAAgPQEDgAA
ACA9gQMAAABIT+AAAAAA0hM4AAAAgPQEDgAAACA9gQMAAABIT+AAAAAA0hM4AAAAgPQEDgAAACA9
gQMAAABIT+AAAAAA0hM4AAAAgPQEDgAAACA9gQMAAABIT+AAAAAA0hM4AAAAgPQEDgAAACA9gQMA
AABIT+AAAAAA0hM4AAAAgPQEDgAAACA9gQMAAABIT+AAAAAA0hM4AAAAgPQEDgAAACA9gQMAAABI
T+AAAAAA0hM4AAAAgPQEDgAAACA9gQMAAABIT+AAAAAA0hM4AAAAgPQEDgAAACA9gQMAAABIT+AA
AAAA0hM4AAAAgPQEDgAAACA9gQMAAABIT+AAAAAA0hM4AAAAgPQEDgAAACA9gQMAAABIT+AAAAAA
0hM4AAAAgPQEDgAAACA9gQMAAABIT+AAAAAA0hM4AAAAgPQEDgAAACA9gQMAAABIT+AAAAAA0hM4
AAAAgPQEDgAAACA9gQMAAABIT+AAAAAA0hM4AAAAgPQEDgAAACA9gQMAAABIT+AAAAAA0hM4AAAA
gPQEDgAAACA9gQMAAABIT+AAAAAA0hM4AAAAgPQEDgAAACA9gQMAAABIT+AAAAAA0hM4AAAAgPQE
DgAAACA9gQMAAABIT+AAAAAA0hM4AAAAgPQEDgAAACA9gQMAAABIT+AAAAAA0hM4AAAAgPQEDgAA
ACA9gQMAAABIT+AAAAAA0hM4AAAAgPQEDgAAACA9gQMAAABIT+AAAAAA0hM4AAAAgPQEDgAAACA9
gQMAAABIT+AAAAAA0hM4AAAAgPQEDgAAACA9gQMAAABIT+AAAAAA0hM4AAAAgPQEDgAAACA9gQMA
AABIT+AAAAAA0hM4AAAAgPQEDgAAACA9gQMAAABIT+AAAAAA0hM4AAAAgPQEDgAAACA9gQMAAABI
T+AAAAAA0hM4AAAAgPQEDgAAACA9gQMAAABIT+AAAAAA0hM4AAAAgPQEDgAAACA9gQMAAABIT+AA
AAAA0hM4AAAAgPQEDgAAACA9gQMAAABIT+AAAAAA0hM4AAAAgPQEDgAAACA9gQMAAABIT+AAAAAA
0hM4AAAAgPQEDgAAACA9gQMAAABIT+AAAAAA0hM4AAAAgPQEDgAAACA9gQMAAABIT+AAAAAA0hM4
AAAAgPQEDgAAACA9gQMAAABIT+AAAAAA0hM4AAAAgPQEDgAAACA9gQMAAABIT+AAAAAA0hM4AAAA
gPQEDgAAACA9gQMAAABIT+AAAAAA0hM4AAAAgPQEDgAAACA9gQMAAABIT+AAAAAA0hM4AAAAgPQE
DgAAACA9gQMAAABIT+AAAAAA0hM4AAAAgPQEDgAAACA9gQMAAABIT+AAAAAA0hM4AAAAgPQEDgAA
ACA9gQMAAABIT+AAAAAA0hM4AAAAgPQEDgAAACA9gQMAAABIT+AAAAAA0hM4AAAAgPQEDgAAACA9
gQMAAABIT+AAAAAA0hM4AAAAgPQEDgAAACA9gQMAAABIT+AAAAAA0hM4AAAAgPQEDgAAACA9gQMA
AABIT+AAAAAA0hM4AAAAgPQEDgAAACA9gQMAAABIT+AAAAAA0hM4AAAAgPQEDgAAACA9gQMAAABI
T+AAAAAA0hM4AAAAgPQEDgAAACA9gQMAAABIT+AAAAAA0hM4AAAAgPQEDgAAACA9gQMAAABIT+AA
AAAA0hM4AAAAgPQEDgAAACA9gQMAAABIT+AAAAAA0hM4AAAAgPQEDgAAACA9gQMAAABIT+AAAAAA
0hM4AAAAgPQEDgAAACA9gQMAAABIT+AAAAAA0hM4AAAAgPQEDgAAACA9gQMAAABIT+AAAAAA0hM4
AAAAgPQEDgAAACA9gQMAAABIT+AAAAAA0hM4AAAAgPQEDgAAACA9gQMAAABIT+AAAAAA0hM4AAAA
gPQEDgAAACA9gQMAAABIT+AAAAAA0hM4AAAAgPQEDgAAACA9gQMAAABIT+AAAAAA0hM4AAAAgPQE
DgAAACA9gQMAAABIT+AAAAAA0hM4AAAAgPQEDgAAACA9gQMAAABIT+AAAAAA0hM4AAAAgPQEDgAA
ACA9gQMAAABIT+AAAAAA0hM4AAAAgPQEDgAAACA9gQMAAABIT+AAAAAA0hM4AAAAgPQEDgAAACA9
gQMAAABIT+AAAAAA0hM4AAAAgPQEDgAAACA9gQMAAABIT+AAAAAA0hM4AAAAgPQEDgAAACA9gQMA
AABIT+AAAAAA0hM4AAAAgPQEDgAAACA9gQMAAABIT+AAAAAA0hM4AAAAgPQEDgAAACA9gQMAAABI
T+AAAAAA0hM4AAAAgPQEDgAAACA9gQMAAABIT+AAAAAA0hM4AAAAgPQEDgAAACA9gQMAAABIT+AA
AAAA0hM4AAAAgPQEDgAAACA9gQMAAABIT+AAAAAA0hM4AAAAgPQEDgAAACA9gQMAAABIT+AAAAAA
0hM4AAAAgPQEDgAAACA9gQMAAABIT+AAAAAA0hM4AAAAgPQEDgAAACA9gQMAAABIT+AAAAAA0hM4
AAAAgPQEDgAAACA9gQMAAABIT+AAAAAA0hM4AAAAgPQEDgAAACA9gQMAAABIT+AAAAAA0hM4AAAA
gPQEDgAAACA9gQMAAABIT+AAAAAA0hM4AAAAgPQEDgAAACA9gQMAAABIT+AAAAAA0hM4AAAAgPQE
DgAAACA9gQMAAABIT+AAAAAA0hM4AAAAgPQEDgAAACA9gQMAAABIT+AAAAAA0hM4AAAAgPQEDgAA
ACA9gQMAAABIT+AAAAAA0hM4AAAAgPQEDgAAACA9gQMAAABIT+AAAAAA0hM4AAAAgPQEDgAAACA9
gQMA/j979x0fVZWwcfw5dyY9ISSEFnovNlSUIqLYFWy7umv3dYurrrriir33vqLu6r7uuvZ93XVd
ReygdMQCCCpdCNIh9NSZuef9Y5JJJgmQPnPD77ufLLnJnXtP5lxnzjz3FAAAAHgeAQcAAAAAAPA8
Ag4AAAAAAOB5BBwAAAAAAMDzCDgAAAAAAIDnEXAAAAAAAADPI+AAAAAAAACeR8ABAAAAAAA8j4AD
AAAAAAB4HgEHAAAAAADwPAIOAAAAAADgeQQcAAAAAADA8wg4AAAAAACA5xFwAAAAAAAAzyPgAAAA
AAAAnkfAAQAAAAAAPI+AAwAAAAAAeB4BBwAAAAAA8DwCDgAAAAAA4HkEHAAAAAAAwPMIOAAAAAAA
gOcRcAAAAAAAAM8j4AAAAAAAAJ5HwAEAAAAAADyPgAMAAAAAAHgeAQcAAAAAAPA8Ag4AAAAAAOB5
BBwAAAAAAMDzCDgAAAAAAIDnEXAAAAAAAADPI+AAAAAAAACeR8ABAAAAAAA8j4ADAAAAAAB4HgEH
AAAAAADwPAIOAAAAAADgeQQcAAAAAADA8wg4AAAAAACA5xFwAAAAAAAAzyPgAAAAAAAAnkfAAQAA
AAAAPI+AAwAAAAAAeB4BBwAAAAAA8DwCDgAAAAAA4HkEHAAAAAAAwPMIOAAAAAAAgOcRcAAAAAAA
AM8j4AAAAAAAAJ5HwAEAAAAAADyPgAMAAAAAAHgeAQcAAAAAAPA8Ag4AAAAAAOB5BBwAAAAAAMDz
CDgAAAAAAIDnEXAAAAAAAADPI+AAAAAAAACeR8ABAAAAAAA8j4ADAAAAAAB4HgEHAAAAAADwPAIO
AAAAAADgeQQcAAAAAADA8wg4AAAAAACA5xFwAAAAAAAAzyPgAAAAAAAAnkfAAQAAAAAAPI+AAwAA
AAAAeB4BBwAAAAAA8DwCDgAAAAAA4HkEHAAAAAAAwPMIOAAAAAAAgOcRcAAAAAAAAM8j4AAAAAAA
AJ5HwAEAAAAAADyPgAMAAAAAAHgeAQcAAAAAAPA8Ag4AAAAAAOB5BBwAAAAAAMDzCDgAAAAAAIDn
EXAAAAAAAADPI+AAAAAAAACeR8ABAAAAAAA8j4ADAAAAAAB4HgEHAAAAAADwPAIOAAAAAADgeQQc
AAAAAADA8wg4AAAAAACA5xFwAAAAAAAAzyPgAAAAAAAAnkfAAQAAAAAAPI+AAwAAAAAAeB4BBwAA
AAAA8DwCDgAAAAAA4HkEHAAAAAAAwPMIOAAAAAAAgOcRcAAAAAAAAM8j4AAAAAAAAJ5HwAEAAAAA
ADyPgAMAAAAAAHgeAQcAAAAAAPA8Ag4AAAAAAOB5BBwAAAAAAMDzCDgAAAAAAIDnEXAAAAAAAADP
I+AAAAAAAACeR8ABAAAAAAA8j4ADAAAAAAB4HgEHAAAAAADwPAIOAAAAAADgeQQcAAAAAADA8wg4
AAAAAACA5xFwAAAAAAAAzyPgAAAAAAAAnkfAAQAAAAAAPI+AAwAAAAAAeB4BBwAAAAAA8DwCDgAA
AAAA4HkEHAAAAAAAwPMIOAAAAAAAgOcRcAAAAAAAAM8j4AAAAAAAAJ5HwAEAAAAAADyPgAMAAAAA
AHgeAQcAAAAAAPA8Ag4AAAAAAOB5BBwAAAAAAMDzCDgAAAAAAIDnEXAAAAAAAADPI+AAAAAAAACe
R8ABAAAAAAA8j4ADAAAAAAB4HgEHAAAAAADwPAIOAAAAAADgeQQcAAAAAADA8wg4AAAAAACA5xFw
AAAAAAAAzyPgAAAAAAAAnkfAAQAAAAAAPI+AAwAAAAAAeB4BBwAAAAAA8DwCDgAAAAAA4HkEHAAA
AAAAwPMIOAAAAAAAgOcRcAAAAAAAAM8j4AAAAAAAAJ5HwAEAAAAAADyPgAMAAAAAAHgeAQcAAAAA
APA8Ag4AAAAAAOB5BBwAAAAAAMDzCDgAAAAAAIDnEXAAAAAAAADPI+AAAAAAAACeR8ABAAAAAAA8
j4ADAAAAAAB4HgEHAAAAAADwPAIOAAAAAADgeQQcAAAAAADA8wg4AAAAAACA5xFwAAAAAAAAzyPg
AAAAAAAAnkfAAQAAAAAAPI+AAwAAAAAAeB4BBwAAAAAA8DwCDgAAAAAA4HkEHAAAAAAAwPMIOAAA
AAAAgOcRcAAAAAAAAM8j4AAAAAAAAJ5HwAEAAAAAADyPgAMAAAAAAHgeAQcAAAAAAPA8Ag4AAAAA
AOB5BBwAAAAAAMDzCDgAAAAAAIDnEXAAAAAAAADPI+AAAAAAAACeR8ABAAAAAAA8j4ADAAAAAAB4
nj/WBQCwn7KVv7V73g8AAHiCkam8AQDNjoADQNOqGmTYKj+zhBsAALQEVlbGVAk5DMEHgOZDwAGg
8dnqYYa14e2slCx1adVVnTI7qX16B7VLa6eslGxlJmcqPSlDyf5kJfoS5XN80Q0iAAAQF6ysQm5I
paFSFQeLtbtkl3YU79C2oq3aVLBJG3dv0Noda/XTztXaVrRN1lQKPiqHHrzNA2hkBBwAGkeVUMNa
K598OqDdgRrY7gD1bdtPvdv0UXZKdqxLCgAAGsDIyO/45Xf8Sk1I3et7+9airVqev0xLNy/RD5u+
1/ebvlNIoUjQQdgBoDGZk146if7hAOqnUqhh3fC/uRm5OqLTEB3W6XAd0nGQ/A45KgAACAu6QX27
fr7mrv1GX62do3W71oVDDscQdgBoMAIOAHVXHmy44Z4aOSk5Gtn9WB3VbYT6te0f69IBAACPWLJ5
sWbmzdC0VVO0pWhLeCiLQ9ABoH4IOADUXllPjfL5NIZ0GaYTep6oYd2Gx7pkAADA42bnzdKkHz/V
nJ9mh3tzGBPp2QEAtUHAAWDfqgQbY/qertP6j1HX1t1iXTIAANDCrN6epw8WT9TEpe8RdACoEwIO
AHtWJdj42YBzdNaBP2OiUAAA0OS2Fm3VO9+9rbcXvUXQAaBWCDgAVGcrlnW1rtWpfU7TLw4+T23T
2sW6ZAAAYD+zuWCT/rXg//Thsg8qJiM1BB0AqiPgABDF2orJQw/tcJguGnQJE4cCAICYW7J5sV6b
/4rmbZhbMRmpIeUAUIGAA4Ck6B4baf40XXb4b3RK31NjXSwAAIAoHy39UP/45m8qCBZE9+gAsN8j
4ABQ0WvDtRrRbaQuP/IK5tkAAABxa2vRVv3vl89rRt60cMhBbw4AIuAA9m+V59oIWV055GqN7j8m
1qUCAAColfcXT9Rzc56V8TE3BwDJH+sCAIiNykNSerbupWuGX6c+bfrEulgAAAC1Nrr/GPVt20/P
zHpKP25fITnhn9ObA9g/ObEuAIBmZisNSQlZHdNtlJ4cPZ5wAwAAeFKfNn305OjxOqbbKNlQxWTp
op86sN/x9Tqr192xLgSAZmIlq4pw45cHna8rh/5ejiHrBAAA3uUYR0d1G6FQKKTvNiyMDFUxYsgK
sD/hUw2wv6gSblw55GpdfNilsS4VAABAo7n4sEt15ZCrK3pyiJ4cwP6EOTiA/UFZuGFDVta1uvHo
m3VMz1GxLhUAAECjG91/jNIT0/To9IdlrJF8Cv8r0ZsDaOEIOICWzJb/UxFu3H7sXRrWbXhsywUA
ANCEjuk5Som+JN0/5Z7wD3xlw1WsCDmAFowhKkBLVSnckCvCDQAAsF8Z1m24bj/2Llm30sSjEkNW
gBaMgANoicrfv8tWS3FDrm48+mbCDQAAsF8Z1m24bjz6Zrkht2IlOYmQA2ihCDiAlqZyuGHD4cZV
Q65hzg0AALBfOqbnKF015BpCDmA/QMABtCSVh6XY8Gop5x10gUb3HxPbcgEAAMTQ6P5jdN5BF4RX
VylfWU4i5ABaGAIOoKWoYc6NY3qMYilYAAAAhZeQPabHqIo5OQh+DynBAAAgAElEQVQ5gBaHgANo
acq6XvZs3UtjR/wx1qUBAACIG2NH/FE9W/eKDOUl5ABaFgIOoCWoNO+GdcNLwl4z/Dr5HVaCBgAA
KOd3/Lpm+HWyoXCbiWADaFkIOACvqzrvhmt15dCr1SenT2zLBQAAEIf65PTRlUOvjgQc9OIAWg4C
DsDLqs67EbI6utsxGtP/9NiWCwAAII6N6X+6ju52THjSUebjAFoMAg7Aq6qGG9Yq1Z+qy4+8Irbl
AgAA8IDLj7xCqf7U8HwchBxAi8AAfcDDbKV3YBuyuuzI3yg7NTuGJWoe1loVF5doa/4WLVm8TMuW
rtCSRUu15qc12rQpX8WFRSotDchaq8TEBKWkpiinbbY6d+msPv17q0/f3urfv6/atm2rpOQkGWNk
jIn1nwUAAJpRdmq2Lhv8Gz07e7zkk4yMrKyMaBMAXmVOeukkMkrAa2pYEnZQ+0N1/8kPxbZcTcha
q+3btmvx4iWa9vlMfTXna+WtXK1AIBi+8yIrY4xspQlXJUWCC2PKfxYOM3w+n7p276TDjzhcI489
SgceOFBZbbIJOgAA2M/c/vEtmr9hnozPSI4qAg6aBIDnEHAAXlPDpKI2aPXEmKfUv+2A2JatCYRC
IS1f/qM+/XCyPp/0uX5ckSfXDaksqogEGXVlTPldGskYR926d9HIUUfrlNEnqV//PvL76eAGAMD+
YPHmRbp+4h/k+B0Zx0iGkAPwKlrwgAeVhxvlAcepfU9rkeHGsqXL9MYrb+rzydO1bdu2yJr15WwD
BsmWByNWkrWuVq3M06pVq/XO2+9pxMhhuujSCzTwgP706AAAoIXr33aATus7Wh8u/yDyvm9N2VCV
8B0VAB5BDw7AS6r23ghZuSFXL//iNbVNaxfbsjWi7du36+/Pv6R33n5Pu3bukrVW9eyoUWcm3KVD
aWlpOnXMibry6t+qTU4OQQcAAC3Y5oJNuvRfF8nxOeGhKvTiADzJ1+usXnfHuhAAaqFKuFEecPz8
gHM1osfImBatMU2dMl3X//4mzZg+SyXFJc0WbESxUiBQqu+/W6wP3vtEOe3aqE/f3oQcAAC0UGmJ
aSoOFGvRph/Cw1QkQg7Ag1gmFvCQysuXWdfKulZnH/jz2BaqkezYsUOPPvik/nj1zVq7Zm3474th
/7KyeUu1ZfMW3Xnzvbrnjge0NX9r7AoEAACa1NkH/jzSvorcTGLNWMBTCDgAL7DVv7eu1en9z2gR
y8KuXbNW4/5wi9545f9UWloa02CjKmutAoGg3nnrPV171Q1avnxFvSc2BQAA8Ss7NVun9z+j7CZL
lfd63voBTyDgADwiamiKDd9dGD3g9FgXq0GstVq44Htd+es/aM7sr+W68dt6cF1XC+Yv1O9/M1Zf
z/makAMAgBZo9IDTo3pw0IsD8BYCDiDeVb2BUBZuDO06XF2zusWmTI3AWqt538zXDdfeorxVed4I
DKy0Yf16jRt7u2ZMm+mNMgMAgFrrmtVNQ7oOK5vgnF4cgNcQcAAeULn3Rvn8Gyf0OjHWxWqQ779b
pNvG3a0N6zfE1ZCUfbFW2rZ1m+685X59RU8OAABanBN7nSQbohcH4EUEHEA8q+m91Eo5yTka3uOo
Zi9OY1m7Zq1uG3eX1q1b58mAwFqrrflbdect92n58uWxLg4AAGhEw3scpZyUnJrbKN5rtgD7FQIO
IM5VnXvDdV2N7HlsrItVbzt27NA9dzyoVavyPNVzoyprrdatW6+7b3tA+Vu2xLo4AACgEY3seWzF
ZKP04gA8g4ADiFd76L0hVxrR4+jmLk2jsNbqhede1JzZX4Un8PI6K32/4Ac99cSfFQwGY10aAADQ
SEb0OFpyFf6qqgU0YYCWioADiGNRc28oHBDkZuSqf7sBMS1Xfc2YPktvvvGfJgs3UtOSlZKapOSU
RBlJjs+R3++T4xgZY5qkx4jrWn0w4SN98tEkTw63AQAA1fVvN0C5GbkVk43SiwPwBH+sCwCgBjUN
+SxbPeWILkOavzyNYMeOHXro3sdVWlLSKMez1iotPUXFRSXKzmmtnn07q9eAzkpOT1BmTrpW/rhG
QTeoVikZ+nHpWqnU6KeVG1RaEtSO7bsVCgblljdYGigYDOnRB/6kI448TG3btWv4AQEAQMwd0WWI
3l30Xxmfqf5LK6mGHwOILQIOIN6VfwAv6yZ5eOfBsSxNvVhr9eL/vqx1a9c1Si8Kx+cop22WDhs2
QN0Paq8eB3dU65x0Fbm7FVBIslKv4W0l46gkVKSjEw5SMBSQW2wU2OnqiykLtfLbDVq6cLWKi4oV
DIYa/Pdt37ZNzzz1vO554A4ZQ4sHAACvO7zzYL37w3/DbTCfCDUADyDgAOJUZHiKFOke6cjRoE6H
xrZg9fDjjyv19lsT5Lo1DWStPWut2rTP1Mm/GKbhJx6slDaJsqGgtgd3Kj+4WdZ1JWNkZBRyS5Xo
T1HALVVhsFBBN6igU6yknDQdf/7h0nnSxrxtmvbePH0/c5W2bNxeMZlYXcslKxmjTz+arHN++TMd
fMiBDfo7AQBA7A3qdKgcOZEhKsaY8DAVY2VIOoC4RMABxJs9TC5qrdVB7Q+W3/HWf7ahUEj/fPVf
2rlj516Hg1hr99jzwRij9l2ydejJvXXU6QcpNSNZQVusrSU7FXIDkoxCCsnKlV9+OcZRqVsihRwF
bEDBkBs5jpWrklCJSt1StevaWudec5xOumi35k1eqrmTlmvlkjUKhVwZJxyUWOvKcRw5jqNAICi/
3ycZyZ/gU0brNCUk+5SakaSsDhnKyW2tZflzNTDUX36ft+oJDeO6rpYsWRoVkPXu3UuJiYkxLBX2
xFqrRYsWR7bbtstR25y2MSwRUHdcx03P7/h1YPuDtGDztzLWVO+9QY8OIO7QAgfimY3+fmD7A2JW
lPpauXKVpkyaJjfklk30WXOQkZSUoJKSQGS7fJ/UtGQdfFwPHXfRYUptkyhrgyoI7g6HD2VPkHWD
Mo5fklHQBmXkSlYK2YqhJ9a6coxPQRuUG7IKKaQSt0RyrdJaJeuonx2kg0f20icvf60NK7YqLS1F
bTtka9fuAmV3yFBiql8FJQVqnZumtu2z5c80Ss9MVnJqgpwEn6zjyuf4pFCxNm1fr9w2XZr2iUVc
effdd3X9DX+MbN/wxz9q4EBvTga8PwgGgxp9+ujI9v333qcLL7ywxn2LioqUlJQkx2Fe9ni0P9dP
Xa5j1N/A9gdowaZvIzebyntu0IsDiE8EHEAcqjo8RVayrlW/dv1jW7A6stbqp+3LNOK8gcrfmKtA
aVAlBQEFi10V7iqWz/gUKAkp0Z8gv8+vLRu3yXWlhASfsrJbqSRQqhMuPkydDs1WyISi7o5Hz2Ju
pLLgxNqK3hqudRW5tWJdWeOTrFVApZKk3aFd8sknq0Kl+FLltHZ16u8HK7hNSklKUUpasgptgRy/
ZBwjn+PTruDOSDkca+TKVdAEJWvkBoPyG6M12xepQ1anmDe4p0ydqg8+/CCyffO4G5Xdpk0MS9Qy
rV+/Tvc/9GBk+9e/+rWuuvKqGJYIjcFaqwcefFB/f/Hvys3N1Z+feVaDBg2KdbFQhvpBc+nXrn94
CKuPQAPwAgIOIJ7sYQhHecjRp23f5i1PAxUU7VZp9mYdOqaHrMoaBkZKMIly3VB4wlHXKMFJULA0
qNJAUAlugnxKUKI/QaWmWL50Ex5uspd+oMbxhXtxmHAvjvDzZRU+nZHKzm5lZVURehiFAwpJKgiV
9QpxgvLl+OQ6pSpSUEFbqoANyISk8g4hxhq5Rkoqtcre6Shrl5RWLCUGjXyuUci/QUU525WWmd3E
z/DerV2zRv/+978j22P/8IcYlqZlstbqoYcf0db8fEnSz372M910001MNNsCLF+xXH9/8e+SpHXr
1un5vz6v5597PsalQjnqB82lT9u+kSVia8QwFSCuEHAA8arSG6m1VlkpWcpOje0H5rqw1mrb7k0K
OLslKRJuyEqltkTGGDnGJzmugiYgNzkkJ9nKKhjuFeGEFHRLFHBtRTiyV2UHj9rPSsaRtW6lD5ym
fGBLeakqyqeynh9yFXDDvTzcSuc2kpyQ1G6bUbeNRq0KyrupVpRAkkywWLs3rFNqqyw+6LZwE9+f
qPcmvidJOv7443X/vfcpwc9ba0uQlJQUtZ2alhajkqAm1A+aS3ZqtrJSsrQ9sF3Gmug2CW/xQNyh
FQbEmZqGp8hKXVp3jWm56iNxVZ5GbHIUtFLALxUlSrtSrXakS7tTpIC/fI6MkCr6WrgKyVXIDUaO
UzXcCK8qUzEUxRinUpBRNtt5tUZHePiKdUNS+XNsrKwcGccXPkYl5T07wieUjA0HG33WGKUUG1lH
2nP7xspsWiO39wD5fL46Pmvwik2bNur++x+QJA0ePFhPPPa4UlJSYlwqNJauXbrqsUce0X/eflvt
27fX2Ouui3WRUAn1g+bUpXVXbd+0vdrPa3cDBkBzIuAA4lx5yNE5s3Osi1InwUBA2rhW/mJXCcYo
pUTKLJA6bA03BIoTrfIzrda0tdqRZlSrjg7WynXDE5GGAwkTnlvDDUnlAYWp6G1R8ThJCslKcnx+
WRuOUowxsm75492yiUqrc1ypzxqjLpvKzuHs/aaN61rZ/A0KlpTIl5paiz8MXlRUXKw/PfmkJKlf
v37KzMyMcYnQ2M4551ydc865sS4G9oD6QXPpnNlZCzcu2POKbwxTAeIGAQcQL/YyttNaq/YZHZq1
OA1VWrhbaaWFcqo2BMo2kwJGnTYbdciX1uW4WtbZKrSXVyRrXdlQQMZJkHGcsgaGletalS1LH2l0
VG18GMeR5MiUNUBKdpdo2/odcoOuWrVNV0ZOenhOEDcop2rIYaWe64y6bHRqF8IonLGkuaUq3LFN
SQQcLVa3rt3UrWu3WBcDANDE2md0CIcbtlJDgFADiEsEHEA8stX/bZfWLlalqZcdG9eprc+nQDBY
4+9N2f/5rNR5s6OMQqv5fVwFEqrvWz60xPEnqXh3iZZ9uUr5P21TYnKCuh3SSZ36dwhPKroXtiwo
mvPmPH37yQ8q3FUiWauE5AT1GNRZJ1w+QkmpCbJuSMapGFaSUSh121D7cKOc3zjauWWD1LFT3R4I
AADiSru0doqMXLVlQ1Mid1diWTIAVRFwAHGk2vwbqhiikp3mreU9E4t2KeSG9r2jwm2D1gVG/fMc
LezlVpknNDzfhuNL0LIvVuqjP09TaVFppJfGrH/NVfdDOumsm0+SL8G/xyDCGGnyCzM1/6MfZI2V
ryzECBQFtHT2SuWv2a6LHj1Ljq9iLg7XSN021G90bcgNyber+njdeGet1dxv5urzqVM0d+43WrNm
rUpKStShQ3sNPOAADTniSB1/wgnKSE+PyfHKj/nNN99o+vTpmjtvntauW6dAaak6d+6kAQMGasSI
ETpq+PBqkxA2pvnz5+vTSZM056s5+invJ7Vq1UqdOnXS4CMO1zEjj9VBBx7YKOdZvGSJPv7k48j2
ry771T6fqw8+/FDLli+TJLVv207nnXdetX2WLV+mDz78MLJ97dXXyBijvLxV+nTyJM2aOUs//bRG
hUWF6t69uwYfdrhOPvkUDRw4IOo4gWBQX335pT76+GMtWbpEeXmrlZGerl69emr48OEafdpotWmC
pYkLCgo0c9ZMzZgxU0uWLtG6tetkjFHnzp00+PDBGjXqOB16aMOWDA2FQnr2L3+ObB81bLgGDx68
18fk5a3Sx59+qlkzZ2lVXp7cUEhdunbR0KFDdeLxJ6h///4qLS3Vc3+tWO3jwgsuUE6bnKjjNFW9
16S5ruXKGuN1oTb1Ey/X+cqVP2rCxImSpNTUVP3217+JlG/SpEmaPfsLrV69WpLUtWtXDRs2VCee
eKJ69+pdy2e0bhqzzpviNT4elbfBrK0+5wbzcADxxZz00kl7v+0JoHnYSgFHWW8DuZLrunJLXf31
3L+pW3b3WJey1tZMflfZ29bX6TGukeb2DWlbhspCjvLJRB1tXLFFb939gbp176kVy5bJdd2ox/YZ
2l2n//GEGo9rrVX+mu16/aZ39NcXX9FHE9/Tv/75hhzHqbSPdPJVR+uA4/qGGypW8oWkY+f55NR4
1JqVv6DmZ1itaJ+pUYMuqMOjG9frr7+u2++8I7I9a8YMdeyYu8f9N2xYr7vvuUcff/LJXo/bvn0H
3X/fvTrh+Jqf76Y6nhT+APngQw/rk0/3fsyDDjxQt956m4YOGbLPY9bFxo0bdP8DD2ri+xP3ut8l
F12sP95wg1plZDTofJMnT9ZvLv9tZPurL7+s9mG4qjvvukuvvvaqJGnk0SP18ksvVdtn+ozpuuTS
SyPb3y1YqJdefknPPPusSkpK9njs66+/Xlf+7gr5/X7l5a3S7XfcqRkzZ+xx/9ZZWXriscd13KhR
ey1zXUybPk333Xe/lq9Yvtf9xowerbvuuqvG5ysQCKhv/36R7fvvvU8XXnhhnfcp57qu/vHSP/TY
44/v9fn73W8v18UXX6wRI4+O/Gzyp5PUs2fPqP2aqt4ra+5ruVxjvS7Upn7i5Tr/Ys4cnX/B+ZKk
9PQ0zf16rv785z9r/DNP7/GYCX6/xo4dq8t/e/keJ6uuyzUqNX6dN8VrfLzK27pKv/v3b+QkOOEb
IU7ZcFijiiXpyTiAuFCXdjuAWCj7xJye1DiNy+YS3LV9j9OK7Iljpe4bTHiuDCtJRsb45DhG3368
SH37DdBf/vai+vUfIKdKg2/l3J+0a8vuSM+Xyowx2pK3VcHSoD6YMEE//bRa/QcOjNrXGGnTyvxI
6GGN1GmzkVOLP8JW+ipItvq+h6t5fULa4S+o4zMQO+vXr9P/XHZZtYZqbm5utXkmNm7coN9efrne
eeedZjueJC1atFjnXXBhtXAju00b5eZGBzcLv/tOl1xycWQJ18awfMVy/fK886t9OOjSuYtaZ2VF
/eyV117VTTfdqOLi4kY7f1O6+ZZb9PgTT+z1Q58kPfnkk3rjn29oxYoV+sUvz9vrhz5J2r5tm664
4neaN29+o5Tz/Q8+0KX/8z/Vwo0unbuoffvoeYomvv++LrjgQm3atLFRzr0n1lqNHz9e9z/wQLXn
r0OHjlGTz/71hf/VNddd26TlqY1YXctN8bpQF/Fwne/eXaBxN47ba7ghhXuNPPrYY3rqqfE1vq/V
VWPXeazrsrnVqg3GLWMgLhBwAPFgD2+KttIvUhI9tvykLVWlETe1lr3DUXqhou6EWCvtyt+tRd9/
r2t+d7lCoaASE6In6wgFXRUXlEQ/qPxbWaVkJMtxHL315j/1xcyZWrp4cbXJSDNy0mXd8jFCUufN
RtZEBxiR7KXSRsBntSXTamHPkL4c4GpdG1fWMfpx8Zo6/vWxc/8DD2jJ0qWSwncO77/3Ps37+hvN
nD5DUz7/XAu+XaCn/vSUsit1w7751lu0cuWPzXK8LflbdPnvLteGDeFeQUlJSbrj9tv1xaxZ+ubL
rzRz+gx9O2++nnn6GXXuFF5xKBAM6to//EFff/11g5+frfn5uuqq3ytvdZ6k8B3bRx9+RPPnztO0
qVM17+tvNH3aNF15xZWRx3z08cd67Y3XGnzu5jDx/Ylq17adHrjvfs2YNl1LFi3WsiVLNeWzz3T9
9dcrwV8xovXhRx7Rb3/3O23avEk9e/bUX/78F8396mutWLZc876Zq//+522dddZZkf0DwaD+9NSf
GlzGRYsWa+zYiqVAe/Toqeefe14Lv12oaVOn6otZszR75kyNHTs2ss+y5ct0w7gbFdzDXECNYcrU
qXr62Wci2zltcvTk409o/tx5mj1zpuZ9M1ezZszQ7bfdppSUFM2bO6/JylIbsbyWG/t1oa7i5Tp/
d8IEpaSk6KYbb9RnkyZp8Q+LtGTRYn0+ebJuHDcuqhzP/uVZzZw1s0F/d1PUeazrsrmlJKZUDB2u
3LIh1ADiDgEHEG9qeLO01irRl9j8ZWmA7/sEtKKzq+LESsNuavE4x0rdNprofY2U3SlTwVBIi3/4
XksWL1ZRUVHU45LTkpSRU3GHJRgoVShYGjl3br92yumaJSeyAku01MwUDRzZOzLnSVJQKkqWdqRZ
7UqxKkgOf+1KsdqWYbW+jdXyzq7m9XH1xQGu5vUOaWMbq5BPWrN4i96873O9+cDk+jx1zW7psuhx
6jfffLMuvPDCqLt6GenpOvOMM/S3v74Q+VlJSYne+s/bTX48KfxhY83acGCU4Pfr1Zdf0a8u+1XU
XftWrVppzOjR+teb/6cePSq6/N9y660qKGhYb5o/jR8fmd8gMzNTb7z6us4999you/OdO3XWjePG
6aorr4r8bPz48dqSv6VB524OnTt11j/feEMXXHCBOnXqpMTERPn9fnXr1l3X/P5qPfzQw5F9i4qK
tHLlj+rRo6feeO01nXrKKcrKzpbjOGrdurUGDRqkJx9/QpdeUjE0YPqM6ZEPV/Xhuq4efOjByKTF
ubm5evmlf+jkk05SenpaZL8OHTrq2quv0Z+eeDLq3JMmN81/i6WlpXrooYci260yMvTaa6/p7LPP
jlwbxhh17JirX//q1/rnG/9stKEe9RWra7kpXhfqKl6u88zMTL3x+hu64ndXqEePnkpKSlJiYqK6
d++hK6+4Ui+++GLU/o8++qhCodrNaVWTxq7zeKjL5latDVY+lBhA3CHgAOJQ+Yfs8Eb4H59T8xjc
eOVmOPqxo6vZB7j6pl9IP7VzVZhk5RrJuDV/yUpBn5RRaOSv1JazrtXhZxystMxkSeEPDJGQwkih
kKsRFwxWclqijJEKC3Yof8Mq5a9fpdKSQhlJ/iS/zrjpRHXs006hYEhu0JUbdBUKumrbPVvn3nWa
0lqnlo2ptSr2Wc3tHdKX/UOaMzCk2WVfXwwM6es+IS3sEdLKTlZbc4xKkqXtG3dr1ts/6K/XTNTf
r/9Q30/LU3FhabM/7/WxbNmyqO1TTzllj/seeuggnX/++ZHtqdOmNPnxlixdqv/85z+R7T/ecIOO
OOKIPR6zY8dcPXD//ZHt5SuW68MPP9jj/vuyZOlSvfZ6xZ3MO267XQMG9N/j/pdd9j9KSQn3uNq9
u0CTPp1U73M3l5tuuqnaPBCVnXHGGdW6nd9y803VhoWUM8ZUm+Ry+bK9z5mxN/PmzosaJnDv3feo
S+cue9z/rLPO0pjRYyLb7703od7n3ps5X86JfHCUpHHjxqlf37573P+Qgw/W7bfd3iRlqY1YXsuN
/bpQH/Fynd97zz0adMghe/z9iKNGRPWmWPjdd1qwYOE+j1uTpqjzeKjL5uZzfFW6cVZCzgHEFVZR
AeKEramLQ9XlYj3k1dsmadg5/dVlYFuFWvm1JdOVZOQPWSUFjBKD4Uk8JSnkkwI+KeAPD/dwfUam
UshjjFGrtum64KEzNemFmVq3aKOCpUEZn6Osjq004oIj1Gtw17JRKUbJKelK7dpfMpIbCkkmPL95
q5wMXfDwmdr04xatX75ZktSuR4469MoJLyOr8MSuS+asUTAQUuu2aUpKS5A/wRc+lmsVLAmpeHep
duYXaPPqnVq/PF9rlmzRjk0FMkby+Z1wOTw02VjVu1B7Wtq33EUXXKQhR4Yn73Sc6n9oYx9v4nsV
Y8ZbZWTo/F/ue3WIYUOH6thjjtGUqVMlSa++9prOOefcfT6uJh9+UBGOtG/fQWPGjNnL3uEhCr/8
xS/10svhSR4nfTa51itaxMpBBx6w19/7/X4dPvjwyN3p9PQ0jTx65F4f071b9AfFbdu21rt8H378
UeT7fn37auQxx+zzMWeeeUZkvoHPp0xRMBiU39+4zZ7PPvs88n16eprOOOPMfT6mU6fYLR0dy2u5
sV8X6iNervMDD9j3KiXnnfdLPff8c5HtqdOn1mtloKao83ioy3jDSipA/CDgADwi5Ibkd7zzn+y6
Zdv04g0fKbN9mnodlqseh3RQu25ZyshOUWKKX/5En4xT0RywVnJDroLFIRUXBLQzv0CbVm5Tz0Nz
lZ2bISOjjJwM/fz2U1W0q0TFu4qVkOxXWuvUcDhRNjFGONBwZK1bNlmpq2AgKH9CuHeHda1yumWr
bbeKJd/C69hblRQENOX1bzXz398rFCxLX4yRU9ZbJHy4its3xnEijTWf34n8HeX8Cd6orx7de0Rt
/+8LL+iuO+5UQpV5TsoNHDig2jKKTXm8ynf8zjzzLLVq1WqP+1Z25hlnRgKOBQsXasOG9erQoWOt
HlvZpM8q7mCeduqptVp+9pCDD458/9WXXyoQDEaNq/eirNYV3c/79e+/z+chOTlZSUlJkQkdCwoL
633uadOmRb4//vgTavVcDho0SI898khkuykCji+/mhP5/tRTT4v58JN9ieW13NivC00lltd5ZV27
dNWwoUM1+4svJEnfffddvY7TFHXulbpsTOXL3keWifXYjQxgf+Lt1hbQkpXPdVn2ibk0WCp/onf+
k01PS9Ou7bu0c3Oh5n60TN98sFSO31FSaoJS0pOUnJ6ohCS/fH4ja6VQIKSSooBKCgIq2l2q0qKA
rGvVtV9bnXXtcLXt3lrGZ+S6RkkpCUpKrWhIVUypYeS6rgp2bpYbCsp1Xfl8fmVktYsqW/nwFuta
KWTlBlyFCoOa8eYCzZm4SJLk81cfEmQkqZZ3n4wxSkn1xsSwAwcO0PHHHafJn30mKby87HcLF+q8
X56nIUOOVLdu3aOW1G3O4+3YsUMLKzXs99atu1o5Doi+W7tixY91Djh27d6t77//IbKdk9NGeXmr
9vm4hMSK8do7d+1S/pbN9QpX4knlu5OOqV39Va7nqks719b2bduihoH0r7Qs5t7ktMmpd6+d2igs
LNQPPyyKbB904L7vysdSrK/lxn6daSqxus5rcvhhgyMBx7z5dV+JqKnq3Ct12ZhKg5WGnBJuAHHN
O5+WgP1Rpd4ARYEipSamxq4sddS2XY42rNsga8vmzPCF726R+FwAACAASURBVHiUFIRDDO1j5UZj
jDr3aKNzzz9SKQU+BRbvDq877zOS35H8RibByPiNlODI+MPncHyO0pPbqrRkt4xxlJicJpVYuYVB
2ZArW2plS12p1JUtdWUD4ZBDrnTUkD7KTEzWxLfmynUbOi7Iqk126wYeo3kYY/Tggw9q7NixmjV7
tiTp2wUL9O2CBZLCk88dd9xxGjp0qIYPGxY1MV1TH2/Hzh1R2x061v6DVft20cHW1noMkaja3fyx
xx/XY48/XufjFBQ0zl3d/dHO3buitrOqLGkZK4VF0XXasQ7XZizE+lpu7NeZ/UHHjhVzf2zNz69z
75mmqvP9sS6LAkX73glAXGhZ8SrQgu0u2bXvneJI5y6d1JAJxkNBVyOO66fUtKRwjwsrKaRwQFEQ
kt0RkJtfquCGEoXWFCu4skiB5YUKLC1QyffbZVcEZVZZBRbvUmDJbgWW7VbwxyKF1hYrtKlE7o6A
bJErBW3kbowx0oCDO6lth9oNgdiX3M65jXKc5tCubTv948V/6LFHHlGf3n2ifrdm7Rq98uoruur3
V2nIsKG67/7793kXsLGOV1ilYZ2aUvteMSlV9t29a3etH1uuvNt5Q5WWBhrlOPujoqLiqO20lLQ9
7Nm8qq7klJIc3z224uFabuzXmZYuNTX6pkbVa25fmrLO97e69FobDNif0YMD8IjtRdvVbd+7xY1+
A/rqw/c+qfcyailpierZt12NS7qGu4aGfx75daXdgsVFSkxLL+sBY6r9vsZjlv08MdGnXv3aa8Pa
7Xvcr3aM+vTp3YDHN7/ExESdc865OvOss/Xt/PmaMWOGps2YpnnzKrpGl5SU6MV/vKh//t8/de/d
d+91CEBjHC8xMXppvuA+JrOrLBCIbpTXZuz5vpxy8sn16p6f0Sq9wefeX1W9Yx0IxkdY5PdFD2Pb
10SL8SZW13Jjv860ZFVfwxo6j09j1/n+VJfbi7bHuggAaomAA/CIrQX5sS5CnfTuveel+PbNauDB
neT3++ockIQCpTLGkanl2OlqZ7ZS3wEd9MXUpWrIUGpjjHr361X/A8RQgt+vwYMHa/Dgwbruuuu0
betWLfz+O3366SS9+eb/KRAMqqioSONuukmts7J0wvEnNNnx0tOj79Zv31H7RubOKsNbWmXWvWdO
elr0+c8551wdf9xxdT4O6q/qNbBrV3zcSU1NjS5X1est3sTbtdzYrzMt0bZKr3dJSUlKTk6u0+Ob
q873h7qs3Aaz5RON1zQRB/NzADHHEBXAIzbt3hTrItRJn369lZDgr1cvCNeVDj2ye70mawuWlshX
5a5/XVgrtc9trVat6z/fiTFGjuNowMDaTYYY77KyszXy6JG679579d+334laKeKZZ56pcwhVl+Nl
Z7dRdps2ke2lS5fW+jwrV0Z3ic7tWPflOVu3zoq6a7py1Y91PkaDNKgXUcuQld0magz/6p9Wx7A0
FTIyMtS+fcUcCSuWr2i8gzdBvcf8Wt6Hxn6daQmWLa2YXHfgwAF1fj+NVZ23xLr0WhsM2J8RcABe
YKSNOzbEuhR10qpVK/Xq2zNyp6MusrJT1bFzVp0bc9Z1Zd2QHH/NS9XVhjFSQoJPPXu3rfcxrKw6
d+mk9h067HvnGCssLNT0GdMjX5u3bN7r/gccMFBXX3NNZHvBwoXK31pxZ6uxj+f3+3XMyJGR7Y8/
/rjWjeNp06dHvs/MzFTv3nXvUZOSkqKjjjoqsv3pp5OatXGeUuWObUlx44yp95IEv19HjxgR2Z47
d16tHrdp8ya9/vrrka/i4uJ9P6gOHMfR0CFHRrYnfdZ410ZT1Hssr+XGfl3YHxQXF2vSZ5Mj24cd
enidj9EUdb6/1uXGHRvomQF4BAEHEOfKP+Sv2b4mxiWpm+TkZA0ZckStl9kr57pWAw7uLKcedzBD
gVL5/An1njvDDQVVWligzWs2KlBaWu+GoGOMBh1+sNLS4n/Vm0AgoEsuvTTyNXXKlH0+ZkD//lHb
lT84NvbxJOmkE0+KfL9g4UJ9MWfOPo+5JX+L3vz3vyLb5/783GrzedTW8ccfH/n+yy+/1Jwvv6zV
43bt3l2nOUNqkl7pzqckbdyw9+WHrLVat35dg84Zj44/rqIOJr4/UT+t+Wmfj5kzZ45uv/MO3X7n
HXpq/PhGmYOlqpFHV4RvP/ywSHO/mbvPx5QG9j2HSFPVe6yu5aZ4XfCy0tLSfe7z+ZQp2r5tW2R7
SKUwrS4au87317osb4M1bG4uAM2BgAPwAGOMVm/Li3Ux6sQYo6OPPUqOU7fGgDGS3+dq2+atChQX
KlBSpGBpiUKBgNxQUNYNhXtqWFslgLDhgCOhbh9irOsqUFyo4p3bFSgqlJWjDycu0cL56+vfkDFG
I44ZLseJ/5fYzMxMDR8+PLL99n//u8/JElesqOiKn5SUpOys7CY7niQdN2qUevasmNPl0cce1c69
zMNgrdVT48dHfTj4xS/rP7Hd6WNOjxomc889dys/f+93IAsKCjR27HUad+M47dhR/7kZunfvHrU9
bfq0ve4/8f2Jmjx58l738aLjjj8+qg6efvoZhUKhPe6/a/duvfDCC5Htn//8503ywWTUscdGrdbz
1NPj97pyRUFBgZ5+9ul9Hrep6j1W13JTvC542bN/fnavgdHOnTv1TKXrJLtNGw0fNnyP++9NY9f5
/lqXq7flRV5DTNn/akT+AcRc/Le+gf2dCX9tLdyqfK9NNNq3t3r16VGnN3xjjKZOWqZnHpui7xds
lOP4JGvlBgMKlhSrtKhQpYW7VbJ7p4p2bFXxrh1lXzslGTm1mGXeuq6CpcUq2b1TJQW7JGOUlJGp
pPRWSkpN1slnHqLEpPrNwWyM1KlTrgYderBn7vT86rJfRb6f/cUXuuPOO7RuXfW7wa7rasrUqXry
yScjPzv77LOrLWXY2MdLTEzUPXffHdmeP3++rr9+bI3HLCgo0MMPP6zXX3898rPrr7++2jKGdZGZ
manbbr4lsr14yRL99orLtXjx4hr3X7RosS791f9o8mef6Z1339WDDz9U73O3ysiI6sHyl+f+oncn
TKj24X7nzp3624t/07V/+EO9zxXPWmVk6OZxN0a23/rPW3riySdrvBOctzpPV199tRZ+952kcP1d
dNGFTVKurOxsjR07NrI9Y+YM3XHXnTUGAXmr83TFlVdqXi2G2DRVvcfyWm7s1wUve/+DD3TDuBu0
JX9Ltd9t3rJZ4268UYsWVdTJdddeq7S0+i2P3BR1vr/VZX5BvrYWbo11MQDUEquoAB5gZCQjLdu0
VG16DIt1cWotM7OVjj9plJYuWVGn4R6OYzToiO4adGSPPe4TCgQUKC6UPylZxnHKVk4x1c9T1tPD
uiG5oZBcNyRjJcfvV2Jquky1XhZG7Ttm6sQxB+n9/9RurH/0w41Gjhqhtm3rP4dHcztu1ChdcvEl
euXVVyRJb775pt58802dduqp6tuvn1plZGjTps2a89WcqA9n2W3a6PdXXdXkx5OkEUeN0LgbbtBj
jz8uSZr82WeaMXOmTjvtNPXr21cJCQlas2at3nvvvagPDSefdJJ+++vfNPg5Ovvss7Vo0WL97cW/
SZLmzZ2nU0efphOOP0GHH36Y0tLSlL91q+bNnRd1t713r976Y6UPwPVx2WWX6ZNPP5EUXor0urHX
6cUX/67Bg4+Q3+fTuvXrNWXq59q9u6BB54l3Z599tmbOmql3J0yQJD33/HN67733dOoppyi3U66C
oaC+//4HvT9xYuSOcoLfrycee1ydO3VusnJddMGF+vyzzzT7iy8kSf/+97/16aRJOvP0M9SlS2eV
lpZq8eIlmvDehDodt6nqPVbXclO8LnjZuxMm6JNPP9Xpp5+unj16yOf3aeXKVZow4d2oOh0+bJjO
beDSqo1d5/tbXS7btFQyDE8BvIKAA4hnRqo8R+fiDYs01EMBhzFGJ558vN58/e1wl9haZBzWWvXo
3U6nnjVI4azCStZWCyJ8CQlyfBmyrivXDcl1g7LWLQs0JDcYkOPzyzgmHH44jnz+BPl9ybVqpAw6
opt+Wpmvb7/Jq32jxkjp6ekac+ZpnmoIGWN02623KjEhMdIAlqQPPvxQH3z4YY2P6dGjp54Z/3SN
Hxwb+3jlrrziSqWlpemBBx5QIBhUSUmJ/vvf/+5x/3PPPVf33HV3nZdWrIkxRrfccrNy2rbRw488
Evn5pMmTNGnypBofM+rYY/Xwww+rXdt2DTr30CFDdOutt+rBBx+M/GzBwoVasHBhtX3POvNMdeyY
[...]
2nE95THwQS+Ol1YuMPCu5iml8JUrr8BRUw4PiwHbt+3Bo/e/jA9WbkasLT4spKVhD3w/hmg09yd4
pPGBQiocyougraU5fb4QpdB/QA2Gj+yX8nMK+x04Gd+55v9pm5iTiIhIqlfen5/We0NlFDrym5VL
Jok3nAEnmqidM9dhQJcNtbrAEWChQxZncjsyP4fKHHaaKHYseG+eoXc0r0+fPrjxZ9dj7LgxUAqI
xXx8sHITZv79NTQNjMDv4aOlKd57Ip/5NwDAh5/f3KQJyovA92OItbbA9300NbViwZzl+N2d87B6
5ab4zyiFYcOG4ic//xEGDur8kaRERETUtRdXzosfv73keU/4rwDOnJ9qxuswWZzJ3UlDnShwBCTv
YBI5k9uy+TlU6u2J1Im0MnpwbNmzBS+vXFjgu5XOyL1G4pbbb8bQYUMTMRWO/fx+6DeuN3pM7ote
Bw1FpKoyv/k3AMAvbH5tz/MAKLS1NiE6tAfU3tV4/Y212L2zEUjM7dG3X1/8bNqN2Gef8Xm/D3Wu
MlqBcePGhf8iUfaSISIqV4tXLURdw+b4uQ4Qn38sdYrRlPMilecx3oFLByMkX4dZ3kQjnMmdpaFO
FTgCErtLObORaeZUbtuGrXQw0Wjqh3PeeabQdympyftNwrQ7foahw4ZiwPDeOOqsfRGLxScdrRjQ
Ez369M3zEbGJHhxe/gUO5XmoGlSLmiOGITqiB2oHVePEiw9KLPtEceO2H+PwIw/jvBsGHXrYoZg3
Z274b/Qog8+0JSKiknp+xez4MdVDu6el5DrBaK6cOkfVSHKhQyJncqdsQ04WOADZO5flTTTCmdyl
np9DZfk07LmR8nUv3ovj1dWLsLbug4LaWEpKKRx86EGYfvc0nPK5KaisroBSQFN9CyJNPvzWAlZG
wXNweKjsVQOvIgLfj3cIOeCksRg8qi+GjxiG6XfdiuNPOI7FDSIiIg0+3Loa/16zCMpD+/k3ghs8
mTQcgp04PzWAN5zlcCq3D0QmnDP+plK3QwcjlwgOXHc40ETtnMqssbGFvJQC0v4yBfNe+j6AmI8j
xh5dwKuXllIKgwcPwoGTD8KWXRvR4jXgb79ciGEVPVBREc27gBDMnRHNeCRtd0SUQs3AKmzb3oDK
6gpUVVegT8UgXPOta7D/gfuzuEFERKTJX1/9M1bVrYAX8aAiCl7iZk74L9GDMuzJmu+Mo52QelTn
dZgstud2tgdHJmNVRMvLVZY3zwgHVktSiXpzdDoPh1LhPBzKU3jyzcextb5OX0NLQCmFfrUDMWXY
GRjYOh47P27Au29vKuxF/cL/gMea2vDSA2/g6d+9ioqKKPq3jMLXL/kW9pmwD4sbREREmmytr8Mz
b85Int8kHh8XzL8RzMcBoKD5N7ri1DmqRuxZL4vtucumwAEYXNg2r0HYv5GZ4kzuUg5byTYPR8rX
g26cM157VFfzSqqmuhZTxp2G6773A0yaPA5KFfYnrtAiREtrDLNnLEOF3wP7eEfj6NFnoHdN34Je
k4iIiNLNWvJ/UBEFFUne4FEpN3ZCRbq34Mw5qmaSCx0S2ZpbffrB02xtW8HYXUoWZ3IXozukH58k
Mzgo+H78Yz/mh/9ibYn/t8QQa4nh/i89hkG1Q/Q2rkR838fu3buwdNl8bKpbgZbW5m6/RnPDHsCP
obJnr7zbUVFRifeXK1x+xWXoP2AAe20QERFptmXXRnz1wfMQiXrwKlKGp0SKOzylI1KP/LwOk8Wm
3GUzB0dnuIPJ4VRmw/NzhAdvH/G7F37GbwSfJ/7f1NyII8cdo69RJaSUQlVVFUbtNRF9e++FhsZG
NDfvhu/Hcn6NttYWQAGRispuv3dFtAoD+o7BAZNPw+mfOgM9a2pY3CAiIjLgwZd+i9V178GLKnie
FxY1PKUSvTgSRQ4gfJIZEh8Xk9SzAF6HyWJD7mipG1AMPgwsbCMvqpcDTdQuuGZ3IrfGFdRp7rDI
AcBXyd8I7mIkTgSefnMmTp18BiYN209PoywxbNheGDx4OLZs+Rhr1r6Fjze/h6bmXVDKR1ub38lT
ZP2cihK+D3hefGFWVvbC4AHjMGbU/hg0aDiiURF/YomIiEri3Y/fwnNvPRHvueGpcPB96vCUtMfD
lvAE0alzVI2M5HZgYTrQRCNsuP4Uc/bNnUsWZ3Jrbmj4cgppPTZSO3KEM+8EX/ASRY6IwsMv34ef
n3uHnsZYJBKJYMiQERg8eDh27zoKm7asw8cb38eWrWvR3LILEU+hLRaLD+VJUFnOhHwfYTfXSMRD
W5uPyopeGNB/JIYMHoehg/dCbW1f9tYgIiIqgr+88kd4ES9+oyEYgeIlh6Ikh6RkYKGj6IzdcIaJ
F9bHhgv+Yiv1ahFT4Aiw0CGLM7lNFTqg4Cs/ZZhKyp9ZBUDFfzLoxbHkw3/h6aUzccaBZ+lpiGWU
Uqjt3Qe1vftg7Jh90dTciPr6ndi4cT32NGzD1q0fYfee7Whra4LvNyESUYleLwp+LIJotAo1Pfui
f/+h6FndD4MHj0Btr76oquoBzyurOZuJiIis9uyymXhj/b8QiXppT04B4sf7Yj49JR+88NX8whYv
TGeuRzQrVe4oF7jtL6qX5fu/Mc7kNlTogIrXMvzgLkbKXQ0/dahKROG+Rb/DUeOPRf+aAXoaYSnP
81Ddoyeqe/TEwAFDS90cIiIiytHW+jo89NI94Zwb8IIeloDyEA5PCc+nLD0JdODSwQjJ12GA1U00
oti5w1uOZfsolS7wsbJyOJVbR0NTBp0mCx2pvTdUcuItlZxpfE/rbvz+hV9raAARERGRfn+afxca
WuuTT0oJqxsKCirlZk6WPhsWXl06dY6qkeTHylreRCOKlTmtT7Xkhc2dSw5ncutsaKKnhp/4GFBI
ORfImHDUw8KV/8STr8/Q9OZEREREejy9dAZeXvV8oriB9r03PMQLG6m9NywbntIRZ85RNZN4wxlw
oonaFWMbzzpoXPLOxUKHHM7kLqShqv2nfvjYNGTvxZF4fvz//PNOvPfxioKaTkRERKTLyo0r8IcX
pqf13Oiw9waydNawv8YBwJHzU814HSaLydydzorHBW77i+plefOMcSZ3AduQCqcWT7yUAvwsvTji
PTgQL3JEFO6a+0u0xlo1BSAiIiLKT2usFffMmwYv4rXvveGp9r03lHKq90YmBy4djJB8HWZ5E40w
kTunaf8lLmxAZncp7lwO6G5Ds/TiCA7+vor36Ah6cSDxCNRgPo73697DHc/cqqnhRERERPm565lb
sLruPSgV72na7skpZdJ7I5NT56gaSS50SKQzd87PNXRgezBC8s5leRONcCZ3Hg3N7MURFjNS5+BI
KW6oxHPl56+YgwcX/VFr84mIiIhy9ciL92LhyrlQEQ+IqPhwW6Scs5RZ741snDg/NYA3nOXQlTvn
AofuN3YNCx2yOJM714Z20IsDwf8T//y0YgeAxJwcf3n1AczipKNERERUZLPfmIHH/v1AstdG4p/v
qZTpxJIfu/LklHw4c36qGa/DZCk0d7cLHLre2FXGqoiWL0zLm2eMM7lzbGhqL46gG2cw63j8nwK8
5JAVLxJ/qooXUbhn3p14YfkcgyGIiIiIkha+Mwe//+cd8Tk3EpOgBxOLep4CvHjXDQUkzl+S5zfl
1HsjkwOXDkaw0CFLvrnzLnCkvrE0xjYyyxcmdy7LddXQcEyqSt7JSHmGWjBcJZisC4l/wUmFiipM
m30zXnp3gbkMRERERABeeW8Bpj99E7ygsBFJnJd4yXnDoAB4gK+8xDlQloJGedY4ADh0jqqZ5EKH
RN3NXXCBI3hTiQtc8s5leRONcCZ3N4atpPbiSH1sbNrXPACJ3hxe1MNPZ13PIgcREREZ88p7C/CL
J3+YfGJKRIU9TsMnpyR6ciR7bMRPXIJToHLtvZGNE+enBvCGsxzdya2lwJHPG5cTFjpkcSZzthWU
2YsjZSKu+ASj6UNVwmfMJz73PAUv4uGnM6/ncBUiIiLSbsHyOcniRlS1m3sj9Qkq4XxhaROLBt06
UNa9NzJJPi/ndZgcueSOmnpjQNTfFACG/o468MfZgSZq59Q2nrmCFNL+Migg/qhYP/6D8fOClF9K
+dngqx48THvqZuxq2o0zDz7HaPOJiIhIhtlvzMDvn5/evrihVMpjYZHsYRr24GjfXyN+bpPo0+HE
CZseTp2jamQktwML04EmGtFZ7sg+54y/yeSbS1vYASO5HViYDjTRCGdyq9QPk3NxpJ8cZJ4ktH8E
i5/4+VdXvoRYrA0HjTrMVIuJiIhIgEdevBcPLron/pj61ElFw8fXq7CXabLggbAXaruJRcPTF5X8
rzMnbPoIjGwus+UL0/LmGZOZ20gPjlSsKtn+ono50EQjnMmd2lA/fhLgq/gXlQ/4KqWDR3iy4Idd
QAOeD8TiH+F/Fz+Aj7ZvwHen3oCoZ/xPChEREZWR1lgr7nrmFixY8VxacUOlDU3JmHcjHGbbVXEj
EJ+bQ/myenMA7Gmt/YUtXpjOXI9olpm7aFcjXOC2v6heDjTRCMv/7iV1MDdHUN5QUGnDVHwAKuYn
ixx+vGdoDACUh3+umIu1dWtw1enXYZ+hE823n4iIiJy3cuMK/Oa5aVhd9176hKKZxY0u591IedFO
TsR8cNiKJLwOkyXIrXWS0e68sTQSZ/kFnGiidk5N+uOnD0gJhqp0OOmoQko30cSko178EbKr6t7D
Nx/6EmYtmVGyOEREROSG2a//A9c8/CV8sPW9eK+NaGZxA/EnpqQUNzqbd6M7T03xoeJTjzlzwqaH
wMgAOBGpNMbn4OiMtKpSgPNzyGJ17pShKpnzcQTPk0+OWVXp30/rHpr4UCksXvUS1m75APuPPBDV
lT2LGoeIiIjstrW+Dnc/Nw0z/vNIcjhKB702vIziRloPDiCHoSmdSXb94PwccvA6rPypqQ+eVvLC
jqQFnoo7mCxW5/aD/4UfxD+K+Yk7HD5834cfA/yYH37dj/nt/7XF/9+zohe+csI3MPXgs0oUioiI
iGzyzBtP4IEF92BP626oiAflod1jYOO9RmG4uNGetGErAYGRAfA6rJxZUeAISFjg2UjcwSxvnjFW
504tcvgpX+pWkQOJn0kUOtp8HDr6CFx23Fcwafh+JQpGREREpbTio7fwyKJ78fqH/4r32giLF2hX
3MiccyOtuJHzpKL5Y6FDFonXYYATTcybVQUOoLwXdme4c8libe5sRQ4//nF3ihzw0z+PtcXwmYPO
xoVHX4rBvYeWKh0REREV0eZdH+OxVx7EM0sfj/fYSJ3LS6UUM5QdxY0kn8NWhOG1WPmwrsARKMeF
nQvuXLJYl9tP/dAPZycKPs5a5EgtcPjx58cGH4fFj7ZkweP8Iy7GuUdcgAG9BpYqJRERERm0dfcW
PPHv/8OM//xv+hNQwslDO+jBoZBTcQMwXeAIyCx0CIsb4nVYebC2wBEotwWeK+5gsliVO8t8HGGH
jkTRAkgtcKQPTUkreAS9OVIKIsG/sw85F2ceci5GDRxbipRERESk2YdbVmP26//AU2/8vX1PjJTH
vIZPZ0vrwREUNGwpbiRx2IosvA5zm/UFjkC5LPDukriDWd48Y6zK3UWRI/6/1AJG9iErYbEjKIyE
PT2SP3P03sfj9P2n4pgJJxQ/JxERERXs5XcXYN7bT+HVVQuTE4WmFS2Q/rh5lT6ZKFR6AQQdTCga
/7C4xY1ULHTIIvE6DHCiiZ1ypsABuL+w88WdSxZrcnc4XAWdFzlSixppPToSPwekFTqC+ToG1gzC
ifuehuMmnoh9OSEpERGR1VZseBMvvfsCFrwzF3X1m8PeGGFhA+k9MdJ6baj0ISlBL420ooZlxY0k
mcNWAJGRAci8FrO8eZ1yqsARcHmBF0LizgU40UQjrMjdVZEjbehKJ8WO4GM/fdhKshiC8GP4Pkb0
HYkjxx+Lw8cdiYNHH46oFy1+diIiIgq1xlrxxpp/47XVi/Gv91/Ehu3rwt4aXtDrIkthI7PnRlqv
jYwhKfGvJV4LaD+haPA1K8gsdAiLG+J1mDucLHAEXFzgOnAHk8OKzLn05IgBUB0UODJ6crQrdADx
Hh3B/31ABT8LH56KYP8RB2O/EQdg0ojJ2HvIRE5QSkREZNjW3VuwcuMKvLvhLSzfsAxvrn8dMb8t
UchIH0qiVGqBIqOwkTqnRke9NlLm23CjuJHEYSuy8DrMfk4XOAIuLXBdjGW2fGFa3jxjrMid5RGy
7XtzZOupgeTcHH4HhQ4kh6uErxlLKab4yZ8HgP41A7BX/zEY2X8khvYdjsG1Q9Cv10D069kXNT1q
UV3RE5UVlYh4kfQTIyIiIsF8+GiLtaG5tRmNzXuwu3EXdjRsw7bdddi0ayM27tiADVs/xIdbP8DW
+rqM4oNK612hPCBRgUgvdmQrbLQraiS+B6QNRQknEw1f2oYhKblhoUMWFjrsVRYFDsCNhW0Cdy5Z
Sp47l8lHs/TmyKXQkfYY2uD1Eq+tYuE7ArHEW/vJNoQfl5mSr++SKM912RWZ65rFemmcye1MQ/VQ
KvlB6sfZvqfCSgTa9bxI68GRWdhA9l4bHQ1JiX/oTnEjSeawFUBkZAAyr8Usbx7KZmB7cEps+wLX
zUhuBxamA000ouS5VbwRCipe5AjOPXzAVwrw/fgdHV8lT1L85D8/8SUVSxQzMr6vEkWO+P9VWDRB
8HI+4HvJNgTFEAUVFj7KjbRtPIl3wiRhoUMWZ3I709DCKZX6cbKwkPx6lqIGMooXSPTq6KiwEczN
AWRMIFouxQ0g0Y8Dypd3DAtO66QxktvyhVny65EulE2BI2D7AjeFhQ5ZSvp3L6XIAQC+8sMvBwd2
wI+f/PjBDyeKH0qlFTZULJHFV4k5NxAWKtoVOxKv7KX1GFFQwUbglfe9f2nbeOYWJY289R0n8U6Y
ZE6sGs2NtDGzSmtUtuIGshY1svXaSP1+UNgAgslHU14ns7ARvF7qErJxYeXIh0qcK8kqdEg+Lwd4
HWaLsitwBGxd4KZJrCICTjRRu5Ju48GbBr05VPIiVPkAVGqhQ8GPJe7qhPNsqORKC3pvJDpsKC+l
2BF8DwB8FQ5FUT4SxZPgh1J+jspMfCNRQleu0NgiCx2WN88YZ3ILKHQACKsaKqXoEP88WcgIvt7u
qScq4+upPTaUgq+QfNoKUl7f+V4bHWOhQxYWOuxQtgWOAC98bX5RvRxoohElL3Rk9uYIvpZl2IqP
1EJHyj/E5+6IFzLSXzeYnwNI//nw88RQFWlkbefJYpbUQodExla15duQ5c0zhrlLKLXTRNpYlcyC
RvBBRlEDHfTqiL9gWm8Qv4x7bXTGT5yrpGUXQPK5uZEbzjDxwvrYct1d9gUOwIntwQgWOmQpWe7M
3hypc3Mk/ps2bAUq0VMjpScHUoavAMn5NIJCScrrA0gveiClEILk70kgbRtP26LkhZcYGYDcQodU
TqwWA40sRW6VrWIc9thI/SS1R4dK692R1lsj6MERvEDm76W8ZNAJ0yvDXhsd4/wckhg7L7d8Ydpw
HSaiwBGwYYGXguRCh8XNM6ZkubP15kj5VrLQkShuZJ7UhL0zMoodWXptqNT6hh+8DB8IKw3n55DF
SG4HFqYDTTTCidyaG1myzGk9OJD2SfrnGT06OipqpL5mlh4b8f8lzhUy31MADluRRfJ1GFCaJkbD
IqLFC0g3Xvja/qL6OLD/G2FLbw4gS6Ejc46O4DuJAknw+2k9NPyMUSiZRQ+kf0/a+g7Iyx3faKSd
HAeExjbD8oVpefOMcSa3w4WODv9+phYzgs9Tb0xkFDWCL8e/p9I/T/l/tuEocs/VFIetCMJCR/FE
pXaXcmB7MII7lyy2FjoAZExGivhBPjjKh8WORAUtraAR/1rwcp1NvyFtfQdk5U7pHyQrOACRkQEY
zG35ArW8ecY4k9vhQkfmm7ab8FOltKerokbG76W9XtoPpZN5rpY4D2KhQwyJN5yB4jYxHKLC7lKy
sNAhi5WFDhV8HRm9OuJfSD5mNvmzaVJfhkWOduTlZqFDIhY6ZHEit4FGFi13thpEypCU8H8q/Xsd
FTXiH3Zd2MjkwLWaATJvOAMy1zevw8xqNwcHu0vJInkHs7h5xpR0fo5EA1JPdtr16kj8THhHwwt+
MCh4pLyYCr+V0xAFiesbkJg7ccKtOql6lTF56zvOSG4HFqYDTdTOmcyu9ubIWuRI/X4HRY2Uj9vN
iJVH4x04lTSCN5xlkXwdBphrYgeTjMruLiUobkhidykH9n8jSpq73TmPyvr1tC9p/iMkbX0HZObm
/BySsDeHLM7kdrXQYQm552q84SyJ5EKHieZ5nX9bhZVESTqbv7CcGcntwMJ0oIlGOJNbc0Odya2Z
zNwKvi/vGAaIjGxuG7d857G8ecY4k5vHMC1kxdz4dgAAHExJREFU5o5fh/kCwwuLGzJ2DLOYic27
iwJH8MYyTxIF/j0BwEKHNM5kNnCSKJHE3DyGycJChyzO5NbcSGdyayYxM284y8LrsMLlVOBIvrHc
KqKwyABkniAC1jfPCAdWSxLvhBVMbm7V6YS05Uru+ubdMEmcyGxg5TiRWzO52ziL9ZKw0JG/bhU4
4mRWEQGRkXmCKIwzudnlVwuZueMniFILHRKxWC+HA6sljscwLeTm5g1nSSQXOvKVR4EjeFNWESWR
vHNZ3kQjnMnNk0QtJGaWOj+H5G1cYqHD8uYZ40xuHsO0kJmb83NIwxvOucu7wJF8Y7k7l7DIAFjo
kMaZzAZOEqWRu42z0CEJeyXK4kxuDlvRQmZumT3rndm3NeN1WG4KLnDEya4iCosMQOYJIuBEE7Vz
ahvnnbCCyc0td9iKwNiiTxIlciI3e3NoITc3i/WSSD6G5dJETQWOgMwqIiAyMncuYZzJzZNELWTm
5vwc0nDYihzO5OYxTAu5uXnDWRKJxzCg6+ZpLnAEb8oqoiQsdMjiTG6eJGohMTPn55DF6LAVixeo
5c0zxpncPIZpITM3bzhLYvQYZrHOchspcCTfmFVESSQXOiRyJreBk0RpHNgNjQiL9cLIXd88SZTE
mdyaG+lEZgMk5uYNZ1kkX4dlNtFogSNO9vwcEvEEUQ6ncvNOWMHE5hY8bEVgbNEniRI5kZu9ObSQ
m1vudZiwyABkH8OCJhahwBGQ2V3Kge3BCO5csjiTmyeJWsjMLfNOGCAyMgAOW5HEmdw8hmkhM7fs
G87CIgOQecMZiDexiAWO4E1lniRK3rlY6JDDmdwctqKFxNw8hslidNiKxQvU8uYZ40xuA8NWnMit
mczcMm84AyIji70OK3qBI8AqoixSdzDLm2eMM7k1bkMObI5GyM3N+TkkMVrosJjk9W09AyvHidwG
SMzNYr0s0q7DSlbgiJPdXUoiniDK4VRudvktmNjcnJ9DFIm9OQDrm2eEA6sljsNWtJCbW+51mLDI
AOQUOkpc4AjI7C5l4fZQFFJ2rkwONNEIZ3LzJFELmbll3gkDREbmsBVhnMnNY5gWMnPzhrM05X7D
2ZICRxy7S8nCQocszuQ2cJIokcTcPIbJwkKHLM7kNjBsxYncmknMzBvOspTzdZhVBY6A5CqisMgA
ZJ4gAtY3zxhncmvchhzYHI2Qm5vDViQxWuiwmOT1bT0DK8eJ3JrJ3cZZrJekHAsdVhY44mRWEQGR
kXmCKIxTudnlt2AycyvOzyEMi/VyOLBa4jhsRQu5uXnDWZJyKnRYXOCIYxVRlnLaubrDgSYa4Uxu
niRqITEz5+eQhcNWZHEmN49hWsjMzfk5pCmHG87WFzgCLHTIwkKHLM5kNnCSKI3cbZzHMEnYK1EW
Z3IbGLbiRG7NJGaW2rNe8jbu8nWYMwWOgOQqorDIAGTeCQOsb54RDqyWJN4JK5jc3By2IonrJ4n5
srx5xjiR28D240RuzRzYDY1gsV4WV49hzhU44mRWEQGRkXknTBhncrPLrxYyc8uen0MiicV6y5tn
jDO5eQzTQm5u3nCWxLVCh6MFjjhWEWVxbefSxYEmGuFMbp4kaiExs9T5OSRv4yx0yOFMbh7DtJCZ
mzecpXHlhrPTBY4Aq4iysNAhizOZDZwkSiN3G08UOoSRu77dOUnUievbchy2ooXE3LzhLIsL12Fl
UeCIkz3Lr7DIAGSeIAJONFE7p7Zx3gkrmNjcgoetCIztxEmiCZY3zxgncrM3hxZyc7PQIYnNx7Ay
KnAE2F1KEpt3LpMcaKIRzuTmSaIWMnNzfg5pOGxFDmdy8ximhdzcvOEsiY3HsDIscMSxiigLCx2y
OJObw1a0kJmbxzBJjA5bsXiBWt48Y5zJbWDYihO5NZOZmzecJbFt6GXZFjgCrCLKIrnQIZEzuTVu
Qw5sjkbIzc35OSSx7SSxWLi+LWagkdZnNkRibt5wlsWW67CyL3DEyZ6fQyKeIMrhVG52+S2Y2NyC
h60IjC2yNwdgffOMcSI3h61oITe33OswYZEBlL7QIaTAEZDZXYo7l+0vqpcDTTTCmdw8SdRCZm6Z
d8IAkZE5bEUYZ3LzGKaFzNyybzgLiwygdDecPZkLW+ZJouSdi4UOOZzJbeAkUSKJuXkMk4WFDlmc
yW1g2IoTuTWTmFnqDWdAZOSSXId5xt7YAawiyiK50CGRM7k1bkMObI5GyM3N+TkkMVrosJjk9W09
AyvHidyayd3GWayXpJjXYV4OP1PmUrpLCSMwMgCeIEriVG52+S2Y2Nycn0MUib05AOubZ4QDqyWO
w1a0kJubN5wlKUahI+scHBIXttSxzdy5bH9RvRxoohHO5OZJohYyc8s8hgEiI3PYijDO5OYxTAuZ
uWXPzyGRyRvOHU4yKnD7AsDuUtKw0CGLM5kNnCRKJDE3j2GysNAhizO5DQxbcSK3ZhIzS52fQ/I2
buI6rMunqMhd4HKriMIiA5B5gghY3zwjHFgtSbwTVjC5uTlsRRKjhQ6LSV7f1jOwcpzIrZncbZzF
ekl05875MbEyF7jMKiIgMjJPEIVxJje7/GohM7cSPT+HRCzWy+HAaonjMUwLubl5w1kSXblzLnCk
vrE0rCLKwmErsjiTmyeJWkjMLHV+DsnbuMRCh+XNM8aZ3DyGaSEzN+fnkKbQ3N0ucARvKnGBS965
hEUGwEKHNM5kNnCSKI3cbZyFDknYK1EWZ3Jz2IoWMnPL7FnvzL6tWSG58ypw6Hhjd8muIgqLDEDm
CSLgRBO1c2ob552wgsnNLXfYisDYoov1EjmRm705tJCbm8V6SfLJXVCBo5A3dp/MKiIgMrLoE0TL
m2iEM7l5kqiFzNycn0MaDluRw5ncPIZpITc3bzhL0p3MWgoc+bxxuWAVURYWOmRxJjdPErWQmJnz
c8hidNiKxQvU8uYZ40xuA8NWnMitmczcvOEsSa7buNYCR3feuNywiiiL5EKHRM7kNlDokMaB3dCI
sFgvjNz1LXP4Jde3xQw00vrMhkjMzRvOsnSVW3uBI9c3Lk+y5+eQiCeIcjiVm705CiY2t+BhKwJj
s1gvjBO52SNRC7m55V6HCYsMoOPcxgocqW8sj8zuUty5bH9RvRxoohHO5OZJohYyc8u8EwaIjAyA
w1YkcSY3j2FayMwt+4azsMgA2mc2XuAI3lTmwpZ5kih3fbPQIYkzuTlsRQuJuXkMk8XosBWLF6jl
zTPGmdwGhq04kVszmbll3nAGREZO28aLUuDI9saSsIooi+RCh0TO5Na4DTmwORohNzfn55DEaKHD
YpLXt/UMrBwnchsgMTeL9bL4KHKBI/WN5S1w2d2lJOIJohxO5WaX34KJzc35OUSR2JsDsL55Rjiw
WuI4bEULubnlXocJi1yaAkdA2sKOk9ldSuLOBcjuzWF5E41wJjdPErWQmVvmnTBAZGQOWxHGmdw8
hmkhMzdvOEtQ0gIHIHXnYncpaVjokMWZ3AZOEiWSmJvHMFlY6JDFmdwGhq04kVsziZl5w7m8lbzA
EZCywDNJriIKiwxA5gkiYH3zjHEmt8ZtyIHN0Qi5uTlsRRKjhQ6LSV7f1jOwcpzIrZncbZzF+nJk
TYEjUO4LPDuZVURAZGSeIArjVG52+S2YzNyK83MIw2K9HA6sljgOW9FCbm7ecC4n1hU4AuW4sLvC
KqIsHLYiizO5eZKohcTMnJ9DFg5bkcWZ3DyGaSEzN+fnKBfWFjgAqTsXCx3SsNAhizOZDZwkSiN3
G+cxTBL2SpTFmdwGhq04kVsziZml9qwvp23c6gJHoJwWeHdIriIKiwxA5gki4EQTtXNqG+edsILJ
zc1hK5JILtZL5ERuA9uPE7k1c2A3NILFenc5UeAIlMMC7z6ZVURAZGTRJ4iWN9EIZ3Kzy68WMnPL
np9DIg5bkcOZ3DyGaSE3N284u8apAkfA1YVdCFYRZWGhQxZncvMkUQuJmaXOzyF5G2ehQw5ncvMY
poXM3Lzh7BInCxyA1J2LVURpWOiQxZnMBk4SpZG7jScKHcLIXd8yh19yfVuOw1a0kJibN5zd4GyB
I+DaAteDs/xKI/EEEXCiido5tVvzTljBxOYWPGxFYGzRxXqJnMjN3hxayM3NQofNnC9wBFxY2PrJ
7C7lys6lm+QTRMubaIQzuXmSqIXM3JyfQxoOW5HDmdw8hmkhN7fcG842Ry6bAgdg/8I2hVVEWVjo
kMWZ3By2ooXM3DyGSWJ02IrFC9Ty5hnjTG4Dw1acyK2ZzNwybzgD9kYuqwJHQObOxSqiNJILHRI5
k1vjNuTA5miE3Nycn0MSo4UOi3F9W8xAI63PbIjE3LzhbI+yLHAEbFzg5nF+Dml4giiHU7nZ5bdg
YnMLHrYiMLbI3hyA9c0zxoncHLaihdzccq/DbIlc1gWOgC0Lu7hkdpeyaecqJsm9OSxvohHO5OZJ
ohYyc8u8EwaIjMxhK8I4k5vHMC1k5pZ9w7nUkUUUOAA7FnYpsLuULCx0yOJMbgMniRJJzM1jmCws
dMjiTG4Dw1acyK2ZxMxSbzgDpY0spsARkPtHhVVESSQXOiRyJrfGbciBzdEIubk5bEUSo4UOi0le
39YzsHKcyK2Z3G2cxfpi8uRuaBJzs4ooDU8Q5XAqN7v8FkxmbtmPlRUYW2RvDsD65hnhwGqJ47AV
LeTm5g3nYgh7cAhbziGJuVlFlEVybw7Lm2iEM7l5kqiFzNwyj2GAyMgctiKMM7l5DNNCZm7Z83MU
Q9oQFYHLGYDk3DJPEuWubxY6JHEms4GTRIkk5uYxTBYWOmRxJreBYStO5NZMYmapPeuLsY1nnYND
8s4lM7fcKqKwyABkniAC1jfPCAdWSxLvhBVMbm4OW5HEaKHDYpLXt/UMrBwncmsmdxtnsV63TicZ
lbuhScwts4oIiIzME0RhnMnNLr9ayMwte34OiVisl8OB1RLHY5gWcnPzhrMuOT1FRdhyDknMzSqi
LBy2IoszuXmSqIXEzFLn55C8jUssdFjePGOcyc1jmBYyc3N+Dh1yfkyswOUMQHJuuTuXsMgAWOiQ
xpnMBk4SpZG7jbPQIQl7JcriTG4OW9FCZm6ZPet17ds5Fzh0v7FrZOaWXUUUFhmAzBNEwIkmaufU
Ns47YQWTm1vusBWBsUUX6yVyIjd7c2ghNzeL9fnodoFD1xu7SmJmqVVEQGRk0SeIljfRCGdy8yRR
C5m5OT+HNBy2IoczuXkM00Jubt5w7o68CxypbyyNwO0LAKuI0rDQIYszuXmSqIXEzJyfQxajw1Ys
XqCWN88YZ3IbGLbiRG7NZObmDedcFVzgCN5U4LIWnJtVREkkFzokcia3gUKHNA7shkaExXph5K5v
mcMvub4tZqCR1mc2RGJu3nDumsc7YYWTmVv2/BwS8QRRDqdy8xhWMLG5BQ9bERibxXphnMjNHola
yM0t9zqsq8he+JNFfuNyJDGz1O5SkrdxqSeIljfRCGdy8yRRC5m5Zd4JA0RGBsBhK5I4k5vHMC1k
5pZ9w7mjyF5OP1XAG0sjcPsCwO5S0rDQIYszuTlsRQuJuXkMk8XosBWLF6jlzTPGmdy84ayFzNwy
bzgD2SO3n4ODVUQt5OZmFVESyYUOiZzJrXEbcmBzNEJubs7PIYnRQofFJK9v6/GGszYSc7NYH9fx
JKMsdGghM7fs7lIS8QRRDqdy8xhWMLG5OT+HKBJ7cwDWN88IB1ZLHK/DtJCbW+51mI9cnqLCKqIW
MnPL7C4l8O8JANm9OSxvohHO5OZJohYyc8u8EwaIjMxhK8I4k5vHMC1k5pZ7wzm3x8Ry59JCbm6Z
J4ly1zcLHZI4k9vAcUwiibl5DJOFhQ5ZnMlt4IazE7k1k5hZ4g3n3AocARY6tJCbW2YVUWBkADJP
EAHrm2eMM7k1bkMObI5GyM3NYSuSGC10WEzy+raegZXjRG7N5G7jcor13StwBFjo0EJmbnlVxIDA
yDxBFMap3DyGFUxmbsX5OYRhsV4OB1ZLHK/DtJCbu/xvOOdX4AiwiqiFxNySqoipyvzvSYc4bEUW
Z3LzJFELiZk5P4csHLYiizO5eQzTQmbu8p6fo7ACB8CdSxO5uWWeJMpd3yx0SOJMZgPHMWnkbuM8
hknCXomyOJPbwA1nJ3JrJjFzufasL7zAEWChQwu5ucu3itgZgZEByDxBBJxoonZObeM8hhVMbm4O
W5FEcrFeIidyG9h+nMitmQO7oRHlVqzXV+AIsIqohczc5VlFzIXAyKJPEC1vohHO5GaxXguZuWXP
zyERh63I4UxuHsO0kJu7PG446y9wAKwiaiQxd7lVEXNVBn9P8sJChyzO5OZJohYSM0udn0PyNs5C
hxzO5OYxTAuZud2/4WymwBHgzqWF3NzlUUXsLoGRAbDQIY0zmQ0cx6SRu40nCh3CyF3fModfcn1b
jjectZCY2+UbzmYLHAEWOrSQmbu8Z/ntjLC4IYkniIATTdTOqd2ax7CCic0teNiKwNiii/USOZGb
12FayM3tXqGjOAWOgIEqokPLWhuJmcuhu1Q+JG/jUk8QLW+iEc7k5kmiFjJzc34OaThsRQ5ncvMY
poXc3O7ccC5ugQMwslU4sJy1c2T70s7FKqIOctc3Cx2SOJObw1a0kJmbxzBJjA5bsXiBWt48Y5zJ
zRvOWsjM7cYN5+IXOAKsImohN7c7VUSdBEYGILvQIZEzuTVuQw5sjkbIzc35OSQxWuiwGNe3xXjD
WRuJuW2/4Vy6AkeAhQ4tZObm/BzS8ARRDqdy8xhWMLG5BQ9bERhbZG8OwPrmGeNEbl6HaSE3t53X
YaUvcATYXUoLiZld6S6lm+RtXGpvDsubaIQzuXmSqIXM3HbfCTNJYGQOWxHGmdw8hmkhM7d9N5zt
KXAA7C6liUXbV1HZ3l3KFLnrm4UOSZzJbeAkUSKJuXkMk4WFDlmcyc0bzlpIzGzTDWe7ChwBVhG1
kJvbripisQiMDEB2oUMiZ3Jr3IYc2ByNkJubw1YkMVrosJjk9W093nDWQu42XvpivZ0FjgALHVrI
zG1PFbHYBEYGwBNESZzKzWNYwWTmlv1YWYGxRfbmAKxvnhEOrJY4XodpITd36W44e04scFYRtZCY
24YqYinI/WMqtzeH5U00wpncPEnUQmZumccwQGRkDlsRxpncPIZpITN3aebn8FDc98sfdy4t5OaW
eZIod32z0CGJM5kNHMckkpibxzBZWOiQxZncBm44O5FbM4mZi92zPhyi4sxGxkKHFnJzc34OSSSe
IALWN88IB1ZLEo9hBZObm8NWJDFa6LCY5PVtPQMrx4ncmsndxotTrG83B4czC5xVRC1k5ub8HJLw
BFEWZ3KzWK+FzNyy5+eQiMV6ORxYLXE8hmkhN7fZG84dTjLqxAJnFVEbibnZ5VcWDluRxZncPEnU
QmJmqfNzSN7GJRY6LG+eMc7k5jFMC5m5U+bn0KzLp6g4sbC5c2khNzeHrUjCQocszmQ2cByTRu42
zkKHJOyVKIszuXnDWQuZufUfw3J6TKxTOxcLHQWTmbs0s/zaQGBkADJPEAEnmqidU9s4j2EFk5tb
7rAVgbFFF+slciI3r8O0kJtbX6EjpwJH8o0dWeAGqohO5NZMYmbOzyGL5BNEy5tohDO5eZKohczc
nJ9DGg5bkcOZ3DyGaSE3d+E3nLtV4Ei+sQMMbBVO5NZM9s4lr9Ahd32z0CGJM7l5kqiFxMycn0MW
o8NWLF6gljfPGGdy84azFjJzF3bDOa8CB+DQwuYJohZyc3PYiiSSCx0SOZPbwHFMGgd2QyPCYr0w
cte3wUKHxbi+LcYbztpIzJ3vDee8CxzJN3ZkgbPQoYXM3LLn55CIJ4hyOJWbx7CCic0teNiKwNgs
1gvjRG5eh2khN3f3rsMKLnAk39iRBc7uUlpIzCx1fg7J27jUE0TLm2iEM7l5kqiFzNwyh60AIiMD
4LAVSZzJzWOYFjJz537DWVuBI+DEwmZ3KS1k7lz5d5dyndz1zUKHJM7k5rAVLSTm5jFMFqPDVixe
oJY3zxhncvOGsxYyc3d9w1l7gQNwaGGziqiF3Nxyh60IiwxAdqFDImdya9yGHNgcjZCbm/NzSGK0
0GExyevberzhrI3E3J0V640UOJJv7MgCZ6FDC5m5OT+HNDxBlMOp3DyGFUxsbs7PIYrE3hyA9c0z
woHVEsfrMC3k5m5/HWa0wJF8Y0cWOKuIWsjMzfk5JJHcm8PyJhrhTG6eJGohM7fMYSuAyMgctiKM
M7l5DNNCZu70G85FKXAEnFjY3Lm0kJtb5kmi3PXNQockzuQ2cByTSGJuHsNkYaFDFmdyG7jh7ERu
zSRmDgodRS1wAA5tZCx0aCE3t9xhK8IiA5B5gghY3zxjnMmtcRtyYHM0Qm5uDluRxGihw2KS17f1
DKwcJ3JrJnUbV5CZm4iIiIiIiIjKSNF7cBARERERERER6cYCBxERERERERE5jwUOIiIiIiIiInIe
CxxERERERERE5DwWOIiIiIiIiIjIeSxwEBEREREREZHzWOAgIiIiIiIiIuexwEFEREREREREzmOB
g4iIiIiIiIicxwIHERERERERETmPBQ4iIiIiIiIich4LHERERERERETkPBY4iIiIiIiIiMh5LHAQ
ERERERERkfNY4CAiIiIiIiIi57HAQURERERERETOY4GDiIiIiIiIiJzHAgcREREREREROY8FDiIi
IiIiIiJyHgscREREREREROQ8FjiIiIiIiIiIyHkscBARERERERGR81jgICIiIiIiIiLnscBBRERE
RERERM5jgYOIiIiIiIiInMcCBxERERERERE5L1rqBhARkd3Gjx+P448/HoMGDSp1U4hIoM2bN2Ph
woVYtWpVqZtCRESWY4GDiIg6dPvtt+Pyyy8vdTOIiHD//ffj2muvLXUziIjIYgqAX+pGEBGRfR54
4AFMnTq11M0gIgrNnj0bl112WambQUREluIcHERE1M7ll1/O4gYRWWfq1KnsVUZERB1igYOIiNq5
4IILSt0EIqKs+PeJiIg6wiEqRETUzvr161FZWVnqZhARtdPc3IwRI0aUuhlERGQh9uAgIiIiIiIi
IuexwEFERO0sXbq01E0gIsqKf5+IiKgjLHAQEVE7jz76aKmbQESUFf8+ERFRRzgHBxERZcXHxBKR
bfiYWCIi6gx7cBARUVaXXXYZ7r///lI3g4gIAHD//fezuEFERJ1iDw4iIurU+PHjcfzxx2PQoEGl
bgoRCbR582YsXLgQq1atKnVTiIjIcixwEBEREREREZHzOESFiIiIiIiIiJzHAgcREREREREROY8F
DiIiIiIiIiJyHgscREREREREROQ8FjiIiIiIiIiIyHkscBARERERERGR81jgICIiIiIiIiLnscBB
RERERERERM5jgYOIiIiIiIiInMcCBxERERERERE5jwUOIiIiIiIiInIeCxxERERERERE5DwWOIiI
iIiIiIjIeSxwEBEREREREZHzWOAgIiIiIiIiIuexwEFEREREREREzmOBg4iIiIiIiIicxwIHERER
ERERETmPBQ4iIiIiIiIich4LHERERERERETkPBY4iIiIiIiIiMh5LHAQERERERERkfNY4CAiIiIi
IiIi57HAQURERERERETOY4GDiIiIiIiIiJzHAgcREREREREROe//A+u7b7gXmARYAAAAAElFTkSu
QmCC
" width="800px"&gt;</msg>
<status status="PASS" starttime="20221119 17:03:50.304" endtime="20221119 17:03:50.598"/>
</kw>
<kw name="Close Application" library="AppiumLibrary">
<doc>Closes the current application and also close webdriver session.</doc>
<status status="PASS" starttime="20221119 17:03:50.598" endtime="20221119 17:03:50.889"/>
</kw>
<status status="PASS" starttime="20221119 17:03:50.302" endtime="20221119 17:03:50.890"/>
</kw>
<status status="PASS" starttime="20221119 17:03:28.122" endtime="20221119 17:03:50.890"/>
</test>
<doc>Login</doc>
<status status="PASS" starttime="20221119 17:03:03.183" endtime="20221119 17:03:50.891"/>
</suite>
<status status="PASS" starttime="20221119 17:01:41.265" endtime="20221119 17:03:50.893"/>
</suite>
<statistics>
<total>
<stat pass="6" fail="0" skip="0">All Tests</stat>
</total>
<tag>
<stat pass="1" fail="0" skip="0">long</stat>
</tag>
<suite>
<stat pass="6" fail="0" skip="0" id="s1" name="Tests">Tests</stat>
<stat pass="2" fail="0" skip="0" id="s1-s1" name="Buttons">Tests.Buttons</stat>
<stat pass="1" fail="0" skip="0" id="s1-s2" name="Check">Tests.Check</stat>
<stat pass="1" fail="0" skip="0" id="s1-s3" name="Hello">Tests.Hello</stat>
<stat pass="2" fail="0" skip="0" id="s1-s4" name="Login">Tests.Login</stat>
</suite>
</statistics>
<errors>
<msg timestamp="20221119 17:02:20.527" level="WARN">Keyword 'AppiumLibrary.Long Press' is deprecated. Since selenium v4, use other keywords.</msg>
<msg timestamp="20221119 17:02:22.201" level="WARN">Keyword 'AppiumLibrary.Long Press' is deprecated. Since selenium v4, use other keywords.</msg>
</errors>
</robot>
